This file contains any messages produced by compilers while
running configure, to aid debugging if configure makes a mistake.

It was created by configure, which was
generated by GNU Autoconf 2.64.  Invocation command line was

  $ ./configure --prefix=/mnt/kai/code/gdb-7.5-v1/build --host=arm-linux CC=arm-linux-gnueabihf-gcc CXX=arm-linux-gnueabihf-g++ LD=arm-linux-gnueabihf-ld AR=arm-linux-gnueabihf-ar CFLAGS=-O2 -Wno-error -Wno-format-overflow -Wno-format-truncation

## --------- ##
## Platform. ##
## --------- ##

hostname = 994a0913a80d
uname -m = x86_64
uname -r = 6.6.16-linuxkit
uname -s = Linux
uname -v = #1 SMP PREEMPT_DYNAMIC Fri Feb 16 11:55:08 UTC 2024

/usr/bin/uname -p = unknown
/bin/uname -X     = unknown

/bin/arch              = unknown
/usr/bin/arch -k       = unknown
/usr/convex/getsysinfo = unknown
/usr/bin/hostinfo      = unknown
/bin/machine           = unknown
/usr/bin/oslevel       = unknown
/bin/universe          = unknown

PATH: /usr/local/sbin
PATH: /usr/local/bin
PATH: /usr/sbin
PATH: /usr/bin
PATH: /sbin
PATH: /bin
PATH: /mnt/kai/code/toolchain/gcc-linaro-7.5.0-2019.12-x86_64_arm-linux-gnueabihf/bin


## ----------- ##
## Core tests. ##
## ----------- ##

configure:2237: checking build system type
configure:2251: result: x86_64-unknown-linux-gnu
configure:2298: checking host system type
configure:2311: result: arm-unknown-linux-gnu
configure:2331: checking target system type
configure:2344: result: arm-unknown-linux-gnu
configure:2398: checking for a BSD-compatible install
configure:2466: result: /usr/bin/install -c
configure:2477: checking whether ln works
configure:2499: result: yes
configure:2503: checking whether ln -s works
configure:2507: result: yes
configure:2514: checking for a sed that does not truncate output
configure:2578: result: /bin/sed
configure:2587: checking for gawk
configure:2617: result: no
configure:2587: checking for mawk
configure:2603: found /usr/bin/mawk
configure:2614: result: mawk
configure:3727: checking for arm-linux-gcc
configure:3754: result: arm-linux-gnueabihf-gcc
configure:4023: checking for C compiler version
configure:4032: arm-linux-gnueabihf-gcc --version >&5
arm-linux-gnueabihf-gcc (Linaro GCC 7.5-2019.12) 7.5.0
Copyright (C) 2017 Free Software Foundation, Inc.
This is free software; see the source for copying conditions.  There is NO
warranty; not even for MERCHANTABILITY or FITNESS FOR A PARTICULAR PURPOSE.

configure:4043: $? = 0
configure:4032: arm-linux-gnueabihf-gcc -v >&5
Using built-in specs.
COLLECT_GCC=arm-linux-gnueabihf-gcc
COLLECT_LTO_WRAPPER=/mnt/kai/code/toolchain/gcc-linaro-7.5.0-2019.12-x86_64_arm-linux-gnueabihf/bin/../libexec/gcc/arm-linux-gnueabihf/7.5.0/lto-wrapper
Target: arm-linux-gnueabihf
Configured with: '/home/tcwg-buildslave/workspace/tcwg-make-release_1/snapshots/gcc.git~linaro-7.5-2019.12/configure' SHELL=/bin/bash --with-mpc=/home/tcwg-buildslave/workspace/tcwg-make-release_1/_build/builds/destdir/x86_64-unknown-linux-gnu --with-mpfr=/home/tcwg-buildslave/workspace/tcwg-make-release_1/_build/builds/destdir/x86_64-unknown-linux-gnu --with-gmp=/home/tcwg-buildslave/workspace/tcwg-make-release_1/_build/builds/destdir/x86_64-unknown-linux-gnu --with-gnu-as --with-gnu-ld --disable-libmudflap --enable-lto --enable-shared --without-included-gettext --enable-nls --with-system-zlib --disable-sjlj-exceptions --enable-gnu-unique-object --enable-linker-build-id --disable-libstdcxx-pch --enable-c99 --enable-clocale=gnu --enable-libstdcxx-debug --enable-long-long --with-cloog=no --with-ppl=no --with-isl=no --disable-multilib --with-float=hard --with-fpu=vfpv3-d16 --with-mode=thumb --with-tune=cortex-a9 --with-arch=armv7-a --enable-threads=posix --enable-multiarch --enable-libstdcxx-time=yes --enable-gnu-indirect-function --with-build-sysroot=/home/tcwg-buildslave/workspace/tcwg-make-release_1/_build/sysroots/arm-linux-gnueabihf --with-sysroot=/home/tcwg-buildslave/workspace/tcwg-make-release_1/_build/builds/destdir/x86_64-unknown-linux-gnu/arm-linux-gnueabihf/libc --enable-checking=release --disable-bootstrap --enable-languages=c,c++,fortran,lto --build=x86_64-unknown-linux-gnu --host=x86_64-unknown-linux-gnu --target=arm-linux-gnueabihf --prefix=/home/tcwg-buildslave/workspace/tcwg-make-release_1/_build/builds/destdir/x86_64-unknown-linux-gnu
Thread model: posix
gcc version 7.5.0 (Linaro GCC 7.5-2019.12) 
configure:4043: $? = 0
configure:4032: arm-linux-gnueabihf-gcc -V >&5
arm-linux-gnueabihf-gcc: error: unrecognized command line option '-V'
arm-linux-gnueabihf-gcc: fatal error: no input files
compilation terminated.
configure:4043: $? = 1
configure:4032: arm-linux-gnueabihf-gcc -qversion >&5
arm-linux-gnueabihf-gcc: error: unrecognized command line option '-qversion'; did you mean '--version'?
arm-linux-gnueabihf-gcc: fatal error: no input files
compilation terminated.
configure:4043: $? = 1
configure:4063: checking for C compiler default output file name
configure:4085: arm-linux-gnueabihf-gcc -O2 -Wno-error -Wno-format-overflow -Wno-format-truncation  -L/mnt/kai/code/termcap-1.3.1 conftest.c  >&5
configure:4089: $? = 0
configure:4126: result: a.out
configure:4142: checking whether the C compiler works
configure:4151: ./a.out
qemu-arm: Could not open '/lib/ld-linux-armhf.so.3': No such file or directory
configure:4155: $? = 255
configure:4170: result: yes
configure:4177: checking whether we are cross compiling
configure:4179: result: yes
configure:4182: checking for suffix of executables
configure:4189: arm-linux-gnueabihf-gcc -o conftest -O2 -Wno-error -Wno-format-overflow -Wno-format-truncation  -L/mnt/kai/code/termcap-1.3.1 conftest.c  >&5
configure:4193: $? = 0
configure:4215: result: 
configure:4221: checking for suffix of object files
configure:4243: arm-linux-gnueabihf-gcc -c -O2 -Wno-error -Wno-format-overflow -Wno-format-truncation  conftest.c >&5
configure:4247: $? = 0
configure:4268: result: o
configure:4272: checking whether we are using the GNU C compiler
configure:4291: arm-linux-gnueabihf-gcc -c -O2 -Wno-error -Wno-format-overflow -Wno-format-truncation  conftest.c >&5
configure:4291: $? = 0
configure:4300: result: yes
configure:4309: checking whether arm-linux-gnueabihf-gcc accepts -g
configure:4329: arm-linux-gnueabihf-gcc -c -g  conftest.c >&5
configure:4329: $? = 0
configure:4370: result: yes
configure:4387: checking for arm-linux-gnueabihf-gcc option to accept ISO C89
configure:4451: arm-linux-gnueabihf-gcc  -c -O2 -Wno-error -Wno-format-overflow -Wno-format-truncation  conftest.c >&5
configure:4451: $? = 0
configure:4464: result: none needed
configure:4596: checking for C++ compiler version
configure:4605: arm-linux-gnueabihf-g++ --version >&5
arm-linux-gnueabihf-g++ (Linaro GCC 7.5-2019.12) 7.5.0
Copyright (C) 2017 Free Software Foundation, Inc.
This is free software; see the source for copying conditions.  There is NO
warranty; not even for MERCHANTABILITY or FITNESS FOR A PARTICULAR PURPOSE.

configure:4616: $? = 0
configure:4605: arm-linux-gnueabihf-g++ -v >&5
Using built-in specs.
COLLECT_GCC=arm-linux-gnueabihf-g++
COLLECT_LTO_WRAPPER=/mnt/kai/code/toolchain/gcc-linaro-7.5.0-2019.12-x86_64_arm-linux-gnueabihf/bin/../libexec/gcc/arm-linux-gnueabihf/7.5.0/lto-wrapper
Target: arm-linux-gnueabihf
Configured with: '/home/tcwg-buildslave/workspace/tcwg-make-release_1/snapshots/gcc.git~linaro-7.5-2019.12/configure' SHELL=/bin/bash --with-mpc=/home/tcwg-buildslave/workspace/tcwg-make-release_1/_build/builds/destdir/x86_64-unknown-linux-gnu --with-mpfr=/home/tcwg-buildslave/workspace/tcwg-make-release_1/_build/builds/destdir/x86_64-unknown-linux-gnu --with-gmp=/home/tcwg-buildslave/workspace/tcwg-make-release_1/_build/builds/destdir/x86_64-unknown-linux-gnu --with-gnu-as --with-gnu-ld --disable-libmudflap --enable-lto --enable-shared --without-included-gettext --enable-nls --with-system-zlib --disable-sjlj-exceptions --enable-gnu-unique-object --enable-linker-build-id --disable-libstdcxx-pch --enable-c99 --enable-clocale=gnu --enable-libstdcxx-debug --enable-long-long --with-cloog=no --with-ppl=no --with-isl=no --disable-multilib --with-float=hard --with-fpu=vfpv3-d16 --with-mode=thumb --with-tune=cortex-a9 --with-arch=armv7-a --enable-threads=posix --enable-multiarch --enable-libstdcxx-time=yes --enable-gnu-indirect-function --with-build-sysroot=/home/tcwg-buildslave/workspace/tcwg-make-release_1/_build/sysroots/arm-linux-gnueabihf --with-sysroot=/home/tcwg-buildslave/workspace/tcwg-make-release_1/_build/builds/destdir/x86_64-unknown-linux-gnu/arm-linux-gnueabihf/libc --enable-checking=release --disable-bootstrap --enable-languages=c,c++,fortran,lto --build=x86_64-unknown-linux-gnu --host=x86_64-unknown-linux-gnu --target=arm-linux-gnueabihf --prefix=/home/tcwg-buildslave/workspace/tcwg-make-release_1/_build/builds/destdir/x86_64-unknown-linux-gnu
Thread model: posix
gcc version 7.5.0 (Linaro GCC 7.5-2019.12) 
configure:4616: $? = 0
configure:4605: arm-linux-gnueabihf-g++ -V >&5
arm-linux-gnueabihf-g++: error: unrecognized command line option '-V'
arm-linux-gnueabihf-g++: fatal error: no input files
compilation terminated.
configure:4616: $? = 1
configure:4605: arm-linux-gnueabihf-g++ -qversion >&5
arm-linux-gnueabihf-g++: error: unrecognized command line option '-qversion'; did you mean '--version'?
arm-linux-gnueabihf-g++: fatal error: no input files
compilation terminated.
configure:4616: $? = 1
configure:4620: checking whether we are using the GNU C++ compiler
configure:4639: arm-linux-gnueabihf-g++ -c   conftest.cpp >&5
configure:4639: $? = 0
configure:4648: result: yes
configure:4657: checking whether arm-linux-gnueabihf-g++ accepts -g
configure:4677: arm-linux-gnueabihf-g++ -c -g  conftest.cpp >&5
configure:4677: $? = 0
configure:4718: result: yes
configure:4767: checking for arm-linux-gnatbind
configure:4797: result: no
configure:4807: checking for gnatbind
configure:4837: result: no
configure:4859: checking for arm-linux-gnatmake
configure:4889: result: no
configure:4899: checking for gnatmake
configure:4929: result: no
configure:4948: checking whether compiler driver understands Ada
configure:4971: result: no
configure:4980: checking how to compare bootstrapped objects
configure:5005: result: cmp --ignore-initial=16 $$f1 $$f2
configure:5077: checking for objdir
configure:5092: result: .libs
configure:5641: checking for PWL_handle_timeout in -lpwl
configure:5666: arm-linux-gnueabihf-gcc -o conftest -O2 -Wno-error -Wno-format-overflow -Wno-format-truncation  -L/mnt/kai/code/termcap-1.3.1 conftest.c -lpwl    -lstdc++ -lm >&5
/mnt/kai/code/toolchain/gcc-linaro-7.5.0-2019.12-x86_64_arm-linux-gnueabihf/bin/../lib/gcc/arm-linux-gnueabihf/7.5.0/../../../../arm-linux-gnueabihf/bin/ld: cannot find -lpwl
collect2: error: ld returned 1 exit status
configure:5666: $? = 1
configure: failed program was:
| /* confdefs.h */
| #define PACKAGE_NAME ""
| #define PACKAGE_TARNAME ""
| #define PACKAGE_VERSION ""
| #define PACKAGE_STRING ""
| #define PACKAGE_BUGREPORT ""
| #define PACKAGE_URL ""
| #define LT_OBJDIR ".libs/"
| /* end confdefs.h.  */
| 
| /* Override any GCC internal prototype to avoid an error.
|    Use char because int might match the return type of a GCC
|    builtin and then its argument prototype would still apply.  */
| #ifdef __cplusplus
| extern "C"
| #endif
| char PWL_handle_timeout ();
| int
| main ()
| {
| return PWL_handle_timeout ();
|   ;
|   return 0;
| }
configure:5675: result: no
configure:5689: checking for version 0.11 (revision 0 or later) of PPL
configure:5706: arm-linux-gnueabihf-gcc -c -O2 -Wno-error -Wno-format-overflow -Wno-format-truncation    conftest.c >&5
conftest.c:10:10: fatal error: ppl_c.h: No such file or directory
 #include "ppl_c.h"
          ^~~~~~~~~
compilation terminated.
configure:5706: $? = 1
configure: failed program was:
| /* confdefs.h */
| #define PACKAGE_NAME ""
| #define PACKAGE_TARNAME ""
| #define PACKAGE_VERSION ""
| #define PACKAGE_STRING ""
| #define PACKAGE_BUGREPORT ""
| #define PACKAGE_URL ""
| #define LT_OBJDIR ".libs/"
| /* end confdefs.h.  */
| #include "ppl_c.h"
| int
| main ()
| {
| 
|     #if PPL_VERSION_MAJOR != 0 || PPL_VERSION_MINOR < 11
|     choke me
|     #endif
| 
|   ;
|   return 0;
| }
configure:5710: result: no
configure:7008: checking for default BUILD_CONFIG
configure:7040: result: 
configure:7529: checking for bison
configure:7559: result: no
configure:7529: checking for byacc
configure:7559: result: no
configure:7529: checking for yacc
configure:7559: result: no
configure:7576: checking for bison
configure:7606: result: no
configure:7623: checking for gm4
configure:7653: result: no
configure:7623: checking for gnum4
configure:7653: result: no
configure:7623: checking for m4
configure:7653: result: no
configure:7670: checking for flex
configure:7700: result: no
configure:7670: checking for lex
configure:7700: result: no
configure:7718: checking for flex
configure:7748: result: no
configure:7765: checking for makeinfo
configure:7795: result: no
configure:7826: checking for expect
configure:7856: result: no
configure:7875: checking for runtest
configure:7905: result: no
configure:7939: checking for ar
configure:7966: result: arm-linux-gnueabihf-ar
configure:7981: checking for arm-linux-ar
configure:8008: result: arm-linux-gnueabihf-ar
configure:8122: checking for arm-linux-as
configure:8152: result: no
configure:8263: checking for arm-linux-dlltool
configure:8293: result: no
configure:8362: checking for ld
configure:8389: result: arm-linux-gnueabihf-ld
configure:8404: checking for arm-linux-ld
configure:8431: result: arm-linux-gnueabihf-ld
configure:8545: checking for arm-linux-lipo
configure:8575: result: no
configure:8686: checking for arm-linux-nm
configure:8716: result: no
configure:8827: checking for arm-linux-ranlib
configure:8857: result: no
configure:8963: checking for arm-linux-strip
configure:8993: result: no
configure:9099: checking for arm-linux-windres
configure:9129: result: no
configure:9240: checking for arm-linux-windmc
configure:9270: result: no
configure:9381: checking for arm-linux-objcopy
configure:9411: result: no
configure:9522: checking for arm-linux-objdump
configure:9552: result: no
configure:9663: checking for arm-linux-readelf
configure:9693: result: no
configure:13511: checking where to find the target ar
configure:13521: result: pre-installed
configure:13553: checking where to find the target as
configure:13563: result: pre-installed
configure:13595: checking where to find the target cc
configure:13605: result: pre-installed
configure:13637: checking where to find the target c++
configure:13647: result: pre-installed
configure:13682: checking where to find the target c++ for libstdc++
configure:13692: result: pre-installed
configure:13727: checking where to find the target dlltool
configure:13737: result: pre-installed
configure:13769: checking where to find the target gcc
configure:13779: result: pre-installed
configure:13811: checking where to find the target gcj
configure:13821: result: pre-installed
configure:13856: checking where to find the target gfortran
configure:13866: result: pre-installed
configure:13901: checking where to find the target gccgo
configure:13911: result: pre-installed
configure:13946: checking where to find the target ld
configure:13956: result: pre-installed
configure:13988: checking where to find the target lipo
configure:13998: result: pre-installed
configure:14019: checking where to find the target nm
configure:14029: result: pre-installed
configure:14061: checking where to find the target objdump
configure:14071: result: pre-installed
configure:14103: checking where to find the target ranlib
configure:14113: result: pre-installed
configure:14145: checking where to find the target readelf
configure:14155: result: pre-installed
configure:14187: checking where to find the target strip
configure:14197: result: pre-installed
configure:14229: checking where to find the target windres
configure:14239: result: pre-installed
configure:14271: checking where to find the target windmc
configure:14281: result: pre-installed
configure:14341: checking whether to enable maintainer-specific portions of Makefiles
configure:14350: result: no
configure:14383: checking whether -fkeep-inline-functions is supported
configure:14402: arm-linux-gnueabihf-gcc -c -O2 -Wno-error -Wno-format-overflow -Wno-format-truncation -fkeep-inline-functions  conftest.c >&5
configure:14402: $? = 0
configure:14403: result: yes
configure:14609: creating ./config.status

## ---------------------- ##
## Running config.status. ##
## ---------------------- ##

This file was extended by config.status, which was
generated by GNU Autoconf 2.64.  Invocation command line was

  CONFIG_FILES    = 
  CONFIG_HEADERS  = 
  CONFIG_LINKS    = 
  CONFIG_COMMANDS = 
  $ ./config.status 

on 994a0913a80d

config.status:933: creating Makefile

## ---------------- ##
## Cache variables. ##
## ---------------- ##

ac_cv_build=x86_64-unknown-linux-gnu
ac_cv_c_compiler_gnu=yes
ac_cv_cxx_compiler_gnu=yes
ac_cv_env_AR_FOR_TARGET_set=
ac_cv_env_AR_FOR_TARGET_value=
ac_cv_env_AR_set=set
ac_cv_env_AR_value=arm-linux-gnueabihf-ar
ac_cv_env_AS_FOR_TARGET_set=
ac_cv_env_AS_FOR_TARGET_value=
ac_cv_env_AS_set=
ac_cv_env_AS_value=
ac_cv_env_CCC_set=
ac_cv_env_CCC_value=
ac_cv_env_CC_FOR_TARGET_set=
ac_cv_env_CC_FOR_TARGET_value=
ac_cv_env_CC_set=set
ac_cv_env_CC_value=arm-linux-gnueabihf-gcc
ac_cv_env_CFLAGS_set=set
ac_cv_env_CFLAGS_value='-O2 -Wno-error -Wno-format-overflow -Wno-format-truncation'
ac_cv_env_CPPFLAGS_set=
ac_cv_env_CPPFLAGS_value=
ac_cv_env_CXXFLAGS_set=
ac_cv_env_CXXFLAGS_value=
ac_cv_env_CXX_FOR_TARGET_set=
ac_cv_env_CXX_FOR_TARGET_value=
ac_cv_env_CXX_set=set
ac_cv_env_CXX_value=arm-linux-gnueabihf-g++
ac_cv_env_DLLTOOL_FOR_TARGET_set=
ac_cv_env_DLLTOOL_FOR_TARGET_value=
ac_cv_env_DLLTOOL_set=
ac_cv_env_DLLTOOL_value=
ac_cv_env_GCC_FOR_TARGET_set=
ac_cv_env_GCC_FOR_TARGET_value=
ac_cv_env_GCJ_FOR_TARGET_set=
ac_cv_env_GCJ_FOR_TARGET_value=
ac_cv_env_GFORTRAN_FOR_TARGET_set=
ac_cv_env_GFORTRAN_FOR_TARGET_value=
ac_cv_env_GOC_FOR_TARGET_set=
ac_cv_env_GOC_FOR_TARGET_value=
ac_cv_env_LDFLAGS_set=set
ac_cv_env_LDFLAGS_value=-L/mnt/kai/code/termcap-1.3.1
ac_cv_env_LD_FOR_TARGET_set=
ac_cv_env_LD_FOR_TARGET_value=
ac_cv_env_LD_set=set
ac_cv_env_LD_value=arm-linux-gnueabihf-ld
ac_cv_env_LIBS_set=
ac_cv_env_LIBS_value=
ac_cv_env_LIPO_FOR_TARGET_set=
ac_cv_env_LIPO_FOR_TARGET_value=
ac_cv_env_LIPO_set=
ac_cv_env_LIPO_value=
ac_cv_env_NM_FOR_TARGET_set=
ac_cv_env_NM_FOR_TARGET_value=
ac_cv_env_NM_set=
ac_cv_env_NM_value=
ac_cv_env_OBJCOPY_set=
ac_cv_env_OBJCOPY_value=
ac_cv_env_OBJDUMP_FOR_TARGET_set=
ac_cv_env_OBJDUMP_FOR_TARGET_value=
ac_cv_env_OBJDUMP_set=
ac_cv_env_OBJDUMP_value=
ac_cv_env_RANLIB_FOR_TARGET_set=
ac_cv_env_RANLIB_FOR_TARGET_value=
ac_cv_env_RANLIB_set=
ac_cv_env_RANLIB_value=
ac_cv_env_READELF_FOR_TARGET_set=
ac_cv_env_READELF_FOR_TARGET_value=
ac_cv_env_READELF_set=
ac_cv_env_READELF_value=
ac_cv_env_STRIP_FOR_TARGET_set=
ac_cv_env_STRIP_FOR_TARGET_value=
ac_cv_env_STRIP_set=
ac_cv_env_STRIP_value=
ac_cv_env_WINDMC_FOR_TARGET_set=
ac_cv_env_WINDMC_FOR_TARGET_value=
ac_cv_env_WINDMC_set=
ac_cv_env_WINDMC_value=
ac_cv_env_WINDRES_FOR_TARGET_set=
ac_cv_env_WINDRES_FOR_TARGET_value=
ac_cv_env_WINDRES_set=
ac_cv_env_WINDRES_value=
ac_cv_env_build_alias_set=
ac_cv_env_build_alias_value=
ac_cv_env_build_configargs_set=
ac_cv_env_build_configargs_value=
ac_cv_env_host_alias_set=set
ac_cv_env_host_alias_value=arm-linux
ac_cv_env_host_configargs_set=
ac_cv_env_host_configargs_value=
ac_cv_env_target_alias_set=
ac_cv_env_target_alias_value=
ac_cv_env_target_configargs_set=
ac_cv_env_target_configargs_value=
ac_cv_host=arm-unknown-linux-gnu
ac_cv_lib_pwl_PWL_handle_timeout=no
ac_cv_objext=o
ac_cv_path_SED=/bin/sed
ac_cv_path_install='/usr/bin/install -c'
ac_cv_prog_AR=arm-linux-gnueabihf-ar
ac_cv_prog_AWK=mawk
ac_cv_prog_CC=arm-linux-gnueabihf-gcc
ac_cv_prog_LD=arm-linux-gnueabihf-ld
ac_cv_prog_cc_c89=
ac_cv_prog_cc_g=yes
ac_cv_prog_cxx_g=yes
ac_cv_target=arm-unknown-linux-gnu
acx_cv_cc_gcc_supports_ada=no
acx_cv_prog_LN=ln
gcc_cv_prog_cmp_skip='cmp --ignore-initial=16 $$f1 $$f2'
gcc_cv_tool_dirs=
gcc_cv_tool_prefix=/mnt/kai/code/gdb-7.5-v1/build
lt_cv_objdir=.libs

## ----------------- ##
## Output variables. ##
## ----------------- ##

AR='arm-linux-gnueabihf-ar'
AR_FOR_BUILD='ar'
AR_FOR_TARGET='ar'
AS='arm-linux-as'
AS_FOR_BUILD='as'
AS_FOR_TARGET='as'
AWK='mawk'
BISON='/mnt/kai/code/gdb-7.5-v1/missing bison'
BUILD_CONFIG=''
CC='arm-linux-gnueabihf-gcc'
CC_FOR_BUILD='gcc'
CC_FOR_TARGET='cc'
CFLAGS='-O2 -Wno-error -Wno-format-overflow -Wno-format-truncation'
CFLAGS_FOR_BUILD=''
CFLAGS_FOR_TARGET='-g -O2 -Wno-error -Wno-format-overflow -Wno-format-truncation'
COMPILER_AS_FOR_TARGET='$(AS_FOR_TARGET)'
COMPILER_LD_FOR_TARGET='$(LD_FOR_TARGET)'
COMPILER_NM_FOR_TARGET='$(NM_FOR_TARGET)'
CONFIGURE_GDB_TK=''
CPPFLAGS=''
CXX='arm-linux-gnueabihf-g++'
CXXFLAGS='-g -O2'
CXXFLAGS_FOR_BUILD=''
CXXFLAGS_FOR_TARGET='-g -O2'
CXX_FOR_BUILD='g++'
CXX_FOR_TARGET='c++'
DEBUG_PREFIX_CFLAGS_FOR_TARGET=''
DEFS='-DPACKAGE_NAME=\"\" -DPACKAGE_TARNAME=\"\" -DPACKAGE_VERSION=\"\" -DPACKAGE_STRING=\"\" -DPACKAGE_BUGREPORT=\"\" -DPACKAGE_URL=\"\" -DLT_OBJDIR=\".libs/\"'
DLLTOOL='arm-linux-dlltool'
DLLTOOL_FOR_BUILD='dlltool'
DLLTOOL_FOR_TARGET='dlltool'
ECHO_C=''
ECHO_N='-n'
ECHO_T=''
EXEEXT=''
EXPECT='expect'
EXTRA_CONFIGARGS_LIBJAVA='--disable-static'
FLAGS_FOR_TARGET=''
FLEX='/mnt/kai/code/gdb-7.5-v1/missing flex'
GCC_FOR_TARGET='cc'
GCC_SHLIB_SUBDIR=''
GCJ_FOR_BUILD='gcj'
GCJ_FOR_TARGET='gcj'
GDB_TK=''
GFORTRAN_FOR_BUILD='gfortran'
GFORTRAN_FOR_TARGET='gfortran'
GNATBIND='no'
GNATMAKE='no'
GOC_FOR_BUILD='gccgo'
GOC_FOR_TARGET='gccgo'
INSTALL_DATA='${INSTALL} -m 644'
INSTALL_GDB_TK=''
INSTALL_PROGRAM='${INSTALL}'
INSTALL_SCRIPT='${INSTALL}'
LD='arm-linux-gnueabihf-ld'
LDFLAGS='-L/mnt/kai/code/termcap-1.3.1'
LDFLAGS_FOR_BUILD=''
LDFLAGS_FOR_TARGET=''
LD_FOR_BUILD='ld'
LD_FOR_TARGET='ld'
LEX='/mnt/kai/code/gdb-7.5-v1/missing flex'
LIBOBJS=''
LIBS=''
LIPO='arm-linux-lipo'
LIPO_FOR_TARGET='lipo'
LN='ln'
LN_S='ln -s'
LTLIBOBJS=''
M4='/mnt/kai/code/gdb-7.5-v1/missing m4'
MAINT='#'
MAINTAINER_MODE_FALSE=''
MAINTAINER_MODE_TRUE='#'
MAKEINFO='/mnt/kai/code/gdb-7.5-v1/missing makeinfo'
NM='arm-linux-nm'
NM_FOR_BUILD='nm'
NM_FOR_TARGET='nm'
OBJCOPY='arm-linux-objcopy'
OBJDUMP='arm-linux-objdump'
OBJDUMP_FOR_TARGET='objdump'
OBJEXT='o'
PACKAGE_BUGREPORT=''
PACKAGE_NAME=''
PACKAGE_STRING=''
PACKAGE_TARNAME=''
PACKAGE_URL=''
PACKAGE_VERSION=''
PATH_SEPARATOR=':'
POSTSTAGE1_CONFIGURE_FLAGS='--enable-build-with-cxx'
RANLIB='true'
RANLIB_FOR_BUILD='ranlib'
RANLIB_FOR_TARGET='ranlib'
RAW_CXX_FOR_TARGET='c++'
READELF='arm-linux-readelf'
READELF_FOR_TARGET='readelf'
RPATH_ENVVAR='LD_LIBRARY_PATH'
RUNTEST='runtest'
SED='/bin/sed'
SHELL='/bin/bash'
STRIP='true'
STRIP_FOR_TARGET='strip'
SYSROOT_CFLAGS_FOR_TARGET=''
TOPLEVEL_CONFIGURE_ARGUMENTS='./configure --prefix=/mnt/kai/code/gdb-7.5-v1/build --host=arm-linux CC=arm-linux-gnueabihf-gcc CXX=arm-linux-gnueabihf-g++ LD=arm-linux-gnueabihf-ld AR=arm-linux-gnueabihf-ar CFLAGS='\''-O2 -Wno-error -Wno-format-overflow -Wno-format-truncation'\'''
WINDMC='arm-linux-windmc'
WINDMC_FOR_BUILD='windmc'
WINDMC_FOR_TARGET='windmc'
WINDRES='arm-linux-windres'
WINDRES_FOR_BUILD='windres'
WINDRES_FOR_TARGET='windres'
YACC='/mnt/kai/code/gdb-7.5-v1/missing bison -y'
ac_ct_CC=''
ac_ct_CXX=''
bindir='${exec_prefix}/bin'
build='x86_64-unknown-linux-gnu'
build_alias=''
build_configargs=' --cache-file=../config.cache '\''--prefix=/mnt/kai/code/gdb-7.5-v1/build'\'' --program-transform-name='\''s,y,y,'\'' --disable-option-checking'
build_configdirs=' libiberty'
build_cpu='x86_64'
build_libsubdir='build-x86_64-unknown-linux-gnu'
build_noncanonical='x86_64-unknown-linux-gnu'
build_os='linux-gnu'
build_subdir='build-x86_64-unknown-linux-gnu'
build_tooldir='${exec_prefix}/arm-linux'
build_vendor='unknown'
clooginc=''
clooglibs=''
compare_exclusions='gcc/cc*-checksum$(objext) | gcc/ada/*tools/*'
configdirs=' intl libiberty opcodes bfd readline libdecnumber sim gdb'
datadir='${datarootdir}'
datarootdir='${prefix}/share'
do_compare='cmp --ignore-initial=16 $$f1 $$f2'
docdir='${datarootdir}/doc/${PACKAGE}'
dvidir='${docdir}'
exec_prefix='${prefix}'
extra_host_libiberty_configure_flags=''
extra_mpc_gmp_configure_flags=''
extra_mpc_mpfr_configure_flags=''
extra_mpfr_configure_flags=''
gmpinc=''
gmplibs='-lmpc -lmpfr -lgmp'
host='arm-unknown-linux-gnu'
host_alias='arm-linux'
host_configargs=' --cache-file=./config.cache  --with-system-zlib '\''--prefix=/mnt/kai/code/gdb-7.5-v1/build'\'' --program-transform-name='\''s,y,y,'\'' --disable-option-checking'
host_cpu='arm'
host_noncanonical='arm-linux'
host_os='linux-gnu'
host_subdir='.'
host_vendor='unknown'
htmldir='${docdir}'
includedir='${prefix}/include'
infodir='${datarootdir}/info'
libdir='${exec_prefix}/lib'
libexecdir='${exec_prefix}/libexec'
localedir='${datarootdir}/locale'
localstatedir='${prefix}/var'
mandir='${datarootdir}/man'
oldincludedir='/usr/include'
pdfdir='${docdir}'
poststage1_ldflags='-static-libstdc++ -static-libgcc'
poststage1_libs=''
pplinc=''
ppllibs=''
prefix='/mnt/kai/code/gdb-7.5-v1/build'
program_transform_name='s,y,y,'
psdir='${docdir}'
sbindir='${exec_prefix}/sbin'
sharedstatedir='${prefix}/com'
stage1_cflags='-g -fkeep-inline-functions'
stage1_checking='--enable-checking=yes,types'
stage1_languages=',c,'
stage1_ldflags=''
stage1_libs=''
stage2_werror_flag=''
sysconfdir='${prefix}/etc'
target='arm-unknown-linux-gnu'
target_alias=''
target_configargs='--cache-file=./config.cache --enable-multilib   '\''--prefix=/mnt/kai/code/gdb-7.5-v1/build'\'' --program-transform-name='\''s,y,y,'\'' --disable-option-checking'
target_configdirs=''
target_cpu='arm'
target_noncanonical='arm-linux'
target_os='linux-gnu'
target_subdir='arm-linux'
target_vendor='unknown'
tooldir='${exec_prefix}/arm-linux'

## ------------------- ##
## File substitutions. ##
## ------------------- ##

alphaieee_frag='/dev/null'
host_makefile_frag='/dev/null'
ospace_frag='/dev/null'
serialization_dependencies='serdep.tmp'
target_makefile_frag='./config/mt-gnu'

## ----------- ##
## confdefs.h. ##
## ----------- ##

/* confdefs.h */
#define PACKAGE_NAME ""
#define PACKAGE_TARNAME ""
#define PACKAGE_VERSION ""
#define PACKAGE_STRING ""
#define PACKAGE_BUGREPORT ""
#define PACKAGE_URL ""
#define LT_OBJDIR ".libs/"

configure: exit 0
