This file contains any messages produced by compilers while
running configure, to aid debugging if configure makes a mistake.

It was created by readline configure 6.2, which was
generated by GNU Autoconf 2.64.  Invocation command line was

  $ /mnt/kai/code/gdb-7.5-v1/readline/configure --cache-file=./config.cache --with-system-zlib --prefix=/mnt/kai/code/gdb-7.5-v1/build --program-transform-name=s,y,y, --disable-option-checking --build=x86_64-unknown-linux-gnu --host=arm-linux --target=arm-linux --srcdir=.././readline

## --------- ##
## Platform. ##
## --------- ##

hostname = 994a0913a80d
uname -m = x86_64
uname -r = 6.6.16-linuxkit
uname -s = Linux
uname -v = #1 SMP PREEMPT_DYNAMIC Fri Feb 16 11:55:08 UTC 2024

/usr/bin/uname -p = unknown
/bin/uname -X     = unknown

/bin/arch              = unknown
/usr/bin/arch -k       = unknown
/usr/convex/getsysinfo = unknown
/usr/bin/hostinfo      = unknown
/bin/machine           = unknown
/usr/bin/oslevel       = unknown
/bin/universe          = unknown

PATH: /usr/local/sbin
PATH: /usr/local/bin
PATH: /usr/sbin
PATH: /usr/bin
PATH: /sbin
PATH: /bin
PATH: /mnt/kai/code/toolchain/gcc-linaro-7.5.0-2019.12-x86_64_arm-linux-gnueabihf/bin


## ----------- ##
## Core tests. ##
## ----------- ##

configure:2108: creating cache ./config.cache
configure:2220: checking build system type
configure:2234: result: x86_64-unknown-linux-gnu
configure:2254: checking host system type
configure:2267: result: arm-unknown-linux-gnu
configure:2367: checking whether make sets $(MAKE)
configure:2389: result: yes
configure:2406: checking for arm-linux-gcc
configure:2433: result: arm-linux-gnueabihf-gcc
configure:2702: checking for C compiler version
configure:2711: arm-linux-gnueabihf-gcc --version >&5
arm-linux-gnueabihf-gcc (Linaro GCC 7.5-2019.12) 7.5.0
Copyright (C) 2017 Free Software Foundation, Inc.
This is free software; see the source for copying conditions.  There is NO
warranty; not even for MERCHANTABILITY or FITNESS FOR A PARTICULAR PURPOSE.

configure:2722: $? = 0
configure:2711: arm-linux-gnueabihf-gcc -v >&5
Using built-in specs.
COLLECT_GCC=arm-linux-gnueabihf-gcc
COLLECT_LTO_WRAPPER=/mnt/kai/code/toolchain/gcc-linaro-7.5.0-2019.12-x86_64_arm-linux-gnueabihf/bin/../libexec/gcc/arm-linux-gnueabihf/7.5.0/lto-wrapper
Target: arm-linux-gnueabihf
Configured with: '/home/tcwg-buildslave/workspace/tcwg-make-release_1/snapshots/gcc.git~linaro-7.5-2019.12/configure' SHELL=/bin/bash --with-mpc=/home/tcwg-buildslave/workspace/tcwg-make-release_1/_build/builds/destdir/x86_64-unknown-linux-gnu --with-mpfr=/home/tcwg-buildslave/workspace/tcwg-make-release_1/_build/builds/destdir/x86_64-unknown-linux-gnu --with-gmp=/home/tcwg-buildslave/workspace/tcwg-make-release_1/_build/builds/destdir/x86_64-unknown-linux-gnu --with-gnu-as --with-gnu-ld --disable-libmudflap --enable-lto --enable-shared --without-included-gettext --enable-nls --with-system-zlib --disable-sjlj-exceptions --enable-gnu-unique-object --enable-linker-build-id --disable-libstdcxx-pch --enable-c99 --enable-clocale=gnu --enable-libstdcxx-debug --enable-long-long --with-cloog=no --with-ppl=no --with-isl=no --disable-multilib --with-float=hard --with-fpu=vfpv3-d16 --with-mode=thumb --with-tune=cortex-a9 --with-arch=armv7-a --enable-threads=posix --enable-multiarch --enable-libstdcxx-time=yes --enable-gnu-indirect-function --with-build-sysroot=/home/tcwg-buildslave/workspace/tcwg-make-release_1/_build/sysroots/arm-linux-gnueabihf --with-sysroot=/home/tcwg-buildslave/workspace/tcwg-make-release_1/_build/builds/destdir/x86_64-unknown-linux-gnu/arm-linux-gnueabihf/libc --enable-checking=release --disable-bootstrap --enable-languages=c,c++,fortran,lto --build=x86_64-unknown-linux-gnu --host=x86_64-unknown-linux-gnu --target=arm-linux-gnueabihf --prefix=/home/tcwg-buildslave/workspace/tcwg-make-release_1/_build/builds/destdir/x86_64-unknown-linux-gnu
Thread model: posix
gcc version 7.5.0 (Linaro GCC 7.5-2019.12) 
configure:2722: $? = 0
configure:2711: arm-linux-gnueabihf-gcc -V >&5
arm-linux-gnueabihf-gcc: error: unrecognized command line option '-V'
arm-linux-gnueabihf-gcc: fatal error: no input files
compilation terminated.
configure:2722: $? = 1
configure:2711: arm-linux-gnueabihf-gcc -qversion >&5
arm-linux-gnueabihf-gcc: error: unrecognized command line option '-qversion'; did you mean '--version'?
arm-linux-gnueabihf-gcc: fatal error: no input files
compilation terminated.
configure:2722: $? = 1
configure:2742: checking for C compiler default output file name
configure:2764: arm-linux-gnueabihf-gcc -O2 -Wno-error -Wno-format-overflow -Wno-format-truncation   -L/mnt/kai/code/termcap-1.3.1 conftest.c  >&5
configure:2768: $? = 0
configure:2805: result: a.out
configure:2821: checking whether the C compiler works
configure:2849: result: yes
configure:2856: checking whether we are cross compiling
configure:2858: result: yes
configure:2861: checking for suffix of executables
configure:2868: arm-linux-gnueabihf-gcc -o conftest -O2 -Wno-error -Wno-format-overflow -Wno-format-truncation   -L/mnt/kai/code/termcap-1.3.1 conftest.c  >&5
configure:2872: $? = 0
configure:2894: result: 
configure:2900: checking for suffix of object files
configure:2922: arm-linux-gnueabihf-gcc -c -O2 -Wno-error -Wno-format-overflow -Wno-format-truncation  conftest.c >&5
configure:2926: $? = 0
configure:2947: result: o
configure:2951: checking whether we are using the GNU C compiler
configure:2970: arm-linux-gnueabihf-gcc -c -O2 -Wno-error -Wno-format-overflow -Wno-format-truncation  conftest.c >&5
configure:2970: $? = 0
configure:2979: result: yes
configure:2988: checking whether arm-linux-gnueabihf-gcc accepts -g
configure:3008: arm-linux-gnueabihf-gcc -c -g  conftest.c >&5
configure:3008: $? = 0
configure:3049: result: yes
configure:3066: checking for arm-linux-gnueabihf-gcc option to accept ISO C89
configure:3130: arm-linux-gnueabihf-gcc  -c -O2 -Wno-error -Wno-format-overflow -Wno-format-truncation  conftest.c >&5
configure:3130: $? = 0
configure:3143: result: none needed
configure:3169: checking how to run the C preprocessor
configure:3200: arm-linux-gnueabihf-gcc -E  conftest.c
configure:3200: $? = 0
configure:3214: arm-linux-gnueabihf-gcc -E  conftest.c
conftest.c:9:10: fatal error: ac_nonexistent.h: No such file or directory
 #include <ac_nonexistent.h>
          ^~~~~~~~~~~~~~~~~~
compilation terminated.
configure:3214: $? = 1
configure: failed program was:
| /* confdefs.h */
| #define PACKAGE_NAME "readline"
| #define PACKAGE_TARNAME "readline"
| #define PACKAGE_VERSION "6.2"
| #define PACKAGE_STRING "readline 6.2"
| #define PACKAGE_BUGREPORT "bug-readline@gnu.org"
| #define PACKAGE_URL ""
| /* end confdefs.h.  */
| #include <ac_nonexistent.h>
configure:3239: result: arm-linux-gnueabihf-gcc -E
configure:3259: arm-linux-gnueabihf-gcc -E  conftest.c
configure:3259: $? = 0
configure:3273: arm-linux-gnueabihf-gcc -E  conftest.c
conftest.c:9:10: fatal error: ac_nonexistent.h: No such file or directory
 #include <ac_nonexistent.h>
          ^~~~~~~~~~~~~~~~~~
compilation terminated.
configure:3273: $? = 1
configure: failed program was:
| /* confdefs.h */
| #define PACKAGE_NAME "readline"
| #define PACKAGE_TARNAME "readline"
| #define PACKAGE_VERSION "6.2"
| #define PACKAGE_STRING "readline 6.2"
| #define PACKAGE_BUGREPORT "bug-readline@gnu.org"
| #define PACKAGE_URL ""
| /* end confdefs.h.  */
| #include <ac_nonexistent.h>
configure:3302: checking for grep that handles long lines and -e
configure:3360: result: /bin/grep
configure:3365: checking for egrep
configure:3427: result: /bin/grep -E
configure:3432: checking for ANSI C header files
configure:3452: arm-linux-gnueabihf-gcc -c -O2 -Wno-error -Wno-format-overflow -Wno-format-truncation  conftest.c >&5
configure:3452: $? = 0
configure:3536: result: yes
configure:3549: checking for sys/types.h
configure:3549: arm-linux-gnueabihf-gcc -c -O2 -Wno-error -Wno-format-overflow -Wno-format-truncation  conftest.c >&5
configure:3549: $? = 0
configure:3549: result: yes
configure:3549: checking for sys/stat.h
configure:3549: arm-linux-gnueabihf-gcc -c -O2 -Wno-error -Wno-format-overflow -Wno-format-truncation  conftest.c >&5
configure:3549: $? = 0
configure:3549: result: yes
configure:3549: checking for stdlib.h
configure:3549: arm-linux-gnueabihf-gcc -c -O2 -Wno-error -Wno-format-overflow -Wno-format-truncation  conftest.c >&5
configure:3549: $? = 0
configure:3549: result: yes
configure:3549: checking for string.h
configure:3549: arm-linux-gnueabihf-gcc -c -O2 -Wno-error -Wno-format-overflow -Wno-format-truncation  conftest.c >&5
configure:3549: $? = 0
configure:3549: result: yes
configure:3549: checking for memory.h
configure:3549: arm-linux-gnueabihf-gcc -c -O2 -Wno-error -Wno-format-overflow -Wno-format-truncation  conftest.c >&5
configure:3549: $? = 0
configure:3549: result: yes
configure:3549: checking for strings.h
configure:3549: arm-linux-gnueabihf-gcc -c -O2 -Wno-error -Wno-format-overflow -Wno-format-truncation  conftest.c >&5
configure:3549: $? = 0
configure:3549: result: yes
configure:3549: checking for inttypes.h
configure:3549: arm-linux-gnueabihf-gcc -c -O2 -Wno-error -Wno-format-overflow -Wno-format-truncation  conftest.c >&5
configure:3549: $? = 0
configure:3549: result: yes
configure:3549: checking for stdint.h
configure:3549: arm-linux-gnueabihf-gcc -c -O2 -Wno-error -Wno-format-overflow -Wno-format-truncation  conftest.c >&5
configure:3549: $? = 0
configure:3549: result: yes
configure:3549: checking for unistd.h
configure:3549: arm-linux-gnueabihf-gcc -c -O2 -Wno-error -Wno-format-overflow -Wno-format-truncation  conftest.c >&5
configure:3549: $? = 0
configure:3549: result: yes
configure:3563: checking minix/config.h usability
configure:3563: arm-linux-gnueabihf-gcc -c -O2 -Wno-error -Wno-format-overflow -Wno-format-truncation  conftest.c >&5
conftest.c:52:10: fatal error: minix/config.h: No such file or directory
 #include <minix/config.h>
          ^~~~~~~~~~~~~~~~
compilation terminated.
configure:3563: $? = 1
configure: failed program was:
| /* confdefs.h */
| #define PACKAGE_NAME "readline"
| #define PACKAGE_TARNAME "readline"
| #define PACKAGE_VERSION "6.2"
| #define PACKAGE_STRING "readline 6.2"
| #define PACKAGE_BUGREPORT "bug-readline@gnu.org"
| #define PACKAGE_URL ""
| #define STDC_HEADERS 1
| #define HAVE_SYS_TYPES_H 1
| #define HAVE_SYS_STAT_H 1
| #define HAVE_STDLIB_H 1
| #define HAVE_STRING_H 1
| #define HAVE_MEMORY_H 1
| #define HAVE_STRINGS_H 1
| #define HAVE_INTTYPES_H 1
| #define HAVE_STDINT_H 1
| #define HAVE_UNISTD_H 1
| /* end confdefs.h.  */
| #include <stdio.h>
| #ifdef HAVE_SYS_TYPES_H
| # include <sys/types.h>
| #endif
| #ifdef HAVE_SYS_STAT_H
| # include <sys/stat.h>
| #endif
| #ifdef STDC_HEADERS
| # include <stdlib.h>
| # include <stddef.h>
| #else
| # ifdef HAVE_STDLIB_H
| #  include <stdlib.h>
| # endif
| #endif
| #ifdef HAVE_STRING_H
| # if !defined STDC_HEADERS && defined HAVE_MEMORY_H
| #  include <memory.h>
| # endif
| # include <string.h>
| #endif
| #ifdef HAVE_STRINGS_H
| # include <strings.h>
| #endif
| #ifdef HAVE_INTTYPES_H
| # include <inttypes.h>
| #endif
| #ifdef HAVE_STDINT_H
| # include <stdint.h>
| #endif
| #ifdef HAVE_UNISTD_H
| # include <unistd.h>
| #endif
| #include <minix/config.h>
configure:3563: result: no
configure:3563: checking minix/config.h presence
configure:3563: arm-linux-gnueabihf-gcc -E  conftest.c
conftest.c:19:10: fatal error: minix/config.h: No such file or directory
 #include <minix/config.h>
          ^~~~~~~~~~~~~~~~
compilation terminated.
configure:3563: $? = 1
configure: failed program was:
| /* confdefs.h */
| #define PACKAGE_NAME "readline"
| #define PACKAGE_TARNAME "readline"
| #define PACKAGE_VERSION "6.2"
| #define PACKAGE_STRING "readline 6.2"
| #define PACKAGE_BUGREPORT "bug-readline@gnu.org"
| #define PACKAGE_URL ""
| #define STDC_HEADERS 1
| #define HAVE_SYS_TYPES_H 1
| #define HAVE_SYS_STAT_H 1
| #define HAVE_STDLIB_H 1
| #define HAVE_STRING_H 1
| #define HAVE_MEMORY_H 1
| #define HAVE_STRINGS_H 1
| #define HAVE_INTTYPES_H 1
| #define HAVE_STDINT_H 1
| #define HAVE_UNISTD_H 1
| /* end confdefs.h.  */
| #include <minix/config.h>
configure:3563: result: no
configure:3563: checking for minix/config.h
configure:3563: result: no
configure:3584: checking whether it is safe to define __EXTENSIONS__
configure:3602: arm-linux-gnueabihf-gcc -c -O2 -Wno-error -Wno-format-overflow -Wno-format-truncation  conftest.c >&5
configure:3602: $? = 0
configure:3609: result: yes
configure:3629: checking whether arm-linux-gnueabihf-gcc needs -traditional
configure:3663: result: no
configure:3684: checking for a BSD-compatible install
configure:3752: result: /usr/bin/install -c
configure:3765: checking for ar
configure:3793: result: arm-linux-gnueabihf-ar
configure:3805: checking for arm-linux-ranlib
configure:3832: result: true
configure:3898: checking for an ANSI C-conforming const
configure:3963: arm-linux-gnueabihf-gcc -c -O2 -Wno-error -Wno-format-overflow -Wno-format-truncation  conftest.c >&5
configure:3963: $? = 0
configure:3970: result: yes
configure:3978: checking for function prototypes
configure:3981: result: yes
configure:3994: checking whether char is unsigned
configure:4012: arm-linux-gnueabihf-gcc -c -O2 -Wno-error -Wno-format-overflow -Wno-format-truncation  conftest.c >&5
conftest.c: In function 'main':
conftest.c:62:12: error: size of array 'test_array' is negative
 static int test_array [1 - 2 * !(((char) -1) < 0)];
            ^~~~~~~~~~
configure:4012: $? = 1
configure: failed program was:
| /* confdefs.h */
| #define PACKAGE_NAME "readline"
| #define PACKAGE_TARNAME "readline"
| #define PACKAGE_VERSION "6.2"
| #define PACKAGE_STRING "readline 6.2"
| #define PACKAGE_BUGREPORT "bug-readline@gnu.org"
| #define PACKAGE_URL ""
| #define STDC_HEADERS 1
| #define HAVE_SYS_TYPES_H 1
| #define HAVE_SYS_STAT_H 1
| #define HAVE_STDLIB_H 1
| #define HAVE_STRING_H 1
| #define HAVE_MEMORY_H 1
| #define HAVE_STRINGS_H 1
| #define HAVE_INTTYPES_H 1
| #define HAVE_STDINT_H 1
| #define HAVE_UNISTD_H 1
| #define __EXTENSIONS__ 1
| #define _ALL_SOURCE 1
| #define _GNU_SOURCE 1
| #define _POSIX_PTHREAD_SEMANTICS 1
| #define _TANDEM_SOURCE 1
| #define PROTOTYPES 1
| #define __PROTOTYPES 1
| /* end confdefs.h.  */
| #include <stdio.h>
| #ifdef HAVE_SYS_TYPES_H
| # include <sys/types.h>
| #endif
| #ifdef HAVE_SYS_STAT_H
| # include <sys/stat.h>
| #endif
| #ifdef STDC_HEADERS
| # include <stdlib.h>
| # include <stddef.h>
| #else
| # ifdef HAVE_STDLIB_H
| #  include <stdlib.h>
| # endif
| #endif
| #ifdef HAVE_STRING_H
| # if !defined STDC_HEADERS && defined HAVE_MEMORY_H
| #  include <memory.h>
| # endif
| # include <string.h>
| #endif
| #ifdef HAVE_STRINGS_H
| # include <strings.h>
| #endif
| #ifdef HAVE_INTTYPES_H
| # include <inttypes.h>
| #endif
| #ifdef HAVE_STDINT_H
| # include <stdint.h>
| #endif
| #ifdef HAVE_UNISTD_H
| # include <unistd.h>
| #endif
| int
| main ()
| {
| static int test_array [1 - 2 * !(((char) -1) < 0)];
| test_array [0] = 0
| 
|   ;
|   return 0;
| }
configure:4019: result: yes
configure:4026: checking for working volatile
configure:4045: arm-linux-gnueabihf-gcc -c -O2 -Wno-error -Wno-format-overflow -Wno-format-truncation  conftest.c >&5
configure:4045: $? = 0
configure:4052: result: yes
configure:4061: checking return type of signal handlers
configure:4079: arm-linux-gnueabihf-gcc -c -O2 -Wno-error -Wno-format-overflow -Wno-format-truncation  conftest.c >&5
conftest.c: In function 'main':
conftest.c:32:10: error: void value not ignored as it ought to be
 return *(signal (0, 0)) (0) == 1;
         ~^~~~~~~~~~~~~~~~~~
configure:4079: $? = 1
configure: failed program was:
| /* confdefs.h */
| #define PACKAGE_NAME "readline"
| #define PACKAGE_TARNAME "readline"
| #define PACKAGE_VERSION "6.2"
| #define PACKAGE_STRING "readline 6.2"
| #define PACKAGE_BUGREPORT "bug-readline@gnu.org"
| #define PACKAGE_URL ""
| #define STDC_HEADERS 1
| #define HAVE_SYS_TYPES_H 1
| #define HAVE_SYS_STAT_H 1
| #define HAVE_STDLIB_H 1
| #define HAVE_STRING_H 1
| #define HAVE_MEMORY_H 1
| #define HAVE_STRINGS_H 1
| #define HAVE_INTTYPES_H 1
| #define HAVE_STDINT_H 1
| #define HAVE_UNISTD_H 1
| #define __EXTENSIONS__ 1
| #define _ALL_SOURCE 1
| #define _GNU_SOURCE 1
| #define _POSIX_PTHREAD_SEMANTICS 1
| #define _TANDEM_SOURCE 1
| #define PROTOTYPES 1
| #define __PROTOTYPES 1
| /* end confdefs.h.  */
| #include <sys/types.h>
| #include <signal.h>
| 
| int
| main ()
| {
| return *(signal (0, 0)) (0) == 1;
|   ;
|   return 0;
| }
configure:4086: result: void
configure:4095: checking for size_t
configure:4095: arm-linux-gnueabihf-gcc -c -O2 -Wno-error -Wno-format-overflow -Wno-format-truncation  conftest.c >&5
configure:4095: $? = 0
configure:4095: arm-linux-gnueabihf-gcc -c -O2 -Wno-error -Wno-format-overflow -Wno-format-truncation  conftest.c >&5
conftest.c: In function 'main':
conftest.c:63:21: error: expected expression before ')' token
 if (sizeof ((size_t)))
                     ^
configure:4095: $? = 1
configure: failed program was:
| /* confdefs.h */
| #define PACKAGE_NAME "readline"
| #define PACKAGE_TARNAME "readline"
| #define PACKAGE_VERSION "6.2"
| #define PACKAGE_STRING "readline 6.2"
| #define PACKAGE_BUGREPORT "bug-readline@gnu.org"
| #define PACKAGE_URL ""
| #define STDC_HEADERS 1
| #define HAVE_SYS_TYPES_H 1
| #define HAVE_SYS_STAT_H 1
| #define HAVE_STDLIB_H 1
| #define HAVE_STRING_H 1
| #define HAVE_MEMORY_H 1
| #define HAVE_STRINGS_H 1
| #define HAVE_INTTYPES_H 1
| #define HAVE_STDINT_H 1
| #define HAVE_UNISTD_H 1
| #define __EXTENSIONS__ 1
| #define _ALL_SOURCE 1
| #define _GNU_SOURCE 1
| #define _POSIX_PTHREAD_SEMANTICS 1
| #define _TANDEM_SOURCE 1
| #define PROTOTYPES 1
| #define __PROTOTYPES 1
| #define RETSIGTYPE void
| /* end confdefs.h.  */
| #include <stdio.h>
| #ifdef HAVE_SYS_TYPES_H
| # include <sys/types.h>
| #endif
| #ifdef HAVE_SYS_STAT_H
| # include <sys/stat.h>
| #endif
| #ifdef STDC_HEADERS
| # include <stdlib.h>
| # include <stddef.h>
| #else
| # ifdef HAVE_STDLIB_H
| #  include <stdlib.h>
| # endif
| #endif
| #ifdef HAVE_STRING_H
| # if !defined STDC_HEADERS && defined HAVE_MEMORY_H
| #  include <memory.h>
| # endif
| # include <string.h>
| #endif
| #ifdef HAVE_STRINGS_H
| # include <strings.h>
| #endif
| #ifdef HAVE_INTTYPES_H
| # include <inttypes.h>
| #endif
| #ifdef HAVE_STDINT_H
| # include <stdint.h>
| #endif
| #ifdef HAVE_UNISTD_H
| # include <unistd.h>
| #endif
| int
| main ()
| {
| if (sizeof ((size_t)))
| 	    return 0;
|   ;
|   return 0;
| }
configure:4095: result: yes
configure:4106: checking for ssize_t
configure:4106: arm-linux-gnueabihf-gcc -c -O2 -Wno-error -Wno-format-overflow -Wno-format-truncation  conftest.c >&5
configure:4106: $? = 0
configure:4106: arm-linux-gnueabihf-gcc -c -O2 -Wno-error -Wno-format-overflow -Wno-format-truncation  conftest.c >&5
conftest.c: In function 'main':
conftest.c:63:22: error: expected expression before ')' token
 if (sizeof ((ssize_t)))
                      ^
configure:4106: $? = 1
configure: failed program was:
| /* confdefs.h */
| #define PACKAGE_NAME "readline"
| #define PACKAGE_TARNAME "readline"
| #define PACKAGE_VERSION "6.2"
| #define PACKAGE_STRING "readline 6.2"
| #define PACKAGE_BUGREPORT "bug-readline@gnu.org"
| #define PACKAGE_URL ""
| #define STDC_HEADERS 1
| #define HAVE_SYS_TYPES_H 1
| #define HAVE_SYS_STAT_H 1
| #define HAVE_STDLIB_H 1
| #define HAVE_STRING_H 1
| #define HAVE_MEMORY_H 1
| #define HAVE_STRINGS_H 1
| #define HAVE_INTTYPES_H 1
| #define HAVE_STDINT_H 1
| #define HAVE_UNISTD_H 1
| #define __EXTENSIONS__ 1
| #define _ALL_SOURCE 1
| #define _GNU_SOURCE 1
| #define _POSIX_PTHREAD_SEMANTICS 1
| #define _TANDEM_SOURCE 1
| #define PROTOTYPES 1
| #define __PROTOTYPES 1
| #define RETSIGTYPE void
| /* end confdefs.h.  */
| #include <stdio.h>
| #ifdef HAVE_SYS_TYPES_H
| # include <sys/types.h>
| #endif
| #ifdef HAVE_SYS_STAT_H
| # include <sys/stat.h>
| #endif
| #ifdef STDC_HEADERS
| # include <stdlib.h>
| # include <stddef.h>
| #else
| # ifdef HAVE_STDLIB_H
| #  include <stdlib.h>
| # endif
| #endif
| #ifdef HAVE_STRING_H
| # if !defined STDC_HEADERS && defined HAVE_MEMORY_H
| #  include <memory.h>
| # endif
| # include <string.h>
| #endif
| #ifdef HAVE_STRINGS_H
| # include <strings.h>
| #endif
| #ifdef HAVE_INTTYPES_H
| # include <inttypes.h>
| #endif
| #ifdef HAVE_STDINT_H
| # include <stdint.h>
| #endif
| #ifdef HAVE_UNISTD_H
| # include <unistd.h>
| #endif
| int
| main ()
| {
| if (sizeof ((ssize_t)))
| 	    return 0;
|   ;
|   return 0;
| }
configure:4106: result: yes
configure:4118: checking for ANSI C header files
configure:4222: result: yes
configure:4231: checking whether stat file-mode macros are broken
configure:4258: arm-linux-gnueabihf-gcc -c -O2 -Wno-error -Wno-format-overflow -Wno-format-truncation  conftest.c >&5
configure:4258: $? = 0
configure:4265: result: no
configure:4276: checking for dirent.h that defines DIR
configure:4295: arm-linux-gnueabihf-gcc -c -O2 -Wno-error -Wno-format-overflow -Wno-format-truncation  conftest.c >&5
configure:4295: $? = 0
configure:4303: result: yes
configure:4317: checking for library containing opendir
configure:4348: arm-linux-gnueabihf-gcc -o conftest -O2 -Wno-error -Wno-format-overflow -Wno-format-truncation   -L/mnt/kai/code/termcap-1.3.1 conftest.c  >&5
configure:4348: $? = 0
configure:4365: result: none required
configure:4436: checking for fcntl
configure:4436: arm-linux-gnueabihf-gcc -o conftest -O2 -Wno-error -Wno-format-overflow -Wno-format-truncation   -L/mnt/kai/code/termcap-1.3.1 conftest.c  >&5
configure:4436: $? = 0
configure:4436: result: yes
configure:4436: checking for kill
configure:4436: arm-linux-gnueabihf-gcc -o conftest -O2 -Wno-error -Wno-format-overflow -Wno-format-truncation   -L/mnt/kai/code/termcap-1.3.1 conftest.c  >&5
configure:4436: $? = 0
configure:4436: result: yes
configure:4436: checking for lstat
configure:4436: arm-linux-gnueabihf-gcc -o conftest -O2 -Wno-error -Wno-format-overflow -Wno-format-truncation   -L/mnt/kai/code/termcap-1.3.1 conftest.c  >&5
configure:4436: $? = 0
configure:4436: result: yes
configure:4450: checking for memmove
configure:4450: arm-linux-gnueabihf-gcc -o conftest -O2 -Wno-error -Wno-format-overflow -Wno-format-truncation   -L/mnt/kai/code/termcap-1.3.1 conftest.c  >&5
conftest.c:55:6: warning: conflicting types for built-in function 'memmove' [-Wbuiltin-declaration-mismatch]
 char memmove ();
      ^~~~~~~
configure:4450: $? = 0
configure:4450: result: yes
configure:4450: checking for putenv
configure:4450: arm-linux-gnueabihf-gcc -o conftest -O2 -Wno-error -Wno-format-overflow -Wno-format-truncation   -L/mnt/kai/code/termcap-1.3.1 conftest.c  >&5
configure:4450: $? = 0
configure:4450: result: yes
configure:4450: checking for select
configure:4450: arm-linux-gnueabihf-gcc -o conftest -O2 -Wno-error -Wno-format-overflow -Wno-format-truncation   -L/mnt/kai/code/termcap-1.3.1 conftest.c  >&5
configure:4450: $? = 0
configure:4450: result: yes
configure:4450: checking for setenv
configure:4450: arm-linux-gnueabihf-gcc -o conftest -O2 -Wno-error -Wno-format-overflow -Wno-format-truncation   -L/mnt/kai/code/termcap-1.3.1 conftest.c  >&5
configure:4450: $? = 0
configure:4450: result: yes
configure:4450: checking for setlocale
configure:4450: arm-linux-gnueabihf-gcc -o conftest -O2 -Wno-error -Wno-format-overflow -Wno-format-truncation   -L/mnt/kai/code/termcap-1.3.1 conftest.c  >&5
configure:4450: $? = 0
configure:4450: result: yes
configure:4450: checking for strcasecmp
configure:4450: arm-linux-gnueabihf-gcc -o conftest -O2 -Wno-error -Wno-format-overflow -Wno-format-truncation   -L/mnt/kai/code/termcap-1.3.1 conftest.c  >&5
conftest.c:60:6: warning: conflicting types for built-in function 'strcasecmp' [-Wbuiltin-declaration-mismatch]
 char strcasecmp ();
      ^~~~~~~~~~
configure:4450: $? = 0
configure:4450: result: yes
configure:4450: checking for strpbrk
configure:4450: arm-linux-gnueabihf-gcc -o conftest -O2 -Wno-error -Wno-format-overflow -Wno-format-truncation   -L/mnt/kai/code/termcap-1.3.1 conftest.c  >&5
conftest.c:61:6: warning: conflicting types for built-in function 'strpbrk' [-Wbuiltin-declaration-mismatch]
 char strpbrk ();
      ^~~~~~~
configure:4450: $? = 0
configure:4450: result: yes
configure:4450: checking for tcgetattr
configure:4450: arm-linux-gnueabihf-gcc -o conftest -O2 -Wno-error -Wno-format-overflow -Wno-format-truncation   -L/mnt/kai/code/termcap-1.3.1 conftest.c  >&5
configure:4450: $? = 0
configure:4450: result: yes
configure:4450: checking for vsnprintf
configure:4450: arm-linux-gnueabihf-gcc -o conftest -O2 -Wno-error -Wno-format-overflow -Wno-format-truncation   -L/mnt/kai/code/termcap-1.3.1 conftest.c  >&5
conftest.c:63:6: warning: conflicting types for built-in function 'vsnprintf' [-Wbuiltin-declaration-mismatch]
 char vsnprintf ();
      ^~~~~~~~~
configure:4450: $? = 0
configure:4450: result: yes
configure:4463: checking for isascii
configure:4463: arm-linux-gnueabihf-gcc -o conftest -O2 -Wno-error -Wno-format-overflow -Wno-format-truncation   -L/mnt/kai/code/termcap-1.3.1 conftest.c  >&5
conftest.c:64:6: warning: conflicting types for built-in function 'isascii' [-Wbuiltin-declaration-mismatch]
 char isascii ();
      ^~~~~~~
configure:4463: $? = 0
configure:4463: result: yes
configure:4463: checking for isxdigit
configure:4463: arm-linux-gnueabihf-gcc -o conftest -O2 -Wno-error -Wno-format-overflow -Wno-format-truncation   -L/mnt/kai/code/termcap-1.3.1 conftest.c  >&5
conftest.c:65:6: warning: conflicting types for built-in function 'isxdigit' [-Wbuiltin-declaration-mismatch]
 char isxdigit ();
      ^~~~~~~~
configure:4463: $? = 0
configure:4463: result: yes
configure:4476: checking for getpwent
configure:4476: arm-linux-gnueabihf-gcc -o conftest -O2 -Wno-error -Wno-format-overflow -Wno-format-truncation   -L/mnt/kai/code/termcap-1.3.1 conftest.c  >&5
configure:4476: $? = 0
configure:4476: result: yes
configure:4476: checking for getpwnam
configure:4476: arm-linux-gnueabihf-gcc -o conftest -O2 -Wno-error -Wno-format-overflow -Wno-format-truncation   -L/mnt/kai/code/termcap-1.3.1 conftest.c  >&5
configure:4476: $? = 0
configure:4476: result: yes
configure:4476: checking for getpwuid
configure:4476: arm-linux-gnueabihf-gcc -o conftest -O2 -Wno-error -Wno-format-overflow -Wno-format-truncation   -L/mnt/kai/code/termcap-1.3.1 conftest.c  >&5
configure:4476: $? = 0
configure:4476: result: yes
configure:4487: checking for working strcoll
configure:4518: result: no
configure:4531: checking fcntl.h usability
configure:4531: arm-linux-gnueabihf-gcc -c -O2 -Wno-error -Wno-format-overflow -Wno-format-truncation  conftest.c >&5
configure:4531: $? = 0
configure:4531: result: yes
configure:4531: checking fcntl.h presence
configure:4531: arm-linux-gnueabihf-gcc -E  conftest.c
configure:4531: $? = 0
configure:4531: result: yes
configure:4531: checking for fcntl.h
configure:4531: result: yes
configure:4531: checking for unistd.h
configure:4531: result: yes
configure:4531: checking for stdlib.h
configure:4531: result: yes
configure:4531: checking varargs.h usability
configure:4531: arm-linux-gnueabihf-gcc -c -O2 -Wno-error -Wno-format-overflow -Wno-format-truncation  conftest.c >&5
In file included from conftest.c:82:0:
/mnt/kai/code/toolchain/gcc-linaro-7.5.0-2019.12-x86_64_arm-linux-gnueabihf/lib/gcc/arm-linux-gnueabihf/7.5.0/include/varargs.h:4:2: error: #error "GCC no longer implements <varargs.h>."
 #error "GCC no longer implements <varargs.h>."
  ^~~~~
/mnt/kai/code/toolchain/gcc-linaro-7.5.0-2019.12-x86_64_arm-linux-gnueabihf/lib/gcc/arm-linux-gnueabihf/7.5.0/include/varargs.h:5:2: error: #error "Revise your code to use <stdarg.h>."
 #error "Revise your code to use <stdarg.h>."
  ^~~~~
configure:4531: $? = 1
configure: failed program was:
| /* confdefs.h */
| #define PACKAGE_NAME "readline"
| #define PACKAGE_TARNAME "readline"
| #define PACKAGE_VERSION "6.2"
| #define PACKAGE_STRING "readline 6.2"
| #define PACKAGE_BUGREPORT "bug-readline@gnu.org"
| #define PACKAGE_URL ""
| #define STDC_HEADERS 1
| #define HAVE_SYS_TYPES_H 1
| #define HAVE_SYS_STAT_H 1
| #define HAVE_STDLIB_H 1
| #define HAVE_STRING_H 1
| #define HAVE_MEMORY_H 1
| #define HAVE_STRINGS_H 1
| #define HAVE_INTTYPES_H 1
| #define HAVE_STDINT_H 1
| #define HAVE_UNISTD_H 1
| #define __EXTENSIONS__ 1
| #define _ALL_SOURCE 1
| #define _GNU_SOURCE 1
| #define _POSIX_PTHREAD_SEMANTICS 1
| #define _TANDEM_SOURCE 1
| #define PROTOTYPES 1
| #define __PROTOTYPES 1
| #define RETSIGTYPE void
| #define STDC_HEADERS 1
| #define HAVE_DIRENT_H 1
| #define HAVE_FCNTL 1
| #define HAVE_KILL 1
| #define HAVE_LSTAT 1
| #define HAVE_MEMMOVE 1
| #define HAVE_PUTENV 1
| #define HAVE_SELECT 1
| #define HAVE_SETENV 1
| #define HAVE_SETLOCALE 1
| #define HAVE_STRCASECMP 1
| #define HAVE_STRPBRK 1
| #define HAVE_TCGETATTR 1
| #define HAVE_VSNPRINTF 1
| #define HAVE_ISASCII 1
| #define HAVE_ISXDIGIT 1
| #define HAVE_GETPWENT 1
| #define HAVE_GETPWNAM 1
| #define HAVE_GETPWUID 1
| #define HAVE_FCNTL_H 1
| #define HAVE_UNISTD_H 1
| #define HAVE_STDLIB_H 1
| /* end confdefs.h.  */
| #include <stdio.h>
| #ifdef HAVE_SYS_TYPES_H
| # include <sys/types.h>
| #endif
| #ifdef HAVE_SYS_STAT_H
| # include <sys/stat.h>
| #endif
| #ifdef STDC_HEADERS
| # include <stdlib.h>
| # include <stddef.h>
| #else
| # ifdef HAVE_STDLIB_H
| #  include <stdlib.h>
| # endif
| #endif
| #ifdef HAVE_STRING_H
| # if !defined STDC_HEADERS && defined HAVE_MEMORY_H
| #  include <memory.h>
| # endif
| # include <string.h>
| #endif
| #ifdef HAVE_STRINGS_H
| # include <strings.h>
| #endif
| #ifdef HAVE_INTTYPES_H
| # include <inttypes.h>
| #endif
| #ifdef HAVE_STDINT_H
| # include <stdint.h>
| #endif
| #ifdef HAVE_UNISTD_H
| # include <unistd.h>
| #endif
| #include <varargs.h>
configure:4531: result: no
configure:4531: checking varargs.h presence
configure:4531: arm-linux-gnueabihf-gcc -E  conftest.c
In file included from conftest.c:49:0:
/mnt/kai/code/toolchain/gcc-linaro-7.5.0-2019.12-x86_64_arm-linux-gnueabihf/lib/gcc/arm-linux-gnueabihf/7.5.0/include/varargs.h:4:2: error: #error "GCC no longer implements <varargs.h>."
 #error "GCC no longer implements <varargs.h>."
  ^~~~~
/mnt/kai/code/toolchain/gcc-linaro-7.5.0-2019.12-x86_64_arm-linux-gnueabihf/lib/gcc/arm-linux-gnueabihf/7.5.0/include/varargs.h:5:2: error: #error "Revise your code to use <stdarg.h>."
 #error "Revise your code to use <stdarg.h>."
  ^~~~~
configure:4531: $? = 1
configure: failed program was:
| /* confdefs.h */
| #define PACKAGE_NAME "readline"
| #define PACKAGE_TARNAME "readline"
| #define PACKAGE_VERSION "6.2"
| #define PACKAGE_STRING "readline 6.2"
| #define PACKAGE_BUGREPORT "bug-readline@gnu.org"
| #define PACKAGE_URL ""
| #define STDC_HEADERS 1
| #define HAVE_SYS_TYPES_H 1
| #define HAVE_SYS_STAT_H 1
| #define HAVE_STDLIB_H 1
| #define HAVE_STRING_H 1
| #define HAVE_MEMORY_H 1
| #define HAVE_STRINGS_H 1
| #define HAVE_INTTYPES_H 1
| #define HAVE_STDINT_H 1
| #define HAVE_UNISTD_H 1
| #define __EXTENSIONS__ 1
| #define _ALL_SOURCE 1
| #define _GNU_SOURCE 1
| #define _POSIX_PTHREAD_SEMANTICS 1
| #define _TANDEM_SOURCE 1
| #define PROTOTYPES 1
| #define __PROTOTYPES 1
| #define RETSIGTYPE void
| #define STDC_HEADERS 1
| #define HAVE_DIRENT_H 1
| #define HAVE_FCNTL 1
| #define HAVE_KILL 1
| #define HAVE_LSTAT 1
| #define HAVE_MEMMOVE 1
| #define HAVE_PUTENV 1
| #define HAVE_SELECT 1
| #define HAVE_SETENV 1
| #define HAVE_SETLOCALE 1
| #define HAVE_STRCASECMP 1
| #define HAVE_STRPBRK 1
| #define HAVE_TCGETATTR 1
| #define HAVE_VSNPRINTF 1
| #define HAVE_ISASCII 1
| #define HAVE_ISXDIGIT 1
| #define HAVE_GETPWENT 1
| #define HAVE_GETPWNAM 1
| #define HAVE_GETPWUID 1
| #define HAVE_FCNTL_H 1
| #define HAVE_UNISTD_H 1
| #define HAVE_STDLIB_H 1
| /* end confdefs.h.  */
| #include <varargs.h>
configure:4531: result: no
configure:4531: checking for varargs.h
configure:4531: result: no
configure:4531: checking stdarg.h usability
configure:4531: arm-linux-gnueabihf-gcc -c -O2 -Wno-error -Wno-format-overflow -Wno-format-truncation  conftest.c >&5
configure:4531: $? = 0
configure:4531: result: yes
configure:4531: checking stdarg.h presence
configure:4531: arm-linux-gnueabihf-gcc -E  conftest.c
configure:4531: $? = 0
configure:4531: result: yes
configure:4531: checking for stdarg.h
configure:4531: result: yes
configure:4531: checking for string.h
configure:4531: result: yes
configure:4531: checking for strings.h
configure:4531: result: yes
configure:4531: checking limits.h usability
configure:4531: arm-linux-gnueabihf-gcc -c -O2 -Wno-error -Wno-format-overflow -Wno-format-truncation  conftest.c >&5
configure:4531: $? = 0
configure:4531: result: yes
configure:4531: checking limits.h presence
configure:4531: arm-linux-gnueabihf-gcc -E  conftest.c
configure:4531: $? = 0
configure:4531: result: yes
configure:4531: checking for limits.h
configure:4531: result: yes
configure:4531: checking locale.h usability
configure:4531: arm-linux-gnueabihf-gcc -c -O2 -Wno-error -Wno-format-overflow -Wno-format-truncation  conftest.c >&5
configure:4531: $? = 0
configure:4531: result: yes
configure:4531: checking locale.h presence
configure:4531: arm-linux-gnueabihf-gcc -E  conftest.c
configure:4531: $? = 0
configure:4531: result: yes
configure:4531: checking for locale.h
configure:4531: result: yes
configure:4531: checking pwd.h usability
configure:4531: arm-linux-gnueabihf-gcc -c -O2 -Wno-error -Wno-format-overflow -Wno-format-truncation  conftest.c >&5
configure:4531: $? = 0
configure:4531: result: yes
configure:4531: checking pwd.h presence
configure:4531: arm-linux-gnueabihf-gcc -E  conftest.c
configure:4531: $? = 0
configure:4531: result: yes
configure:4531: checking for pwd.h
configure:4531: result: yes
configure:4531: checking for memory.h
configure:4531: result: yes
configure:4531: checking termcap.h usability
configure:4531: arm-linux-gnueabihf-gcc -c -O2 -Wno-error -Wno-format-overflow -Wno-format-truncation  conftest.c >&5
conftest.c:89:10: fatal error: termcap.h: No such file or directory
 #include <termcap.h>
          ^~~~~~~~~~~
compilation terminated.
configure:4531: $? = 1
configure: failed program was:
| /* confdefs.h */
| #define PACKAGE_NAME "readline"
| #define PACKAGE_TARNAME "readline"
| #define PACKAGE_VERSION "6.2"
| #define PACKAGE_STRING "readline 6.2"
| #define PACKAGE_BUGREPORT "bug-readline@gnu.org"
| #define PACKAGE_URL ""
| #define STDC_HEADERS 1
| #define HAVE_SYS_TYPES_H 1
| #define HAVE_SYS_STAT_H 1
| #define HAVE_STDLIB_H 1
| #define HAVE_STRING_H 1
| #define HAVE_MEMORY_H 1
| #define HAVE_STRINGS_H 1
| #define HAVE_INTTYPES_H 1
| #define HAVE_STDINT_H 1
| #define HAVE_UNISTD_H 1
| #define __EXTENSIONS__ 1
| #define _ALL_SOURCE 1
| #define _GNU_SOURCE 1
| #define _POSIX_PTHREAD_SEMANTICS 1
| #define _TANDEM_SOURCE 1
| #define PROTOTYPES 1
| #define __PROTOTYPES 1
| #define RETSIGTYPE void
| #define STDC_HEADERS 1
| #define HAVE_DIRENT_H 1
| #define HAVE_FCNTL 1
| #define HAVE_KILL 1
| #define HAVE_LSTAT 1
| #define HAVE_MEMMOVE 1
| #define HAVE_PUTENV 1
| #define HAVE_SELECT 1
| #define HAVE_SETENV 1
| #define HAVE_SETLOCALE 1
| #define HAVE_STRCASECMP 1
| #define HAVE_STRPBRK 1
| #define HAVE_TCGETATTR 1
| #define HAVE_VSNPRINTF 1
| #define HAVE_ISASCII 1
| #define HAVE_ISXDIGIT 1
| #define HAVE_GETPWENT 1
| #define HAVE_GETPWNAM 1
| #define HAVE_GETPWUID 1
| #define HAVE_FCNTL_H 1
| #define HAVE_UNISTD_H 1
| #define HAVE_STDLIB_H 1
| #define HAVE_STDARG_H 1
| #define HAVE_STRING_H 1
| #define HAVE_STRINGS_H 1
| #define HAVE_LIMITS_H 1
| #define HAVE_LOCALE_H 1
| #define HAVE_PWD_H 1
| #define HAVE_MEMORY_H 1
| /* end confdefs.h.  */
| #include <stdio.h>
| #ifdef HAVE_SYS_TYPES_H
| # include <sys/types.h>
| #endif
| #ifdef HAVE_SYS_STAT_H
| # include <sys/stat.h>
| #endif
| #ifdef STDC_HEADERS
| # include <stdlib.h>
| # include <stddef.h>
| #else
| # ifdef HAVE_STDLIB_H
| #  include <stdlib.h>
| # endif
| #endif
| #ifdef HAVE_STRING_H
| # if !defined STDC_HEADERS && defined HAVE_MEMORY_H
| #  include <memory.h>
| # endif
| # include <string.h>
| #endif
| #ifdef HAVE_STRINGS_H
| # include <strings.h>
| #endif
| #ifdef HAVE_INTTYPES_H
| # include <inttypes.h>
| #endif
| #ifdef HAVE_STDINT_H
| # include <stdint.h>
| #endif
| #ifdef HAVE_UNISTD_H
| # include <unistd.h>
| #endif
| #include <termcap.h>
configure:4531: result: no
configure:4531: checking termcap.h presence
configure:4531: arm-linux-gnueabihf-gcc -E  conftest.c
conftest.c:56:10: fatal error: termcap.h: No such file or directory
 #include <termcap.h>
          ^~~~~~~~~~~
compilation terminated.
configure:4531: $? = 1
configure: failed program was:
| /* confdefs.h */
| #define PACKAGE_NAME "readline"
| #define PACKAGE_TARNAME "readline"
| #define PACKAGE_VERSION "6.2"
| #define PACKAGE_STRING "readline 6.2"
| #define PACKAGE_BUGREPORT "bug-readline@gnu.org"
| #define PACKAGE_URL ""
| #define STDC_HEADERS 1
| #define HAVE_SYS_TYPES_H 1
| #define HAVE_SYS_STAT_H 1
| #define HAVE_STDLIB_H 1
| #define HAVE_STRING_H 1
| #define HAVE_MEMORY_H 1
| #define HAVE_STRINGS_H 1
| #define HAVE_INTTYPES_H 1
| #define HAVE_STDINT_H 1
| #define HAVE_UNISTD_H 1
| #define __EXTENSIONS__ 1
| #define _ALL_SOURCE 1
| #define _GNU_SOURCE 1
| #define _POSIX_PTHREAD_SEMANTICS 1
| #define _TANDEM_SOURCE 1
| #define PROTOTYPES 1
| #define __PROTOTYPES 1
| #define RETSIGTYPE void
| #define STDC_HEADERS 1
| #define HAVE_DIRENT_H 1
| #define HAVE_FCNTL 1
| #define HAVE_KILL 1
| #define HAVE_LSTAT 1
| #define HAVE_MEMMOVE 1
| #define HAVE_PUTENV 1
| #define HAVE_SELECT 1
| #define HAVE_SETENV 1
| #define HAVE_SETLOCALE 1
| #define HAVE_STRCASECMP 1
| #define HAVE_STRPBRK 1
| #define HAVE_TCGETATTR 1
| #define HAVE_VSNPRINTF 1
| #define HAVE_ISASCII 1
| #define HAVE_ISXDIGIT 1
| #define HAVE_GETPWENT 1
| #define HAVE_GETPWNAM 1
| #define HAVE_GETPWUID 1
| #define HAVE_FCNTL_H 1
| #define HAVE_UNISTD_H 1
| #define HAVE_STDLIB_H 1
| #define HAVE_STDARG_H 1
| #define HAVE_STRING_H 1
| #define HAVE_STRINGS_H 1
| #define HAVE_LIMITS_H 1
| #define HAVE_LOCALE_H 1
| #define HAVE_PWD_H 1
| #define HAVE_MEMORY_H 1
| /* end confdefs.h.  */
| #include <termcap.h>
configure:4531: result: no
configure:4531: checking for termcap.h
configure:4531: result: no
configure:4531: checking termios.h usability
configure:4531: arm-linux-gnueabihf-gcc -c -O2 -Wno-error -Wno-format-overflow -Wno-format-truncation  conftest.c >&5
configure:4531: $? = 0
configure:4531: result: yes
configure:4531: checking termios.h presence
configure:4531: arm-linux-gnueabihf-gcc -E  conftest.c
configure:4531: $? = 0
configure:4531: result: yes
configure:4531: checking for termios.h
configure:4531: result: yes
configure:4531: checking termio.h usability
configure:4531: arm-linux-gnueabihf-gcc -c -O2 -Wno-error -Wno-format-overflow -Wno-format-truncation  conftest.c >&5
configure:4531: $? = 0
configure:4531: result: yes
configure:4531: checking termio.h presence
configure:4531: arm-linux-gnueabihf-gcc -E  conftest.c
configure:4531: $? = 0
configure:4531: result: yes
configure:4531: checking for termio.h
configure:4531: result: yes
configure:4545: checking sys/pte.h usability
configure:4545: arm-linux-gnueabihf-gcc -c -O2 -Wno-error -Wno-format-overflow -Wno-format-truncation  conftest.c >&5
conftest.c:91:10: fatal error: sys/pte.h: No such file or directory
 #include <sys/pte.h>
          ^~~~~~~~~~~
compilation terminated.
configure:4545: $? = 1
configure: failed program was:
| /* confdefs.h */
| #define PACKAGE_NAME "readline"
| #define PACKAGE_TARNAME "readline"
| #define PACKAGE_VERSION "6.2"
| #define PACKAGE_STRING "readline 6.2"
| #define PACKAGE_BUGREPORT "bug-readline@gnu.org"
| #define PACKAGE_URL ""
| #define STDC_HEADERS 1
| #define HAVE_SYS_TYPES_H 1
| #define HAVE_SYS_STAT_H 1
| #define HAVE_STDLIB_H 1
| #define HAVE_STRING_H 1
| #define HAVE_MEMORY_H 1
| #define HAVE_STRINGS_H 1
| #define HAVE_INTTYPES_H 1
| #define HAVE_STDINT_H 1
| #define HAVE_UNISTD_H 1
| #define __EXTENSIONS__ 1
| #define _ALL_SOURCE 1
| #define _GNU_SOURCE 1
| #define _POSIX_PTHREAD_SEMANTICS 1
| #define _TANDEM_SOURCE 1
| #define PROTOTYPES 1
| #define __PROTOTYPES 1
| #define RETSIGTYPE void
| #define STDC_HEADERS 1
| #define HAVE_DIRENT_H 1
| #define HAVE_FCNTL 1
| #define HAVE_KILL 1
| #define HAVE_LSTAT 1
| #define HAVE_MEMMOVE 1
| #define HAVE_PUTENV 1
| #define HAVE_SELECT 1
| #define HAVE_SETENV 1
| #define HAVE_SETLOCALE 1
| #define HAVE_STRCASECMP 1
| #define HAVE_STRPBRK 1
| #define HAVE_TCGETATTR 1
| #define HAVE_VSNPRINTF 1
| #define HAVE_ISASCII 1
| #define HAVE_ISXDIGIT 1
| #define HAVE_GETPWENT 1
| #define HAVE_GETPWNAM 1
| #define HAVE_GETPWUID 1
| #define HAVE_FCNTL_H 1
| #define HAVE_UNISTD_H 1
| #define HAVE_STDLIB_H 1
| #define HAVE_STDARG_H 1
| #define HAVE_STRING_H 1
| #define HAVE_STRINGS_H 1
| #define HAVE_LIMITS_H 1
| #define HAVE_LOCALE_H 1
| #define HAVE_PWD_H 1
| #define HAVE_MEMORY_H 1
| #define HAVE_TERMIOS_H 1
| #define HAVE_TERMIO_H 1
| /* end confdefs.h.  */
| #include <stdio.h>
| #ifdef HAVE_SYS_TYPES_H
| # include <sys/types.h>
| #endif
| #ifdef HAVE_SYS_STAT_H
| # include <sys/stat.h>
| #endif
| #ifdef STDC_HEADERS
| # include <stdlib.h>
| # include <stddef.h>
| #else
| # ifdef HAVE_STDLIB_H
| #  include <stdlib.h>
| # endif
| #endif
| #ifdef HAVE_STRING_H
| # if !defined STDC_HEADERS && defined HAVE_MEMORY_H
| #  include <memory.h>
| # endif
| # include <string.h>
| #endif
| #ifdef HAVE_STRINGS_H
| # include <strings.h>
| #endif
| #ifdef HAVE_INTTYPES_H
| # include <inttypes.h>
| #endif
| #ifdef HAVE_STDINT_H
| # include <stdint.h>
| #endif
| #ifdef HAVE_UNISTD_H
| # include <unistd.h>
| #endif
| #include <sys/pte.h>
configure:4545: result: no
configure:4545: checking sys/pte.h presence
configure:4545: arm-linux-gnueabihf-gcc -E  conftest.c
conftest.c:58:10: fatal error: sys/pte.h: No such file or directory
 #include <sys/pte.h>
          ^~~~~~~~~~~
compilation terminated.
configure:4545: $? = 1
configure: failed program was:
| /* confdefs.h */
| #define PACKAGE_NAME "readline"
| #define PACKAGE_TARNAME "readline"
| #define PACKAGE_VERSION "6.2"
| #define PACKAGE_STRING "readline 6.2"
| #define PACKAGE_BUGREPORT "bug-readline@gnu.org"
| #define PACKAGE_URL ""
| #define STDC_HEADERS 1
| #define HAVE_SYS_TYPES_H 1
| #define HAVE_SYS_STAT_H 1
| #define HAVE_STDLIB_H 1
| #define HAVE_STRING_H 1
| #define HAVE_MEMORY_H 1
| #define HAVE_STRINGS_H 1
| #define HAVE_INTTYPES_H 1
| #define HAVE_STDINT_H 1
| #define HAVE_UNISTD_H 1
| #define __EXTENSIONS__ 1
| #define _ALL_SOURCE 1
| #define _GNU_SOURCE 1
| #define _POSIX_PTHREAD_SEMANTICS 1
| #define _TANDEM_SOURCE 1
| #define PROTOTYPES 1
| #define __PROTOTYPES 1
| #define RETSIGTYPE void
| #define STDC_HEADERS 1
| #define HAVE_DIRENT_H 1
| #define HAVE_FCNTL 1
| #define HAVE_KILL 1
| #define HAVE_LSTAT 1
| #define HAVE_MEMMOVE 1
| #define HAVE_PUTENV 1
| #define HAVE_SELECT 1
| #define HAVE_SETENV 1
| #define HAVE_SETLOCALE 1
| #define HAVE_STRCASECMP 1
| #define HAVE_STRPBRK 1
| #define HAVE_TCGETATTR 1
| #define HAVE_VSNPRINTF 1
| #define HAVE_ISASCII 1
| #define HAVE_ISXDIGIT 1
| #define HAVE_GETPWENT 1
| #define HAVE_GETPWNAM 1
| #define HAVE_GETPWUID 1
| #define HAVE_FCNTL_H 1
| #define HAVE_UNISTD_H 1
| #define HAVE_STDLIB_H 1
| #define HAVE_STDARG_H 1
| #define HAVE_STRING_H 1
| #define HAVE_STRINGS_H 1
| #define HAVE_LIMITS_H 1
| #define HAVE_LOCALE_H 1
| #define HAVE_PWD_H 1
| #define HAVE_MEMORY_H 1
| #define HAVE_TERMIOS_H 1
| #define HAVE_TERMIO_H 1
| /* end confdefs.h.  */
| #include <sys/pte.h>
configure:4545: result: no
configure:4545: checking for sys/pte.h
configure:4545: result: no
configure:4545: checking sys/stream.h usability
configure:4545: arm-linux-gnueabihf-gcc -c -O2 -Wno-error -Wno-format-overflow -Wno-format-truncation  conftest.c >&5
conftest.c:91:10: fatal error: sys/stream.h: No such file or directory
 #include <sys/stream.h>
          ^~~~~~~~~~~~~~
compilation terminated.
configure:4545: $? = 1
configure: failed program was:
| /* confdefs.h */
| #define PACKAGE_NAME "readline"
| #define PACKAGE_TARNAME "readline"
| #define PACKAGE_VERSION "6.2"
| #define PACKAGE_STRING "readline 6.2"
| #define PACKAGE_BUGREPORT "bug-readline@gnu.org"
| #define PACKAGE_URL ""
| #define STDC_HEADERS 1
| #define HAVE_SYS_TYPES_H 1
| #define HAVE_SYS_STAT_H 1
| #define HAVE_STDLIB_H 1
| #define HAVE_STRING_H 1
| #define HAVE_MEMORY_H 1
| #define HAVE_STRINGS_H 1
| #define HAVE_INTTYPES_H 1
| #define HAVE_STDINT_H 1
| #define HAVE_UNISTD_H 1
| #define __EXTENSIONS__ 1
| #define _ALL_SOURCE 1
| #define _GNU_SOURCE 1
| #define _POSIX_PTHREAD_SEMANTICS 1
| #define _TANDEM_SOURCE 1
| #define PROTOTYPES 1
| #define __PROTOTYPES 1
| #define RETSIGTYPE void
| #define STDC_HEADERS 1
| #define HAVE_DIRENT_H 1
| #define HAVE_FCNTL 1
| #define HAVE_KILL 1
| #define HAVE_LSTAT 1
| #define HAVE_MEMMOVE 1
| #define HAVE_PUTENV 1
| #define HAVE_SELECT 1
| #define HAVE_SETENV 1
| #define HAVE_SETLOCALE 1
| #define HAVE_STRCASECMP 1
| #define HAVE_STRPBRK 1
| #define HAVE_TCGETATTR 1
| #define HAVE_VSNPRINTF 1
| #define HAVE_ISASCII 1
| #define HAVE_ISXDIGIT 1
| #define HAVE_GETPWENT 1
| #define HAVE_GETPWNAM 1
| #define HAVE_GETPWUID 1
| #define HAVE_FCNTL_H 1
| #define HAVE_UNISTD_H 1
| #define HAVE_STDLIB_H 1
| #define HAVE_STDARG_H 1
| #define HAVE_STRING_H 1
| #define HAVE_STRINGS_H 1
| #define HAVE_LIMITS_H 1
| #define HAVE_LOCALE_H 1
| #define HAVE_PWD_H 1
| #define HAVE_MEMORY_H 1
| #define HAVE_TERMIOS_H 1
| #define HAVE_TERMIO_H 1
| /* end confdefs.h.  */
| #include <stdio.h>
| #ifdef HAVE_SYS_TYPES_H
| # include <sys/types.h>
| #endif
| #ifdef HAVE_SYS_STAT_H
| # include <sys/stat.h>
| #endif
| #ifdef STDC_HEADERS
| # include <stdlib.h>
| # include <stddef.h>
| #else
| # ifdef HAVE_STDLIB_H
| #  include <stdlib.h>
| # endif
| #endif
| #ifdef HAVE_STRING_H
| # if !defined STDC_HEADERS && defined HAVE_MEMORY_H
| #  include <memory.h>
| # endif
| # include <string.h>
| #endif
| #ifdef HAVE_STRINGS_H
| # include <strings.h>
| #endif
| #ifdef HAVE_INTTYPES_H
| # include <inttypes.h>
| #endif
| #ifdef HAVE_STDINT_H
| # include <stdint.h>
| #endif
| #ifdef HAVE_UNISTD_H
| # include <unistd.h>
| #endif
| #include <sys/stream.h>
configure:4545: result: no
configure:4545: checking sys/stream.h presence
configure:4545: arm-linux-gnueabihf-gcc -E  conftest.c
conftest.c:58:10: fatal error: sys/stream.h: No such file or directory
 #include <sys/stream.h>
          ^~~~~~~~~~~~~~
compilation terminated.
configure:4545: $? = 1
configure: failed program was:
| /* confdefs.h */
| #define PACKAGE_NAME "readline"
| #define PACKAGE_TARNAME "readline"
| #define PACKAGE_VERSION "6.2"
| #define PACKAGE_STRING "readline 6.2"
| #define PACKAGE_BUGREPORT "bug-readline@gnu.org"
| #define PACKAGE_URL ""
| #define STDC_HEADERS 1
| #define HAVE_SYS_TYPES_H 1
| #define HAVE_SYS_STAT_H 1
| #define HAVE_STDLIB_H 1
| #define HAVE_STRING_H 1
| #define HAVE_MEMORY_H 1
| #define HAVE_STRINGS_H 1
| #define HAVE_INTTYPES_H 1
| #define HAVE_STDINT_H 1
| #define HAVE_UNISTD_H 1
| #define __EXTENSIONS__ 1
| #define _ALL_SOURCE 1
| #define _GNU_SOURCE 1
| #define _POSIX_PTHREAD_SEMANTICS 1
| #define _TANDEM_SOURCE 1
| #define PROTOTYPES 1
| #define __PROTOTYPES 1
| #define RETSIGTYPE void
| #define STDC_HEADERS 1
| #define HAVE_DIRENT_H 1
| #define HAVE_FCNTL 1
| #define HAVE_KILL 1
| #define HAVE_LSTAT 1
| #define HAVE_MEMMOVE 1
| #define HAVE_PUTENV 1
| #define HAVE_SELECT 1
| #define HAVE_SETENV 1
| #define HAVE_SETLOCALE 1
| #define HAVE_STRCASECMP 1
| #define HAVE_STRPBRK 1
| #define HAVE_TCGETATTR 1
| #define HAVE_VSNPRINTF 1
| #define HAVE_ISASCII 1
| #define HAVE_ISXDIGIT 1
| #define HAVE_GETPWENT 1
| #define HAVE_GETPWNAM 1
| #define HAVE_GETPWUID 1
| #define HAVE_FCNTL_H 1
| #define HAVE_UNISTD_H 1
| #define HAVE_STDLIB_H 1
| #define HAVE_STDARG_H 1
| #define HAVE_STRING_H 1
| #define HAVE_STRINGS_H 1
| #define HAVE_LIMITS_H 1
| #define HAVE_LOCALE_H 1
| #define HAVE_PWD_H 1
| #define HAVE_MEMORY_H 1
| #define HAVE_TERMIOS_H 1
| #define HAVE_TERMIO_H 1
| /* end confdefs.h.  */
| #include <sys/stream.h>
configure:4545: result: no
configure:4545: checking for sys/stream.h
configure:4545: result: no
configure:4545: checking sys/select.h usability
configure:4545: arm-linux-gnueabihf-gcc -c -O2 -Wno-error -Wno-format-overflow -Wno-format-truncation  conftest.c >&5
configure:4545: $? = 0
configure:4545: result: yes
configure:4545: checking sys/select.h presence
configure:4545: arm-linux-gnueabihf-gcc -E  conftest.c
configure:4545: $? = 0
configure:4545: result: yes
configure:4545: checking for sys/select.h
configure:4545: result: yes
configure:4545: checking sys/file.h usability
configure:4545: arm-linux-gnueabihf-gcc -c -O2 -Wno-error -Wno-format-overflow -Wno-format-truncation  conftest.c >&5
configure:4545: $? = 0
configure:4545: result: yes
configure:4545: checking sys/file.h presence
configure:4545: arm-linux-gnueabihf-gcc -E  conftest.c
configure:4545: $? = 0
configure:4545: result: yes
configure:4545: checking for sys/file.h
configure:4545: result: yes
configure:4559: checking for sys/ptem.h
configure:4559: arm-linux-gnueabihf-gcc -c -O2 -Wno-error -Wno-format-overflow -Wno-format-truncation  conftest.c >&5
conftest.c:66:10: fatal error: sys/ptem.h: No such file or directory
 #include <sys/ptem.h>
          ^~~~~~~~~~~~
compilation terminated.
configure:4559: $? = 1
configure: failed program was:
| /* confdefs.h */
| #define PACKAGE_NAME "readline"
| #define PACKAGE_TARNAME "readline"
| #define PACKAGE_VERSION "6.2"
| #define PACKAGE_STRING "readline 6.2"
| #define PACKAGE_BUGREPORT "bug-readline@gnu.org"
| #define PACKAGE_URL ""
| #define STDC_HEADERS 1
| #define HAVE_SYS_TYPES_H 1
| #define HAVE_SYS_STAT_H 1
| #define HAVE_STDLIB_H 1
| #define HAVE_STRING_H 1
| #define HAVE_MEMORY_H 1
| #define HAVE_STRINGS_H 1
| #define HAVE_INTTYPES_H 1
| #define HAVE_STDINT_H 1
| #define HAVE_UNISTD_H 1
| #define __EXTENSIONS__ 1
| #define _ALL_SOURCE 1
| #define _GNU_SOURCE 1
| #define _POSIX_PTHREAD_SEMANTICS 1
| #define _TANDEM_SOURCE 1
| #define PROTOTYPES 1
| #define __PROTOTYPES 1
| #define RETSIGTYPE void
| #define STDC_HEADERS 1
| #define HAVE_DIRENT_H 1
| #define HAVE_FCNTL 1
| #define HAVE_KILL 1
| #define HAVE_LSTAT 1
| #define HAVE_MEMMOVE 1
| #define HAVE_PUTENV 1
| #define HAVE_SELECT 1
| #define HAVE_SETENV 1
| #define HAVE_SETLOCALE 1
| #define HAVE_STRCASECMP 1
| #define HAVE_STRPBRK 1
| #define HAVE_TCGETATTR 1
| #define HAVE_VSNPRINTF 1
| #define HAVE_ISASCII 1
| #define HAVE_ISXDIGIT 1
| #define HAVE_GETPWENT 1
| #define HAVE_GETPWNAM 1
| #define HAVE_GETPWUID 1
| #define HAVE_FCNTL_H 1
| #define HAVE_UNISTD_H 1
| #define HAVE_STDLIB_H 1
| #define HAVE_STDARG_H 1
| #define HAVE_STRING_H 1
| #define HAVE_STRINGS_H 1
| #define HAVE_LIMITS_H 1
| #define HAVE_LOCALE_H 1
| #define HAVE_PWD_H 1
| #define HAVE_MEMORY_H 1
| #define HAVE_TERMIOS_H 1
| #define HAVE_TERMIO_H 1
| #define HAVE_SYS_SELECT_H 1
| #define HAVE_SYS_FILE_H 1
| /* end confdefs.h.  */
| 
| #if HAVE_SYS_STREAM_H
| #  include <sys/stream.h>
| #endif
| 
| 
| #include <sys/ptem.h>
configure:4559: result: no
configure:4582: checking for special C compiler options needed for large files
configure:4627: result: no
configure:4633: checking for _FILE_OFFSET_BITS value needed for large files
configure:4658: arm-linux-gnueabihf-gcc -c -O2 -Wno-error -Wno-format-overflow -Wno-format-truncation  conftest.c >&5
conftest.c:65:33: warning: left shift count >= width of type [-Wshift-count-overflow]
 #define LARGE_OFF_T (((off_t) 1 << 62) - 1 + ((off_t) 1 << 62))
                                 ^
conftest.c:66:23: note: in expansion of macro 'LARGE_OFF_T'
   int off_t_is_large[(LARGE_OFF_T % 2147483629 == 721
                       ^~~~~~~~~~~
conftest.c:65:57: warning: left shift count >= width of type [-Wshift-count-overflow]
 #define LARGE_OFF_T (((off_t) 1 << 62) - 1 + ((off_t) 1 << 62))
                                                         ^
conftest.c:66:23: note: in expansion of macro 'LARGE_OFF_T'
   int off_t_is_large[(LARGE_OFF_T % 2147483629 == 721
                       ^~~~~~~~~~~
conftest.c:65:33: warning: left shift count >= width of type [-Wshift-count-overflow]
 #define LARGE_OFF_T (((off_t) 1 << 62) - 1 + ((off_t) 1 << 62))
                                 ^
conftest.c:67:13: note: in expansion of macro 'LARGE_OFF_T'
          && LARGE_OFF_T % 2147483647 == 1)
             ^~~~~~~~~~~
conftest.c:65:57: warning: left shift count >= width of type [-Wshift-count-overflow]
 #define LARGE_OFF_T (((off_t) 1 << 62) - 1 + ((off_t) 1 << 62))
                                                         ^
conftest.c:67:13: note: in expansion of macro 'LARGE_OFF_T'
          && LARGE_OFF_T % 2147483647 == 1)
             ^~~~~~~~~~~
conftest.c:66:7: error: variably modified 'off_t_is_large' at file scope
   int off_t_is_large[(LARGE_OFF_T % 2147483629 == 721
       ^~~~~~~~~~~~~~
configure:4658: $? = 1
configure: failed program was:
| /* confdefs.h */
| #define PACKAGE_NAME "readline"
| #define PACKAGE_TARNAME "readline"
| #define PACKAGE_VERSION "6.2"
| #define PACKAGE_STRING "readline 6.2"
| #define PACKAGE_BUGREPORT "bug-readline@gnu.org"
| #define PACKAGE_URL ""
| #define STDC_HEADERS 1
| #define HAVE_SYS_TYPES_H 1
| #define HAVE_SYS_STAT_H 1
| #define HAVE_STDLIB_H 1
| #define HAVE_STRING_H 1
| #define HAVE_MEMORY_H 1
| #define HAVE_STRINGS_H 1
| #define HAVE_INTTYPES_H 1
| #define HAVE_STDINT_H 1
| #define HAVE_UNISTD_H 1
| #define __EXTENSIONS__ 1
| #define _ALL_SOURCE 1
| #define _GNU_SOURCE 1
| #define _POSIX_PTHREAD_SEMANTICS 1
| #define _TANDEM_SOURCE 1
| #define PROTOTYPES 1
| #define __PROTOTYPES 1
| #define RETSIGTYPE void
| #define STDC_HEADERS 1
| #define HAVE_DIRENT_H 1
| #define HAVE_FCNTL 1
| #define HAVE_KILL 1
| #define HAVE_LSTAT 1
| #define HAVE_MEMMOVE 1
| #define HAVE_PUTENV 1
| #define HAVE_SELECT 1
| #define HAVE_SETENV 1
| #define HAVE_SETLOCALE 1
| #define HAVE_STRCASECMP 1
| #define HAVE_STRPBRK 1
| #define HAVE_TCGETATTR 1
| #define HAVE_VSNPRINTF 1
| #define HAVE_ISASCII 1
| #define HAVE_ISXDIGIT 1
| #define HAVE_GETPWENT 1
| #define HAVE_GETPWNAM 1
| #define HAVE_GETPWUID 1
| #define HAVE_FCNTL_H 1
| #define HAVE_UNISTD_H 1
| #define HAVE_STDLIB_H 1
| #define HAVE_STDARG_H 1
| #define HAVE_STRING_H 1
| #define HAVE_STRINGS_H 1
| #define HAVE_LIMITS_H 1
| #define HAVE_LOCALE_H 1
| #define HAVE_PWD_H 1
| #define HAVE_MEMORY_H 1
| #define HAVE_TERMIOS_H 1
| #define HAVE_TERMIO_H 1
| #define HAVE_SYS_SELECT_H 1
| #define HAVE_SYS_FILE_H 1
| /* end confdefs.h.  */
| #include <sys/types.h>
|  /* Check that off_t can represent 2**63 - 1 correctly.
|     We can't simply define LARGE_OFF_T to be 9223372036854775807,
|     since some C++ compilers masquerading as C compilers
|     incorrectly reject 9223372036854775807.  */
| #define LARGE_OFF_T (((off_t) 1 << 62) - 1 + ((off_t) 1 << 62))
|   int off_t_is_large[(LARGE_OFF_T % 2147483629 == 721
| 		       && LARGE_OFF_T % 2147483647 == 1)
| 		      ? 1 : -1];
| int
| main ()
| {
| 
|   ;
|   return 0;
| }
configure:4682: arm-linux-gnueabihf-gcc -c -O2 -Wno-error -Wno-format-overflow -Wno-format-truncation  conftest.c >&5
configure:4682: $? = 0
configure:4690: result: 64
configure:4775: checking for type of signal functions
configure:4798: arm-linux-gnueabihf-gcc -o conftest -O2 -Wno-error -Wno-format-overflow -Wno-format-truncation   -L/mnt/kai/code/termcap-1.3.1 conftest.c  >&5
configure:4798: $? = 0
configure:4856: result: posix
configure:4871: checking if signal handlers must be reinstalled when invoked
configure:4877: WARNING: cannot check signal handling if cross compiling -- defaulting to no
configure:4940: result: no
configure:4949: checking for presence of POSIX-style sigsetjmp/siglongjmp
configure:4955: WARNING: cannot check for sigsetjmp/siglongjmp if cross-compiling -- defaulting to missing
configure:5012: result: missing
configure:5019: checking for lstat
configure:5038: arm-linux-gnueabihf-gcc -o conftest -O2 -Wno-error -Wno-format-overflow -Wno-format-truncation   -L/mnt/kai/code/termcap-1.3.1 conftest.c  >&5
configure:5038: $? = 0
configure:5046: result: yes
configure:5054: checking whether or not strcoll and strcmp differ
configure:5060: WARNING: cannot check strcoll if cross compiling -- defaulting to no
configure:5115: result: no
configure:5123: checking whether the ctype macros accept non-ascii characters
configure:5129: WARNING: cannot check ctype macros if cross compiling -- defaulting to no
configure:5179: result: no
configure:5187: checking whether getpw functions are declared in pwd.h
configure:5212: result: yes
configure:5220: checking whether termios.h defines TIOCGWINSZ
configure:5243: result: no
configure:5247: checking whether sys/ioctl.h defines TIOCGWINSZ
configure:5270: result: yes
configure:5281: checking for sig_atomic_t in signal.h
configure:5299: arm-linux-gnueabihf-gcc -o conftest -O2 -Wno-error -Wno-format-overflow -Wno-format-truncation   -L/mnt/kai/code/termcap-1.3.1 conftest.c  >&5
configure:5299: $? = 0
configure:5307: result: yes
configure:5324: checking whether signal handlers are of type void
configure:5348: arm-linux-gnueabihf-gcc -c -O2 -Wno-error -Wno-format-overflow -Wno-format-truncation  conftest.c >&5
configure:5348: $? = 0
configure:5355: result: yes
configure:5363: checking for TIOCSTAT in sys/ioctl.h
configure:5380: arm-linux-gnueabihf-gcc -c -O2 -Wno-error -Wno-format-overflow -Wno-format-truncation  conftest.c >&5
conftest.c: In function 'main':
conftest.c:71:9: error: 'TIOCSTAT' undeclared (first use in this function); did you mean 'TIOCSTI'?
 int x = TIOCSTAT;
         ^~~~~~~~
         TIOCSTI
conftest.c:71:9: note: each undeclared identifier is reported only once for each function it appears in
configure:5380: $? = 1
configure: failed program was:
| /* confdefs.h */
| #define PACKAGE_NAME "readline"
| #define PACKAGE_TARNAME "readline"
| #define PACKAGE_VERSION "6.2"
| #define PACKAGE_STRING "readline 6.2"
| #define PACKAGE_BUGREPORT "bug-readline@gnu.org"
| #define PACKAGE_URL ""
| #define STDC_HEADERS 1
| #define HAVE_SYS_TYPES_H 1
| #define HAVE_SYS_STAT_H 1
| #define HAVE_STDLIB_H 1
| #define HAVE_STRING_H 1
| #define HAVE_MEMORY_H 1
| #define HAVE_STRINGS_H 1
| #define HAVE_INTTYPES_H 1
| #define HAVE_STDINT_H 1
| #define HAVE_UNISTD_H 1
| #define __EXTENSIONS__ 1
| #define _ALL_SOURCE 1
| #define _GNU_SOURCE 1
| #define _POSIX_PTHREAD_SEMANTICS 1
| #define _TANDEM_SOURCE 1
| #define PROTOTYPES 1
| #define __PROTOTYPES 1
| #define RETSIGTYPE void
| #define STDC_HEADERS 1
| #define HAVE_DIRENT_H 1
| #define HAVE_FCNTL 1
| #define HAVE_KILL 1
| #define HAVE_LSTAT 1
| #define HAVE_MEMMOVE 1
| #define HAVE_PUTENV 1
| #define HAVE_SELECT 1
| #define HAVE_SETENV 1
| #define HAVE_SETLOCALE 1
| #define HAVE_STRCASECMP 1
| #define HAVE_STRPBRK 1
| #define HAVE_TCGETATTR 1
| #define HAVE_VSNPRINTF 1
| #define HAVE_ISASCII 1
| #define HAVE_ISXDIGIT 1
| #define HAVE_GETPWENT 1
| #define HAVE_GETPWNAM 1
| #define HAVE_GETPWUID 1
| #define HAVE_FCNTL_H 1
| #define HAVE_UNISTD_H 1
| #define HAVE_STDLIB_H 1
| #define HAVE_STDARG_H 1
| #define HAVE_STRING_H 1
| #define HAVE_STRINGS_H 1
| #define HAVE_LIMITS_H 1
| #define HAVE_LOCALE_H 1
| #define HAVE_PWD_H 1
| #define HAVE_MEMORY_H 1
| #define HAVE_TERMIOS_H 1
| #define HAVE_TERMIO_H 1
| #define HAVE_SYS_SELECT_H 1
| #define HAVE_SYS_FILE_H 1
| #define _FILE_OFFSET_BITS 64
| #define HAVE_POSIX_SIGNALS 1
| #define HAVE_LSTAT 1
| #define HAVE_GETPW_DECLS 1
| #define GWINSZ_IN_SYS_IOCTL 1
| #define VOID_SIGHANDLER 1
| /* end confdefs.h.  */
| #include <sys/types.h>
| #include <sys/ioctl.h>
| int
| main ()
| {
| int x = TIOCSTAT;
|   ;
|   return 0;
| }
configure:5388: result: no
configure:5395: checking for FIONREAD in sys/ioctl.h
configure:5412: arm-linux-gnueabihf-gcc -c -O2 -Wno-error -Wno-format-overflow -Wno-format-truncation  conftest.c >&5
configure:5412: $? = 0
configure:5420: result: yes
configure:5427: checking for speed_t in sys/types.h
configure:5443: arm-linux-gnueabihf-gcc -c -O2 -Wno-error -Wno-format-overflow -Wno-format-truncation  conftest.c >&5
conftest.c: In function 'main':
conftest.c:71:1: error: unknown type name 'speed_t'; did you mean 'size_t'?
 speed_t x;
 ^~~~~~~
 size_t
configure:5443: $? = 1
configure: failed program was:
| /* confdefs.h */
| #define PACKAGE_NAME "readline"
| #define PACKAGE_TARNAME "readline"
| #define PACKAGE_VERSION "6.2"
| #define PACKAGE_STRING "readline 6.2"
| #define PACKAGE_BUGREPORT "bug-readline@gnu.org"
| #define PACKAGE_URL ""
| #define STDC_HEADERS 1
| #define HAVE_SYS_TYPES_H 1
| #define HAVE_SYS_STAT_H 1
| #define HAVE_STDLIB_H 1
| #define HAVE_STRING_H 1
| #define HAVE_MEMORY_H 1
| #define HAVE_STRINGS_H 1
| #define HAVE_INTTYPES_H 1
| #define HAVE_STDINT_H 1
| #define HAVE_UNISTD_H 1
| #define __EXTENSIONS__ 1
| #define _ALL_SOURCE 1
| #define _GNU_SOURCE 1
| #define _POSIX_PTHREAD_SEMANTICS 1
| #define _TANDEM_SOURCE 1
| #define PROTOTYPES 1
| #define __PROTOTYPES 1
| #define RETSIGTYPE void
| #define STDC_HEADERS 1
| #define HAVE_DIRENT_H 1
| #define HAVE_FCNTL 1
| #define HAVE_KILL 1
| #define HAVE_LSTAT 1
| #define HAVE_MEMMOVE 1
| #define HAVE_PUTENV 1
| #define HAVE_SELECT 1
| #define HAVE_SETENV 1
| #define HAVE_SETLOCALE 1
| #define HAVE_STRCASECMP 1
| #define HAVE_STRPBRK 1
| #define HAVE_TCGETATTR 1
| #define HAVE_VSNPRINTF 1
| #define HAVE_ISASCII 1
| #define HAVE_ISXDIGIT 1
| #define HAVE_GETPWENT 1
| #define HAVE_GETPWNAM 1
| #define HAVE_GETPWUID 1
| #define HAVE_FCNTL_H 1
| #define HAVE_UNISTD_H 1
| #define HAVE_STDLIB_H 1
| #define HAVE_STDARG_H 1
| #define HAVE_STRING_H 1
| #define HAVE_STRINGS_H 1
| #define HAVE_LIMITS_H 1
| #define HAVE_LOCALE_H 1
| #define HAVE_PWD_H 1
| #define HAVE_MEMORY_H 1
| #define HAVE_TERMIOS_H 1
| #define HAVE_TERMIO_H 1
| #define HAVE_SYS_SELECT_H 1
| #define HAVE_SYS_FILE_H 1
| #define _FILE_OFFSET_BITS 64
| #define HAVE_POSIX_SIGNALS 1
| #define HAVE_LSTAT 1
| #define HAVE_GETPW_DECLS 1
| #define GWINSZ_IN_SYS_IOCTL 1
| #define VOID_SIGHANDLER 1
| #define FIONREAD_IN_SYS_IOCTL 1
| /* end confdefs.h.  */
| #include <sys/types.h>
| int
| main ()
| {
| speed_t x;
|   ;
|   return 0;
| }
configure:5451: result: no
configure:5458: checking for struct winsize in sys/ioctl.h and termios.h
configure:5475: arm-linux-gnueabihf-gcc -c -O2 -Wno-error -Wno-format-overflow -Wno-format-truncation  conftest.c >&5
configure:5475: $? = 0
configure:5502: result: sys/ioctl.h
configure:5517: checking for struct dirent.d_ino
configure:5555: arm-linux-gnueabihf-gcc -c -O2 -Wno-error -Wno-format-overflow -Wno-format-truncation  conftest.c >&5
configure:5555: $? = 0
configure:5563: result: yes
configure:5571: checking for struct dirent.d_fileno
configure:5609: arm-linux-gnueabihf-gcc -c -O2 -Wno-error -Wno-format-overflow -Wno-format-truncation  conftest.c >&5
configure:5609: $? = 0
configure:5617: result: yes
configure:5639: checking for tgetent
configure:5639: arm-linux-gnueabihf-gcc -o conftest -O2 -Wno-error -Wno-format-overflow -Wno-format-truncation   -L/mnt/kai/code/termcap-1.3.1 conftest.c  >&5
/tmp/cclVSCmI.o: In function `main':
conftest.c:(.text.startup+0x2): undefined reference to `tgetent'
collect2: error: ld returned 1 exit status
configure:5639: $? = 1
configure: failed program was:
| /* confdefs.h */
| #define PACKAGE_NAME "readline"
| #define PACKAGE_TARNAME "readline"
| #define PACKAGE_VERSION "6.2"
| #define PACKAGE_STRING "readline 6.2"
| #define PACKAGE_BUGREPORT "bug-readline@gnu.org"
| #define PACKAGE_URL ""
| #define STDC_HEADERS 1
| #define HAVE_SYS_TYPES_H 1
| #define HAVE_SYS_STAT_H 1
| #define HAVE_STDLIB_H 1
| #define HAVE_STRING_H 1
| #define HAVE_MEMORY_H 1
| #define HAVE_STRINGS_H 1
| #define HAVE_INTTYPES_H 1
| #define HAVE_STDINT_H 1
| #define HAVE_UNISTD_H 1
| #define __EXTENSIONS__ 1
| #define _ALL_SOURCE 1
| #define _GNU_SOURCE 1
| #define _POSIX_PTHREAD_SEMANTICS 1
| #define _TANDEM_SOURCE 1
| #define PROTOTYPES 1
| #define __PROTOTYPES 1
| #define RETSIGTYPE void
| #define STDC_HEADERS 1
| #define HAVE_DIRENT_H 1
| #define HAVE_FCNTL 1
| #define HAVE_KILL 1
| #define HAVE_LSTAT 1
| #define HAVE_MEMMOVE 1
| #define HAVE_PUTENV 1
| #define HAVE_SELECT 1
| #define HAVE_SETENV 1
| #define HAVE_SETLOCALE 1
| #define HAVE_STRCASECMP 1
| #define HAVE_STRPBRK 1
| #define HAVE_TCGETATTR 1
| #define HAVE_VSNPRINTF 1
| #define HAVE_ISASCII 1
| #define HAVE_ISXDIGIT 1
| #define HAVE_GETPWENT 1
| #define HAVE_GETPWNAM 1
| #define HAVE_GETPWUID 1
| #define HAVE_FCNTL_H 1
| #define HAVE_UNISTD_H 1
| #define HAVE_STDLIB_H 1
| #define HAVE_STDARG_H 1
| #define HAVE_STRING_H 1
| #define HAVE_STRINGS_H 1
| #define HAVE_LIMITS_H 1
| #define HAVE_LOCALE_H 1
| #define HAVE_PWD_H 1
| #define HAVE_MEMORY_H 1
| #define HAVE_TERMIOS_H 1
| #define HAVE_TERMIO_H 1
| #define HAVE_SYS_SELECT_H 1
| #define HAVE_SYS_FILE_H 1
| #define _FILE_OFFSET_BITS 64
| #define HAVE_POSIX_SIGNALS 1
| #define HAVE_LSTAT 1
| #define HAVE_GETPW_DECLS 1
| #define GWINSZ_IN_SYS_IOCTL 1
| #define VOID_SIGHANDLER 1
| #define FIONREAD_IN_SYS_IOCTL 1
| #define STRUCT_WINSIZE_IN_SYS_IOCTL 1
| #define HAVE_STRUCT_DIRENT_D_INO 1
| #define HAVE_STRUCT_DIRENT_D_FILENO 1
| /* end confdefs.h.  */
| /* Define tgetent to an innocuous variant, in case <limits.h> declares tgetent.
|    For example, HP-UX 11i <limits.h> declares gettimeofday.  */
| #define tgetent innocuous_tgetent
| 
| /* System header to define __stub macros and hopefully few prototypes,
|     which can conflict with char tgetent (); below.
|     Prefer <limits.h> to <assert.h> if __STDC__ is defined, since
|     <limits.h> exists even on freestanding compilers.  */
| 
| #ifdef __STDC__
| # include <limits.h>
| #else
| # include <assert.h>
| #endif
| 
| #undef tgetent
| 
| /* Override any GCC internal prototype to avoid an error.
|    Use char because int might match the return type of a GCC
|    builtin and then its argument prototype would still apply.  */
| #ifdef __cplusplus
| extern "C"
| #endif
| char tgetent ();
| /* The GNU C library defines this for functions which it implements
|     to always fail with ENOSYS.  Some functions are actually named
|     something starting with __ and the normal name is an alias.  */
| #if defined __stub_tgetent || defined __stub___tgetent
| choke me
| #endif
| 
| int
| main ()
| {
| return tgetent ();
|   ;
|   return 0;
| }
configure:5639: result: no
configure:5643: checking for tgetent in -ltermcap
configure:5668: arm-linux-gnueabihf-gcc -o conftest -O2 -Wno-error -Wno-format-overflow -Wno-format-truncation   -L/mnt/kai/code/termcap-1.3.1 conftest.c -ltermcap   >&5
configure:5668: $? = 0
configure:5677: result: yes
configure:5813: checking which library has the termcap functions
configure:5816: result: using libtermcap
configure:5850: checking wctype.h usability
configure:5850: arm-linux-gnueabihf-gcc -c -O2 -Wno-error -Wno-format-overflow -Wno-format-truncation  conftest.c >&5
configure:5850: $? = 0
configure:5850: result: yes
configure:5850: checking wctype.h presence
configure:5850: arm-linux-gnueabihf-gcc -E  conftest.c
configure:5850: $? = 0
configure:5850: result: yes
configure:5850: checking for wctype.h
configure:5850: result: yes
configure:5862: checking wchar.h usability
configure:5862: arm-linux-gnueabihf-gcc -c -O2 -Wno-error -Wno-format-overflow -Wno-format-truncation  conftest.c >&5
configure:5862: $? = 0
configure:5862: result: yes
configure:5862: checking wchar.h presence
configure:5862: arm-linux-gnueabihf-gcc -E  conftest.c
configure:5862: $? = 0
configure:5862: result: yes
configure:5862: checking for wchar.h
configure:5862: result: yes
configure:5874: checking langinfo.h usability
configure:5874: arm-linux-gnueabihf-gcc -c -O2 -Wno-error -Wno-format-overflow -Wno-format-truncation  conftest.c >&5
configure:5874: $? = 0
configure:5874: result: yes
configure:5874: checking langinfo.h presence
configure:5874: arm-linux-gnueabihf-gcc -E  conftest.c
configure:5874: $? = 0
configure:5874: result: yes
configure:5874: checking for langinfo.h
configure:5874: result: yes
configure:5885: checking for mbrlen
configure:5885: arm-linux-gnueabihf-gcc -o conftest -O2 -Wno-error -Wno-format-overflow -Wno-format-truncation   -L/mnt/kai/code/termcap-1.3.1 conftest.c  >&5
configure:5885: $? = 0
configure:5885: result: yes
configure:5891: checking for mbscasecmp
configure:5891: arm-linux-gnueabihf-gcc -o conftest -O2 -Wno-error -Wno-format-overflow -Wno-format-truncation   -L/mnt/kai/code/termcap-1.3.1 conftest.c  >&5
/tmp/ccVy7D6L.o: In function `main':
conftest.c:(.text.startup+0x2): undefined reference to `mbscasecmp'
collect2: error: ld returned 1 exit status
configure:5891: $? = 1
configure: failed program was:
| /* confdefs.h */
| #define PACKAGE_NAME "readline"
| #define PACKAGE_TARNAME "readline"
| #define PACKAGE_VERSION "6.2"
| #define PACKAGE_STRING "readline 6.2"
| #define PACKAGE_BUGREPORT "bug-readline@gnu.org"
| #define PACKAGE_URL ""
| #define STDC_HEADERS 1
| #define HAVE_SYS_TYPES_H 1
| #define HAVE_SYS_STAT_H 1
| #define HAVE_STDLIB_H 1
| #define HAVE_STRING_H 1
| #define HAVE_MEMORY_H 1
| #define HAVE_STRINGS_H 1
| #define HAVE_INTTYPES_H 1
| #define HAVE_STDINT_H 1
| #define HAVE_UNISTD_H 1
| #define __EXTENSIONS__ 1
| #define _ALL_SOURCE 1
| #define _GNU_SOURCE 1
| #define _POSIX_PTHREAD_SEMANTICS 1
| #define _TANDEM_SOURCE 1
| #define PROTOTYPES 1
| #define __PROTOTYPES 1
| #define RETSIGTYPE void
| #define STDC_HEADERS 1
| #define HAVE_DIRENT_H 1
| #define HAVE_FCNTL 1
| #define HAVE_KILL 1
| #define HAVE_LSTAT 1
| #define HAVE_MEMMOVE 1
| #define HAVE_PUTENV 1
| #define HAVE_SELECT 1
| #define HAVE_SETENV 1
| #define HAVE_SETLOCALE 1
| #define HAVE_STRCASECMP 1
| #define HAVE_STRPBRK 1
| #define HAVE_TCGETATTR 1
| #define HAVE_VSNPRINTF 1
| #define HAVE_ISASCII 1
| #define HAVE_ISXDIGIT 1
| #define HAVE_GETPWENT 1
| #define HAVE_GETPWNAM 1
| #define HAVE_GETPWUID 1
| #define HAVE_FCNTL_H 1
| #define HAVE_UNISTD_H 1
| #define HAVE_STDLIB_H 1
| #define HAVE_STDARG_H 1
| #define HAVE_STRING_H 1
| #define HAVE_STRINGS_H 1
| #define HAVE_LIMITS_H 1
| #define HAVE_LOCALE_H 1
| #define HAVE_PWD_H 1
| #define HAVE_MEMORY_H 1
| #define HAVE_TERMIOS_H 1
| #define HAVE_TERMIO_H 1
| #define HAVE_SYS_SELECT_H 1
| #define HAVE_SYS_FILE_H 1
| #define _FILE_OFFSET_BITS 64
| #define HAVE_POSIX_SIGNALS 1
| #define HAVE_LSTAT 1
| #define HAVE_GETPW_DECLS 1
| #define GWINSZ_IN_SYS_IOCTL 1
| #define VOID_SIGHANDLER 1
| #define FIONREAD_IN_SYS_IOCTL 1
| #define STRUCT_WINSIZE_IN_SYS_IOCTL 1
| #define HAVE_STRUCT_DIRENT_D_INO 1
| #define HAVE_STRUCT_DIRENT_D_FILENO 1
| #define HAVE_WCTYPE_H 1
| #define HAVE_WCHAR_H 1
| #define HAVE_LANGINFO_H 1
| #define HAVE_MBRLEN 1
| /* end confdefs.h.  */
| /* Define mbscasecmp to an innocuous variant, in case <limits.h> declares mbscasecmp.
|    For example, HP-UX 11i <limits.h> declares gettimeofday.  */
| #define mbscasecmp innocuous_mbscasecmp
| 
| /* System header to define __stub macros and hopefully few prototypes,
|     which can conflict with char mbscasecmp (); below.
|     Prefer <limits.h> to <assert.h> if __STDC__ is defined, since
|     <limits.h> exists even on freestanding compilers.  */
| 
| #ifdef __STDC__
| # include <limits.h>
| #else
| # include <assert.h>
| #endif
| 
| #undef mbscasecmp
| 
| /* Override any GCC internal prototype to avoid an error.
|    Use char because int might match the return type of a GCC
|    builtin and then its argument prototype would still apply.  */
| #ifdef __cplusplus
| extern "C"
| #endif
| char mbscasecmp ();
| /* The GNU C library defines this for functions which it implements
|     to always fail with ENOSYS.  Some functions are actually named
|     something starting with __ and the normal name is an alias.  */
| #if defined __stub_mbscasecmp || defined __stub___mbscasecmp
| choke me
| #endif
| 
| int
| main ()
| {
| return mbscasecmp ();
|   ;
|   return 0;
| }
configure:5891: result: no
configure:5897: checking for mbscmp
configure:5897: arm-linux-gnueabihf-gcc -o conftest -O2 -Wno-error -Wno-format-overflow -Wno-format-truncation   -L/mnt/kai/code/termcap-1.3.1 conftest.c  >&5
/tmp/ccomHgbd.o: In function `main':
conftest.c:(.text.startup+0x2): undefined reference to `mbscmp'
collect2: error: ld returned 1 exit status
configure:5897: $? = 1
configure: failed program was:
| /* confdefs.h */
| #define PACKAGE_NAME "readline"
| #define PACKAGE_TARNAME "readline"
| #define PACKAGE_VERSION "6.2"
| #define PACKAGE_STRING "readline 6.2"
| #define PACKAGE_BUGREPORT "bug-readline@gnu.org"
| #define PACKAGE_URL ""
| #define STDC_HEADERS 1
| #define HAVE_SYS_TYPES_H 1
| #define HAVE_SYS_STAT_H 1
| #define HAVE_STDLIB_H 1
| #define HAVE_STRING_H 1
| #define HAVE_MEMORY_H 1
| #define HAVE_STRINGS_H 1
| #define HAVE_INTTYPES_H 1
| #define HAVE_STDINT_H 1
| #define HAVE_UNISTD_H 1
| #define __EXTENSIONS__ 1
| #define _ALL_SOURCE 1
| #define _GNU_SOURCE 1
| #define _POSIX_PTHREAD_SEMANTICS 1
| #define _TANDEM_SOURCE 1
| #define PROTOTYPES 1
| #define __PROTOTYPES 1
| #define RETSIGTYPE void
| #define STDC_HEADERS 1
| #define HAVE_DIRENT_H 1
| #define HAVE_FCNTL 1
| #define HAVE_KILL 1
| #define HAVE_LSTAT 1
| #define HAVE_MEMMOVE 1
| #define HAVE_PUTENV 1
| #define HAVE_SELECT 1
| #define HAVE_SETENV 1
| #define HAVE_SETLOCALE 1
| #define HAVE_STRCASECMP 1
| #define HAVE_STRPBRK 1
| #define HAVE_TCGETATTR 1
| #define HAVE_VSNPRINTF 1
| #define HAVE_ISASCII 1
| #define HAVE_ISXDIGIT 1
| #define HAVE_GETPWENT 1
| #define HAVE_GETPWNAM 1
| #define HAVE_GETPWUID 1
| #define HAVE_FCNTL_H 1
| #define HAVE_UNISTD_H 1
| #define HAVE_STDLIB_H 1
| #define HAVE_STDARG_H 1
| #define HAVE_STRING_H 1
| #define HAVE_STRINGS_H 1
| #define HAVE_LIMITS_H 1
| #define HAVE_LOCALE_H 1
| #define HAVE_PWD_H 1
| #define HAVE_MEMORY_H 1
| #define HAVE_TERMIOS_H 1
| #define HAVE_TERMIO_H 1
| #define HAVE_SYS_SELECT_H 1
| #define HAVE_SYS_FILE_H 1
| #define _FILE_OFFSET_BITS 64
| #define HAVE_POSIX_SIGNALS 1
| #define HAVE_LSTAT 1
| #define HAVE_GETPW_DECLS 1
| #define GWINSZ_IN_SYS_IOCTL 1
| #define VOID_SIGHANDLER 1
| #define FIONREAD_IN_SYS_IOCTL 1
| #define STRUCT_WINSIZE_IN_SYS_IOCTL 1
| #define HAVE_STRUCT_DIRENT_D_INO 1
| #define HAVE_STRUCT_DIRENT_D_FILENO 1
| #define HAVE_WCTYPE_H 1
| #define HAVE_WCHAR_H 1
| #define HAVE_LANGINFO_H 1
| #define HAVE_MBRLEN 1
| /* end confdefs.h.  */
| /* Define mbscmp to an innocuous variant, in case <limits.h> declares mbscmp.
|    For example, HP-UX 11i <limits.h> declares gettimeofday.  */
| #define mbscmp innocuous_mbscmp
| 
| /* System header to define __stub macros and hopefully few prototypes,
|     which can conflict with char mbscmp (); below.
|     Prefer <limits.h> to <assert.h> if __STDC__ is defined, since
|     <limits.h> exists even on freestanding compilers.  */
| 
| #ifdef __STDC__
| # include <limits.h>
| #else
| # include <assert.h>
| #endif
| 
| #undef mbscmp
| 
| /* Override any GCC internal prototype to avoid an error.
|    Use char because int might match the return type of a GCC
|    builtin and then its argument prototype would still apply.  */
| #ifdef __cplusplus
| extern "C"
| #endif
| char mbscmp ();
| /* The GNU C library defines this for functions which it implements
|     to always fail with ENOSYS.  Some functions are actually named
|     something starting with __ and the normal name is an alias.  */
| #if defined __stub_mbscmp || defined __stub___mbscmp
| choke me
| #endif
| 
| int
| main ()
| {
| return mbscmp ();
|   ;
|   return 0;
| }
configure:5897: result: no
configure:5903: checking for mbsnrtowcs
configure:5903: arm-linux-gnueabihf-gcc -o conftest -O2 -Wno-error -Wno-format-overflow -Wno-format-truncation   -L/mnt/kai/code/termcap-1.3.1 conftest.c  >&5
configure:5903: $? = 0
configure:5903: result: yes
configure:5909: checking for mbsrtowcs
configure:5909: arm-linux-gnueabihf-gcc -o conftest -O2 -Wno-error -Wno-format-overflow -Wno-format-truncation   -L/mnt/kai/code/termcap-1.3.1 conftest.c  >&5
configure:5909: $? = 0
configure:5909: result: yes
configure:5919: checking for mbschr
configure:5919: arm-linux-gnueabihf-gcc -o conftest -O2 -Wno-error -Wno-format-overflow -Wno-format-truncation   -L/mnt/kai/code/termcap-1.3.1 conftest.c  >&5
/tmp/ccLAR80H.o: In function `main':
conftest.c:(.text.startup+0x2): undefined reference to `mbschr'
collect2: error: ld returned 1 exit status
configure:5919: $? = 1
configure: failed program was:
| /* confdefs.h */
| #define PACKAGE_NAME "readline"
| #define PACKAGE_TARNAME "readline"
| #define PACKAGE_VERSION "6.2"
| #define PACKAGE_STRING "readline 6.2"
| #define PACKAGE_BUGREPORT "bug-readline@gnu.org"
| #define PACKAGE_URL ""
| #define STDC_HEADERS 1
| #define HAVE_SYS_TYPES_H 1
| #define HAVE_SYS_STAT_H 1
| #define HAVE_STDLIB_H 1
| #define HAVE_STRING_H 1
| #define HAVE_MEMORY_H 1
| #define HAVE_STRINGS_H 1
| #define HAVE_INTTYPES_H 1
| #define HAVE_STDINT_H 1
| #define HAVE_UNISTD_H 1
| #define __EXTENSIONS__ 1
| #define _ALL_SOURCE 1
| #define _GNU_SOURCE 1
| #define _POSIX_PTHREAD_SEMANTICS 1
| #define _TANDEM_SOURCE 1
| #define PROTOTYPES 1
| #define __PROTOTYPES 1
| #define RETSIGTYPE void
| #define STDC_HEADERS 1
| #define HAVE_DIRENT_H 1
| #define HAVE_FCNTL 1
| #define HAVE_KILL 1
| #define HAVE_LSTAT 1
| #define HAVE_MEMMOVE 1
| #define HAVE_PUTENV 1
| #define HAVE_SELECT 1
| #define HAVE_SETENV 1
| #define HAVE_SETLOCALE 1
| #define HAVE_STRCASECMP 1
| #define HAVE_STRPBRK 1
| #define HAVE_TCGETATTR 1
| #define HAVE_VSNPRINTF 1
| #define HAVE_ISASCII 1
| #define HAVE_ISXDIGIT 1
| #define HAVE_GETPWENT 1
| #define HAVE_GETPWNAM 1
| #define HAVE_GETPWUID 1
| #define HAVE_FCNTL_H 1
| #define HAVE_UNISTD_H 1
| #define HAVE_STDLIB_H 1
| #define HAVE_STDARG_H 1
| #define HAVE_STRING_H 1
| #define HAVE_STRINGS_H 1
| #define HAVE_LIMITS_H 1
| #define HAVE_LOCALE_H 1
| #define HAVE_PWD_H 1
| #define HAVE_MEMORY_H 1
| #define HAVE_TERMIOS_H 1
| #define HAVE_TERMIO_H 1
| #define HAVE_SYS_SELECT_H 1
| #define HAVE_SYS_FILE_H 1
| #define _FILE_OFFSET_BITS 64
| #define HAVE_POSIX_SIGNALS 1
| #define HAVE_LSTAT 1
| #define HAVE_GETPW_DECLS 1
| #define GWINSZ_IN_SYS_IOCTL 1
| #define VOID_SIGHANDLER 1
| #define FIONREAD_IN_SYS_IOCTL 1
| #define STRUCT_WINSIZE_IN_SYS_IOCTL 1
| #define HAVE_STRUCT_DIRENT_D_INO 1
| #define HAVE_STRUCT_DIRENT_D_FILENO 1
| #define HAVE_WCTYPE_H 1
| #define HAVE_WCHAR_H 1
| #define HAVE_LANGINFO_H 1
| #define HAVE_MBRLEN 1
| #define HAVE_MBSNRTOWCS 1
| #define HAVE_MBSRTOWCS 1
| /* end confdefs.h.  */
| /* Define mbschr to an innocuous variant, in case <limits.h> declares mbschr.
|    For example, HP-UX 11i <limits.h> declares gettimeofday.  */
| #define mbschr innocuous_mbschr
| 
| /* System header to define __stub macros and hopefully few prototypes,
|     which can conflict with char mbschr (); below.
|     Prefer <limits.h> to <assert.h> if __STDC__ is defined, since
|     <limits.h> exists even on freestanding compilers.  */
| 
| #ifdef __STDC__
| # include <limits.h>
| #else
| # include <assert.h>
| #endif
| 
| #undef mbschr
| 
| /* Override any GCC internal prototype to avoid an error.
|    Use char because int might match the return type of a GCC
|    builtin and then its argument prototype would still apply.  */
| #ifdef __cplusplus
| extern "C"
| #endif
| char mbschr ();
| /* The GNU C library defines this for functions which it implements
|     to always fail with ENOSYS.  Some functions are actually named
|     something starting with __ and the normal name is an alias.  */
| #if defined __stub_mbschr || defined __stub___mbschr
| choke me
| #endif
| 
| int
| main ()
| {
| return mbschr ();
|   ;
|   return 0;
| }
configure:5919: result: no
configure:5937: checking for wcrtomb
configure:5937: arm-linux-gnueabihf-gcc -o conftest -O2 -Wno-error -Wno-format-overflow -Wno-format-truncation   -L/mnt/kai/code/termcap-1.3.1 conftest.c  >&5
configure:5937: $? = 0
configure:5937: result: yes
configure:5943: checking for wcscoll
configure:5943: arm-linux-gnueabihf-gcc -o conftest -O2 -Wno-error -Wno-format-overflow -Wno-format-truncation   -L/mnt/kai/code/termcap-1.3.1 conftest.c  >&5
configure:5943: $? = 0
configure:5943: result: yes
configure:5949: checking for wcsdup
configure:5949: arm-linux-gnueabihf-gcc -o conftest -O2 -Wno-error -Wno-format-overflow -Wno-format-truncation   -L/mnt/kai/code/termcap-1.3.1 conftest.c  >&5
configure:5949: $? = 0
configure:5949: result: yes
configure:5955: checking for wcwidth
configure:5955: arm-linux-gnueabihf-gcc -o conftest -O2 -Wno-error -Wno-format-overflow -Wno-format-truncation   -L/mnt/kai/code/termcap-1.3.1 conftest.c  >&5
configure:5955: $? = 0
configure:5955: result: yes
configure:5961: checking for wctype
configure:5961: arm-linux-gnueabihf-gcc -o conftest -O2 -Wno-error -Wno-format-overflow -Wno-format-truncation   -L/mnt/kai/code/termcap-1.3.1 conftest.c  >&5
configure:5961: $? = 0
configure:5961: result: yes
configure:5970: checking for wcswidth
configure:5970: arm-linux-gnueabihf-gcc -o conftest -O2 -Wno-error -Wno-format-overflow -Wno-format-truncation   -L/mnt/kai/code/termcap-1.3.1 conftest.c  >&5
configure:5970: $? = 0
configure:5970: result: yes
configure:5989: checking whether mbrtowc and mbstate_t are properly declared
configure:6009: arm-linux-gnueabihf-gcc -o conftest -O2 -Wno-error -Wno-format-overflow -Wno-format-truncation   -L/mnt/kai/code/termcap-1.3.1 conftest.c  >&5
configure:6009: $? = 0
configure:6017: result: yes
configure:6033: checking for iswlower
configure:6033: arm-linux-gnueabihf-gcc -o conftest -O2 -Wno-error -Wno-format-overflow -Wno-format-truncation   -L/mnt/kai/code/termcap-1.3.1 conftest.c  >&5
conftest.c:107:6: warning: conflicting types for built-in function 'iswlower' [-Wbuiltin-declaration-mismatch]
 char iswlower ();
      ^~~~~~~~
configure:6033: $? = 0
configure:6033: result: yes
configure:6033: checking for iswupper
configure:6033: arm-linux-gnueabihf-gcc -o conftest -O2 -Wno-error -Wno-format-overflow -Wno-format-truncation   -L/mnt/kai/code/termcap-1.3.1 conftest.c  >&5
conftest.c:108:6: warning: conflicting types for built-in function 'iswupper' [-Wbuiltin-declaration-mismatch]
 char iswupper ();
      ^~~~~~~~
configure:6033: $? = 0
configure:6033: result: yes
configure:6033: checking for towlower
configure:6033: arm-linux-gnueabihf-gcc -o conftest -O2 -Wno-error -Wno-format-overflow -Wno-format-truncation   -L/mnt/kai/code/termcap-1.3.1 conftest.c  >&5
conftest.c:109:6: warning: conflicting types for built-in function 'towlower' [-Wbuiltin-declaration-mismatch]
 char towlower ();
      ^~~~~~~~
configure:6033: $? = 0
configure:6033: result: yes
configure:6033: checking for towupper
configure:6033: arm-linux-gnueabihf-gcc -o conftest -O2 -Wno-error -Wno-format-overflow -Wno-format-truncation   -L/mnt/kai/code/termcap-1.3.1 conftest.c  >&5
conftest.c:110:6: warning: conflicting types for built-in function 'towupper' [-Wbuiltin-declaration-mismatch]
 char towupper ();
      ^~~~~~~~
configure:6033: $? = 0
configure:6033: result: yes
configure:6033: checking for iswctype
configure:6033: arm-linux-gnueabihf-gcc -o conftest -O2 -Wno-error -Wno-format-overflow -Wno-format-truncation   -L/mnt/kai/code/termcap-1.3.1 conftest.c  >&5
configure:6033: $? = 0
configure:6033: result: yes
configure:6044: checking for nl_langinfo and CODESET
configure:6060: arm-linux-gnueabihf-gcc -o conftest -O2 -Wno-error -Wno-format-overflow -Wno-format-truncation   -L/mnt/kai/code/termcap-1.3.1 conftest.c  >&5
configure:6060: $? = 0
configure:6068: result: yes
configure:6075: checking for wchar_t in wchar.h
configure:6095: arm-linux-gnueabihf-gcc -c -O2 -Wno-error -Wno-format-overflow -Wno-format-truncation  conftest.c >&5
configure:6095: $? = 0
configure:6102: result: yes
configure:6110: checking for wctype_t in wctype.h
configure:6129: arm-linux-gnueabihf-gcc -c -O2 -Wno-error -Wno-format-overflow -Wno-format-truncation  conftest.c >&5
configure:6129: $? = 0
configure:6136: result: yes
configure:6144: checking for wint_t in wctype.h
configure:6163: arm-linux-gnueabihf-gcc -c -O2 -Wno-error -Wno-format-overflow -Wno-format-truncation  conftest.c >&5
configure:6163: $? = 0
configure:6170: result: yes
configure:6212: checking configuration for building shared libraries
configure:6236: result: supported
configure:6364: updating cache ./config.cache
configure:6401: creating ./config.status

## ---------------------- ##
## Running config.status. ##
## ---------------------- ##

This file was extended by readline config.status 6.2, which was
generated by GNU Autoconf 2.64.  Invocation command line was

  CONFIG_FILES    = 
  CONFIG_HEADERS  = 
  CONFIG_LINKS    = 
  CONFIG_COMMANDS = 
  $ ./config.status 

on 994a0913a80d

config.status:925: creating Makefile
config.status:925: creating doc/Makefile
config.status:925: creating examples/Makefile
config.status:925: creating shlib/Makefile
config.status:925: creating config.h
config.status:1091: config.h is unchanged
config.status:1105: executing default commands

## ---------------- ##
## Cache variables. ##
## ---------------- ##

ac_cv_build=x86_64-unknown-linux-gnu
ac_cv_c_char_unsigned=yes
ac_cv_c_compiler_gnu=yes
ac_cv_c_const=yes
ac_cv_c_volatile=yes
ac_cv_env_CC_set=set
ac_cv_env_CC_value=arm-linux-gnueabihf-gcc
ac_cv_env_CFLAGS_set=set
ac_cv_env_CFLAGS_value='-O2 -Wno-error -Wno-format-overflow -Wno-format-truncation'
ac_cv_env_CPPFLAGS_set=
ac_cv_env_CPPFLAGS_value=
ac_cv_env_CPP_set=
ac_cv_env_CPP_value=
ac_cv_env_LDFLAGS_set=set
ac_cv_env_LDFLAGS_value=' -L/mnt/kai/code/termcap-1.3.1'
ac_cv_env_LIBS_set=
ac_cv_env_LIBS_value=
ac_cv_env_build_alias_set=set
ac_cv_env_build_alias_value=x86_64-unknown-linux-gnu
ac_cv_env_host_alias_set=set
ac_cv_env_host_alias_value=arm-linux
ac_cv_env_target_alias_set=set
ac_cv_env_target_alias_value=arm-linux
ac_cv_func_fcntl=yes
ac_cv_func_getpwent=yes
ac_cv_func_getpwnam=yes
ac_cv_func_getpwuid=yes
ac_cv_func_isascii=yes
ac_cv_func_iswctype=yes
ac_cv_func_iswlower=yes
ac_cv_func_iswupper=yes
ac_cv_func_isxdigit=yes
ac_cv_func_kill=yes
ac_cv_func_lstat=yes
ac_cv_func_mbrlen=yes
ac_cv_func_mbrtowc=yes
ac_cv_func_mbscasecmp=no
ac_cv_func_mbschr=no
ac_cv_func_mbscmp=no
ac_cv_func_mbsnrtowcs=yes
ac_cv_func_mbsrtowcs=yes
ac_cv_func_memmove=yes
ac_cv_func_putenv=yes
ac_cv_func_select=yes
ac_cv_func_setenv=yes
ac_cv_func_setlocale=yes
ac_cv_func_strcasecmp=yes
ac_cv_func_strcoll_works=no
ac_cv_func_strpbrk=yes
ac_cv_func_tcgetattr=yes
ac_cv_func_tgetent=no
ac_cv_func_towlower=yes
ac_cv_func_towupper=yes
ac_cv_func_vsnprintf=yes
ac_cv_func_wcrtomb=yes
ac_cv_func_wcscoll=yes
ac_cv_func_wcsdup=yes
ac_cv_func_wcswidth=yes
ac_cv_func_wctype=yes
ac_cv_func_wcwidth=yes
ac_cv_have_sig_atomic_t=yes
ac_cv_header_dirent_dirent_h=yes
ac_cv_header_fcntl_h=yes
ac_cv_header_inttypes_h=yes
ac_cv_header_langinfo_h=yes
ac_cv_header_limits_h=yes
ac_cv_header_locale_h=yes
ac_cv_header_memory_h=yes
ac_cv_header_minix_config_h=no
ac_cv_header_pwd_h=yes
ac_cv_header_stat_broken=no
ac_cv_header_stdarg_h=yes
ac_cv_header_stdc=yes
ac_cv_header_stdint_h=yes
ac_cv_header_stdlib_h=yes
ac_cv_header_string_h=yes
ac_cv_header_strings_h=yes
ac_cv_header_sys_file_h=yes
ac_cv_header_sys_pte_h=no
ac_cv_header_sys_ptem_h=no
ac_cv_header_sys_select_h=yes
ac_cv_header_sys_stat_h=yes
ac_cv_header_sys_stream_h=no
ac_cv_header_sys_types_h=yes
ac_cv_header_termcap_h=no
ac_cv_header_termio_h=yes
ac_cv_header_termios_h=yes
ac_cv_header_unistd_h=yes
ac_cv_header_varargs_h=no
ac_cv_header_wchar_h=yes
ac_cv_header_wctype_h=yes
ac_cv_host=arm-unknown-linux-gnu
ac_cv_lib_termcap_tgetent=yes
ac_cv_objext=o
ac_cv_path_EGREP='/bin/grep -E'
ac_cv_path_GREP=/bin/grep
ac_cv_prog_AR=arm-linux-gnueabihf-ar
ac_cv_prog_CC=arm-linux-gnueabihf-gcc
ac_cv_prog_CPP='arm-linux-gnueabihf-gcc -E'
ac_cv_prog_RANLIB=true
ac_cv_prog_cc_c89=
ac_cv_prog_cc_g=yes
ac_cv_prog_gcc_traditional=no
ac_cv_prog_make_make_set=yes
ac_cv_safe_to_define___extensions__=yes
ac_cv_search_opendir='none required'
ac_cv_sys_file_offset_bits=64
ac_cv_sys_largefile_CC=no
ac_cv_sys_tiocgwinsz_in_sys_ioctl_h=yes
ac_cv_sys_tiocgwinsz_in_termios_h=no
ac_cv_type_signal=void
ac_cv_type_size_t=yes
ac_cv_type_ssize_t=yes
bash_cv_dirent_has_d_fileno=yes
bash_cv_dirent_has_dino=yes
bash_cv_fionread_in_ioctl=yes
bash_cv_func_ctype_nonascii=no
bash_cv_func_lstat=yes
bash_cv_func_sigsetjmp=missing
bash_cv_func_strcoll_broken=no
bash_cv_getpw_declared=yes
bash_cv_langinfo_codeset=yes
bash_cv_must_reinstall_sighandlers=no
bash_cv_signal_vintage=posix
bash_cv_speed_t_in_sys_types=no
bash_cv_struct_winsize_header=ioctl_h
bash_cv_termcap_lib=libtermcap
bash_cv_tiocstat_in_ioctl=no
bash_cv_type_wchar_t=yes
bash_cv_type_wctype_t=yes
bash_cv_type_wint_t=yes
bash_cv_void_sighandler=yes

## ----------------- ##
## Output variables. ##
## ----------------- ##

AR='arm-linux-gnueabihf-ar'
ARFLAGS='cr'
BUILD_DIR='/mnt/kai/code/gdb-7.5-v1/readline'
CC='arm-linux-gnueabihf-gcc'
CFLAGS='-O2 -Wno-error -Wno-format-overflow -Wno-format-truncation'
CPP='arm-linux-gnueabihf-gcc -E'
CPPFLAGS=''
CROSS_COMPILE='-DCROSS_COMPILING'
DEFS='-DHAVE_CONFIG_H'
ECHO_C=''
ECHO_N='-n'
ECHO_T=''
EGREP='/bin/grep -E'
EXEEXT=''
GREP='/bin/grep'
INSTALL_DATA='/usr/bin/install -c -m 644'
INSTALL_PROGRAM='/usr/bin/install -c'
INSTALL_SCRIPT='/usr/bin/install -c'
LDFLAGS=' -L/mnt/kai/code/termcap-1.3.1'
LIBOBJS=' ${LIBOBJDIR}mbschr$U.o'
LIBS=''
LIBVERSION='6.2'
LOCAL_CFLAGS=''
LOCAL_DEFS=''
LOCAL_LDFLAGS=''
LTLIBOBJS=' ${LIBOBJDIR}mbschr$U.lo'
MAKE_SHELL='/bin/sh'
OBJEXT='o'
PACKAGE_BUGREPORT='bug-readline@gnu.org'
PACKAGE_NAME='readline'
PACKAGE_STRING='readline 6.2'
PACKAGE_TARNAME='readline'
PACKAGE_URL=''
PACKAGE_VERSION='6.2'
PATH_SEPARATOR=':'
PURIFY=''
RANLIB='true'
SET_MAKE=''
SHARED_INSTALL_TARGET=''
SHARED_TARGET=''
SHELL='/bin/bash'
SHLIB_DLLVERSION='$(SHLIB_MAJOR)'
SHLIB_DOT='.'
SHLIB_LIBPREF='lib'
SHLIB_LIBS=''
SHLIB_LIBSUFF='so'
SHLIB_LIBVERSION='$(SHLIB_LIBSUFF).$(SHLIB_MAJOR)$(SHLIB_MINOR)'
SHLIB_MAJOR='6'
SHLIB_MINOR='2'
SHLIB_STATUS='supported'
SHLIB_XLDFLAGS='-Wl,-rpath,$(libdir) -Wl,-soname,`basename $@ $(SHLIB_MINOR)`'
SHOBJ_CC='arm-linux-gnueabihf-gcc'
SHOBJ_CFLAGS='-fPIC'
SHOBJ_LD='${CC}'
SHOBJ_LDFLAGS='-shared -Wl,-soname,$@'
SHOBJ_LIBS=''
SHOBJ_STATUS='supported'
SHOBJ_XLDFLAGS=''
STATIC_INSTALL_TARGET='install-static'
STATIC_TARGET='static'
TERMCAP_LIB='-ltermcap'
ac_ct_CC=''
bindir='${exec_prefix}/bin'
build='x86_64-unknown-linux-gnu'
build_alias='x86_64-unknown-linux-gnu'
build_cpu='x86_64'
build_os='linux-gnu'
build_vendor='unknown'
datadir='${datarootdir}'
datarootdir='${prefix}/share'
docdir='${datarootdir}/doc/${PACKAGE_TARNAME}'
dvidir='${docdir}'
exec_prefix='${prefix}'
host='arm-unknown-linux-gnu'
host_alias='arm-linux'
host_cpu='arm'
host_os='linux-gnu'
host_vendor='unknown'
htmldir='${docdir}'
includedir='${prefix}/include'
infodir='${datarootdir}/info'
libdir='${exec_prefix}/lib'
libexecdir='${exec_prefix}/libexec'
localedir='${datarootdir}/locale'
localstatedir='${prefix}/var'
mandir='${datarootdir}/man'
oldincludedir='/usr/include'
pdfdir='${docdir}'
prefix='/mnt/kai/code/gdb-7.5-v1/build'
program_transform_name='s,y,y,'
psdir='${docdir}'
sbindir='${exec_prefix}/sbin'
sharedstatedir='${prefix}/com'
sysconfdir='${prefix}/etc'
target_alias='arm-linux'

## ----------- ##
## confdefs.h. ##
## ----------- ##

/* confdefs.h */
#define PACKAGE_NAME "readline"
#define PACKAGE_TARNAME "readline"
#define PACKAGE_VERSION "6.2"
#define PACKAGE_STRING "readline 6.2"
#define PACKAGE_BUGREPORT "bug-readline@gnu.org"
#define PACKAGE_URL ""
#define STDC_HEADERS 1
#define HAVE_SYS_TYPES_H 1
#define HAVE_SYS_STAT_H 1
#define HAVE_STDLIB_H 1
#define HAVE_STRING_H 1
#define HAVE_MEMORY_H 1
#define HAVE_STRINGS_H 1
#define HAVE_INTTYPES_H 1
#define HAVE_STDINT_H 1
#define HAVE_UNISTD_H 1
#define __EXTENSIONS__ 1
#define _ALL_SOURCE 1
#define _GNU_SOURCE 1
#define _POSIX_PTHREAD_SEMANTICS 1
#define _TANDEM_SOURCE 1
#define PROTOTYPES 1
#define __PROTOTYPES 1
#define RETSIGTYPE void
#define STDC_HEADERS 1
#define HAVE_DIRENT_H 1
#define HAVE_FCNTL 1
#define HAVE_KILL 1
#define HAVE_LSTAT 1
#define HAVE_MEMMOVE 1
#define HAVE_PUTENV 1
#define HAVE_SELECT 1
#define HAVE_SETENV 1
#define HAVE_SETLOCALE 1
#define HAVE_STRCASECMP 1
#define HAVE_STRPBRK 1
#define HAVE_TCGETATTR 1
#define HAVE_VSNPRINTF 1
#define HAVE_ISASCII 1
#define HAVE_ISXDIGIT 1
#define HAVE_GETPWENT 1
#define HAVE_GETPWNAM 1
#define HAVE_GETPWUID 1
#define HAVE_FCNTL_H 1
#define HAVE_UNISTD_H 1
#define HAVE_STDLIB_H 1
#define HAVE_STDARG_H 1
#define HAVE_STRING_H 1
#define HAVE_STRINGS_H 1
#define HAVE_LIMITS_H 1
#define HAVE_LOCALE_H 1
#define HAVE_PWD_H 1
#define HAVE_MEMORY_H 1
#define HAVE_TERMIOS_H 1
#define HAVE_TERMIO_H 1
#define HAVE_SYS_SELECT_H 1
#define HAVE_SYS_FILE_H 1
#define _FILE_OFFSET_BITS 64
#define HAVE_POSIX_SIGNALS 1
#define HAVE_LSTAT 1
#define HAVE_GETPW_DECLS 1
#define GWINSZ_IN_SYS_IOCTL 1
#define VOID_SIGHANDLER 1
#define FIONREAD_IN_SYS_IOCTL 1
#define STRUCT_WINSIZE_IN_SYS_IOCTL 1
#define HAVE_STRUCT_DIRENT_D_INO 1
#define HAVE_STRUCT_DIRENT_D_FILENO 1
#define HAVE_WCTYPE_H 1
#define HAVE_WCHAR_H 1
#define HAVE_LANGINFO_H 1
#define HAVE_MBRLEN 1
#define HAVE_MBSNRTOWCS 1
#define HAVE_MBSRTOWCS 1
#define HAVE_WCRTOMB 1
#define HAVE_WCSCOLL 1
#define HAVE_WCSDUP 1
#define HAVE_WCWIDTH 1
#define HAVE_WCTYPE 1
#define HAVE_WCSWIDTH 1
#define HAVE_MBRTOWC 1
#define HAVE_MBSTATE_T 1
#define HAVE_ISWLOWER 1
#define HAVE_ISWUPPER 1
#define HAVE_TOWLOWER 1
#define HAVE_TOWUPPER 1
#define HAVE_ISWCTYPE 1
#define HAVE_LANGINFO_CODESET 1
#define HAVE_WCHAR_T 1
#define HAVE_WCTYPE_T 1
#define HAVE_WINT_T 1

configure: exit 0
