This file contains any messages produced by compilers while
running configure, to aid debugging if configure makes a mistake.

It was created by configure, which was
generated by GNU Autoconf 2.64.  Invocation command line was

  $ ./configure --disable-option-checking --prefix=/mnt/kai/code/gdb-7.5-v1/build --with-system-zlib --program-transform-name=s,y,y, --build=x86_64-unknown-linux-gnu --host=arm-linux --target=arm-linux build_alias=x86_64-unknown-linux-gnu host_alias=arm-linux target_alias=arm-linux CC=arm-linux-gnueabihf-gcc CFLAGS=-O2 -Wno-error -Wno-format-overflow -Wno-format-truncation LDFLAGS= -L/mnt/kai/code/termcap-1.3.1 MAKEINFO=/mnt/kai/code/gdb-7.5-v1/missing makeinfo --split-size=5000000 YACC=/mnt/kai/code/gdb-7.5-v1/missing bison -y --cache-file=.././config.cache --srcdir=.

## --------- ##
## Platform. ##
## --------- ##

hostname = 994a0913a80d
uname -m = x86_64
uname -r = 6.6.16-linuxkit
uname -s = Linux
uname -v = #1 SMP PREEMPT_DYNAMIC Fri Feb 16 11:55:08 UTC 2024

/usr/bin/uname -p = unknown
/bin/uname -X     = unknown

/bin/arch              = unknown
/usr/bin/arch -k       = unknown
/usr/convex/getsysinfo = unknown
/usr/bin/hostinfo      = unknown
/bin/machine           = unknown
/usr/bin/oslevel       = unknown
/bin/universe          = unknown

PATH: /usr/local/sbin
PATH: /usr/local/bin
PATH: /usr/sbin
PATH: /usr/bin
PATH: /sbin
PATH: /bin
PATH: /mnt/kai/code/toolchain/gcc-linaro-7.5.0-2019.12-x86_64_arm-linux-gnueabihf/bin


## ----------- ##
## Core tests. ##
## ----------- ##

configure:2143: loading cache .././config.cache
configure:2231: checking whether to enable maintainer-specific portions of Makefiles
configure:2240: result: no
configure:2262: checking for arm-linux-gcc
configure:2289: result: arm-linux-gnueabihf-gcc
configure:2558: checking for C compiler version
configure:2567: arm-linux-gnueabihf-gcc --version >&5
arm-linux-gnueabihf-gcc (Linaro GCC 7.5-2019.12) 7.5.0
Copyright (C) 2017 Free Software Foundation, Inc.
This is free software; see the source for copying conditions.  There is NO
warranty; not even for MERCHANTABILITY or FITNESS FOR A PARTICULAR PURPOSE.

configure:2578: $? = 0
configure:2567: arm-linux-gnueabihf-gcc -v >&5
Using built-in specs.
COLLECT_GCC=arm-linux-gnueabihf-gcc
COLLECT_LTO_WRAPPER=/mnt/kai/code/toolchain/gcc-linaro-7.5.0-2019.12-x86_64_arm-linux-gnueabihf/bin/../libexec/gcc/arm-linux-gnueabihf/7.5.0/lto-wrapper
Target: arm-linux-gnueabihf
Configured with: '/home/tcwg-buildslave/workspace/tcwg-make-release_1/snapshots/gcc.git~linaro-7.5-2019.12/configure' SHELL=/bin/bash --with-mpc=/home/tcwg-buildslave/workspace/tcwg-make-release_1/_build/builds/destdir/x86_64-unknown-linux-gnu --with-mpfr=/home/tcwg-buildslave/workspace/tcwg-make-release_1/_build/builds/destdir/x86_64-unknown-linux-gnu --with-gmp=/home/tcwg-buildslave/workspace/tcwg-make-release_1/_build/builds/destdir/x86_64-unknown-linux-gnu --with-gnu-as --with-gnu-ld --disable-libmudflap --enable-lto --enable-shared --without-included-gettext --enable-nls --with-system-zlib --disable-sjlj-exceptions --enable-gnu-unique-object --enable-linker-build-id --disable-libstdcxx-pch --enable-c99 --enable-clocale=gnu --enable-libstdcxx-debug --enable-long-long --with-cloog=no --with-ppl=no --with-isl=no --disable-multilib --with-float=hard --with-fpu=vfpv3-d16 --with-mode=thumb --with-tune=cortex-a9 --with-arch=armv7-a --enable-threads=posix --enable-multiarch --enable-libstdcxx-time=yes --enable-gnu-indirect-function --with-build-sysroot=/home/tcwg-buildslave/workspace/tcwg-make-release_1/_build/sysroots/arm-linux-gnueabihf --with-sysroot=/home/tcwg-buildslave/workspace/tcwg-make-release_1/_build/builds/destdir/x86_64-unknown-linux-gnu/arm-linux-gnueabihf/libc --enable-checking=release --disable-bootstrap --enable-languages=c,c++,fortran,lto --build=x86_64-unknown-linux-gnu --host=x86_64-unknown-linux-gnu --target=arm-linux-gnueabihf --prefix=/home/tcwg-buildslave/workspace/tcwg-make-release_1/_build/builds/destdir/x86_64-unknown-linux-gnu
Thread model: posix
gcc version 7.5.0 (Linaro GCC 7.5-2019.12) 
configure:2578: $? = 0
configure:2567: arm-linux-gnueabihf-gcc -V >&5
arm-linux-gnueabihf-gcc: error: unrecognized command line option '-V'
arm-linux-gnueabihf-gcc: fatal error: no input files
compilation terminated.
configure:2578: $? = 1
configure:2567: arm-linux-gnueabihf-gcc -qversion >&5
arm-linux-gnueabihf-gcc: error: unrecognized command line option '-qversion'; did you mean '--version'?
arm-linux-gnueabihf-gcc: fatal error: no input files
compilation terminated.
configure:2578: $? = 1
configure:2598: checking for C compiler default output file name
configure:2620: arm-linux-gnueabihf-gcc -O2 -Wno-error -Wno-format-overflow -Wno-format-truncation   -L/mnt/kai/code/termcap-1.3.1 conftest.c  >&5
configure:2624: $? = 0
configure:2661: result: a.out
configure:2677: checking whether the C compiler works
configure:2705: result: yes
configure:2712: checking whether we are cross compiling
configure:2714: result: yes
configure:2717: checking for suffix of executables
configure:2724: arm-linux-gnueabihf-gcc -o conftest -O2 -Wno-error -Wno-format-overflow -Wno-format-truncation   -L/mnt/kai/code/termcap-1.3.1 conftest.c  >&5
configure:2728: $? = 0
configure:2750: result: 
configure:2756: checking for suffix of object files
configure:2803: result: o
configure:2807: checking whether we are using the GNU C compiler
configure:2835: result: yes
configure:2844: checking whether arm-linux-gnueabihf-gcc accepts -g
configure:2905: result: yes
configure:2922: checking for arm-linux-gnueabihf-gcc option to accept ISO C89
configure:2999: result: none needed
configure:3025: checking how to run the C preprocessor
configure:3095: result: arm-linux-gnueabihf-gcc -E
configure:3115: arm-linux-gnueabihf-gcc -E  conftest.c
configure:3115: $? = 0
configure:3129: arm-linux-gnueabihf-gcc -E  conftest.c
conftest.c:9:10: fatal error: ac_nonexistent.h: No such file or directory
 #include <ac_nonexistent.h>
          ^~~~~~~~~~~~~~~~~~
compilation terminated.
configure:3129: $? = 1
configure: failed program was:
| /* confdefs.h */
| #define PACKAGE_NAME ""
| #define PACKAGE_TARNAME ""
| #define PACKAGE_VERSION ""
| #define PACKAGE_STRING ""
| #define PACKAGE_BUGREPORT ""
| #define PACKAGE_URL ""
| /* end confdefs.h.  */
| #include <ac_nonexistent.h>
configure:3158: checking for grep that handles long lines and -e
configure:3216: result: /bin/grep
configure:3221: checking for egrep
configure:3283: result: /bin/grep -E
configure:3288: checking for ANSI C header files
configure:3392: result: yes
configure:3405: checking for sys/types.h
configure:3405: result: yes
configure:3405: checking for sys/stat.h
configure:3405: result: yes
configure:3405: checking for stdlib.h
configure:3405: result: yes
configure:3405: checking for string.h
configure:3405: result: yes
configure:3405: checking for memory.h
configure:3405: result: yes
configure:3405: checking for strings.h
configure:3405: result: yes
configure:3405: checking for inttypes.h
configure:3405: result: yes
configure:3405: checking for stdint.h
configure:3405: result: yes
configure:3405: checking for unistd.h
configure:3405: result: yes
configure:3419: checking for minix/config.h
configure:3419: result: no
configure:3440: checking whether it is safe to define __EXTENSIONS__
configure:3465: result: yes
configure:3508: checking build system type
configure:3522: result: x86_64-unknown-linux-gnu
configure:3542: checking host system type
configure:3555: result: arm-unknown-linux-gnu
configure:3575: checking target system type
configure:3588: result: arm-unknown-linux-gnu
configure:3630: checking for a BSD-compatible install
configure:3698: result: /usr/bin/install -c
configure:3712: checking for arm-linux-ranlib
configure:3739: result: true
configure:3813: checking for ANSI C header files
configure:3917: result: yes
configure:3928: checking for dirent.h that defines DIR
configure:3955: result: yes
configure:3969: checking for library containing opendir
configure:4017: result: none required
configure:4087: checking for working alloca.h
configure:4112: result: yes
configure:4120: checking for alloca
configure:4165: result: yes
configure:4281: checking for make
configure:4308: result: make
configure:4390: === configuring in build-gnulib-gdbserver (/mnt/kai/code/gdb-7.5-v1/gdb/gdbserver/build-gnulib-gdbserver)
configure:4412: running /bin/bash .././../gnulib/configure --disable-option-checking '--prefix=/mnt/kai/code/gdb-7.5-v1/build'  '--with-system-zlib' '--program-transform-name=s,y,y,' '--build=x86_64-unknown-linux-gnu' '--host=arm-linux' '--target=arm-linux' 'build_alias=x86_64-unknown-linux-gnu' 'host_alias=arm-linux' 'target_alias=arm-linux' 'CC=arm-linux-gnueabihf-gcc' 'CFLAGS=-O2 -Wno-error -Wno-format-overflow -Wno-format-truncation' 'LDFLAGS= -L/mnt/kai/code/termcap-1.3.1' 'MAKEINFO=/mnt/kai/code/gdb-7.5-v1/missing makeinfo --split-size=5000000' 'YACC=/mnt/kai/code/gdb-7.5-v1/missing bison -y' --cache-file=.././config.cache --srcdir=.././../gnulib
configure:4425: checking for sgtty.h
configure:4425: result: yes
configure:4425: checking for termio.h
configure:4425: result: yes
configure:4425: checking for termios.h
configure:4425: result: yes
configure:4425: checking for sys/reg.h
configure:4425: result: no
configure:4425: checking for string.h
configure:4425: result: yes
configure:4425: checking for proc_service.h
configure:4425: result: yes
configure:4425: checking for sys/procfs.h
configure:4425: result: yes
configure:4425: checking for thread_db.h
configure:4425: result: yes
configure:4425: checking linux/elf.h usability
configure:4425: arm-linux-gnueabihf-gcc -c -O2 -Wno-error -Wno-format-overflow -Wno-format-truncation  conftest.c >&5
configure:4425: $? = 0
configure:4425: result: yes
configure:4425: checking linux/elf.h presence
configure:4425: arm-linux-gnueabihf-gcc -E  conftest.c
configure:4425: $? = 0
configure:4425: result: yes
configure:4425: checking for linux/elf.h
configure:4425: result: yes
configure:4425: checking for stdlib.h
configure:4425: result: yes
configure:4425: checking for unistd.h
configure:4425: result: yes
configure:4425: checking errno.h usability
configure:4425: arm-linux-gnueabihf-gcc -c -O2 -Wno-error -Wno-format-overflow -Wno-format-truncation  conftest.c >&5
configure:4425: $? = 0
configure:4425: result: yes
configure:4425: checking errno.h presence
configure:4425: arm-linux-gnueabihf-gcc -E  conftest.c
configure:4425: $? = 0
configure:4425: result: yes
configure:4425: checking for errno.h
configure:4425: result: yes
configure:4425: checking fcntl.h usability
configure:4425: arm-linux-gnueabihf-gcc -c -O2 -Wno-error -Wno-format-overflow -Wno-format-truncation  conftest.c >&5
configure:4425: $? = 0
configure:4425: result: yes
configure:4425: checking fcntl.h presence
configure:4425: arm-linux-gnueabihf-gcc -E  conftest.c
configure:4425: $? = 0
configure:4425: result: yes
configure:4425: checking for fcntl.h
configure:4425: result: yes
configure:4425: checking for signal.h
configure:4425: result: yes
configure:4425: checking for sys/file.h
configure:4425: result: yes
configure:4425: checking malloc.h usability
configure:4425: arm-linux-gnueabihf-gcc -c -O2 -Wno-error -Wno-format-overflow -Wno-format-truncation  conftest.c >&5
configure:4425: $? = 0
configure:4425: result: yes
configure:4425: checking malloc.h presence
configure:4425: arm-linux-gnueabihf-gcc -E  conftest.c
configure:4425: $? = 0
configure:4425: result: yes
configure:4425: checking for malloc.h
configure:4425: result: yes
configure:4425: checking for sys/ioctl.h
configure:4425: result: yes
configure:4425: checking netinet/in.h usability
configure:4425: arm-linux-gnueabihf-gcc -c -O2 -Wno-error -Wno-format-overflow -Wno-format-truncation  conftest.c >&5
configure:4425: $? = 0
configure:4425: result: yes
configure:4425: checking netinet/in.h presence
configure:4425: arm-linux-gnueabihf-gcc -E  conftest.c
configure:4425: $? = 0
configure:4425: result: yes
configure:4425: checking for netinet/in.h
configure:4425: result: yes
configure:4425: checking for sys/socket.h
configure:4425: result: yes
configure:4425: checking netdb.h usability
configure:4425: arm-linux-gnueabihf-gcc -c -O2 -Wno-error -Wno-format-overflow -Wno-format-truncation  conftest.c >&5
configure:4425: $? = 0
configure:4425: result: yes
configure:4425: checking netdb.h presence
configure:4425: arm-linux-gnueabihf-gcc -E  conftest.c
configure:4425: $? = 0
configure:4425: result: yes
configure:4425: checking for netdb.h
configure:4425: result: yes
configure:4425: checking netinet/tcp.h usability
configure:4425: arm-linux-gnueabihf-gcc -c -O2 -Wno-error -Wno-format-overflow -Wno-format-truncation  conftest.c >&5
configure:4425: $? = 0
configure:4425: result: yes
configure:4425: checking netinet/tcp.h presence
configure:4425: arm-linux-gnueabihf-gcc -E  conftest.c
configure:4425: $? = 0
configure:4425: result: yes
configure:4425: checking for netinet/tcp.h
configure:4425: result: yes
configure:4425: checking arpa/inet.h usability
configure:4425: arm-linux-gnueabihf-gcc -c -O2 -Wno-error -Wno-format-overflow -Wno-format-truncation  conftest.c >&5
configure:4425: $? = 0
configure:4425: result: yes
configure:4425: checking arpa/inet.h presence
configure:4425: arm-linux-gnueabihf-gcc -E  conftest.c
configure:4425: $? = 0
configure:4425: result: yes
configure:4425: checking for arpa/inet.h
configure:4425: result: yes
configure:4425: checking for sys/wait.h
configure:4425: result: yes
configure:4425: checking for sys/un.h
configure:4425: result: yes
configure:4439: checking for pread
configure:4439: result: yes
configure:4439: checking for pwrite
configure:4439: result: yes
configure:4439: checking for pread64
configure:4439: result: yes
configure:4439: checking for readlink
configure:4439: result: yes
configure:4452: checking for vasprintf
configure:4452: arm-linux-gnueabihf-gcc -o conftest -O2 -Wno-error -Wno-format-overflow -Wno-format-truncation   -L/mnt/kai/code/termcap-1.3.1 conftest.c  >&5
configure:4452: $? = 0
configure:4452: result: yes
configure:4452: checking for vsnprintf
configure:4452: arm-linux-gnueabihf-gcc -o conftest -O2 -Wno-error -Wno-format-overflow -Wno-format-truncation   -L/mnt/kai/code/termcap-1.3.1 conftest.c  >&5
conftest.c:79:6: warning: conflicting types for built-in function 'vsnprintf' [-Wbuiltin-declaration-mismatch]
 char vsnprintf ();
      ^~~~~~~~~
configure:4452: $? = 0
configure:4452: result: yes
configure:4518: checking for ust
configure:4534: arm-linux-gnueabihf-gcc -c -O2 -Wno-error -Wno-format-overflow -Wno-format-truncation   conftest.c >&5
conftest.c:59:10: fatal error: ust/ust.h: No such file or directory
 #include <ust/ust.h>
          ^~~~~~~~~~~
compilation terminated.
configure:4534: $? = 1
configure: failed program was:
| /* confdefs.h */
| #define PACKAGE_NAME ""
| #define PACKAGE_TARNAME ""
| #define PACKAGE_VERSION ""
| #define PACKAGE_STRING ""
| #define PACKAGE_BUGREPORT ""
| #define PACKAGE_URL ""
| #define STDC_HEADERS 1
| #define HAVE_SYS_TYPES_H 1
| #define HAVE_SYS_STAT_H 1
| #define HAVE_STDLIB_H 1
| #define HAVE_STRING_H 1
| #define HAVE_MEMORY_H 1
| #define HAVE_STRINGS_H 1
| #define HAVE_INTTYPES_H 1
| #define HAVE_STDINT_H 1
| #define HAVE_UNISTD_H 1
| #define __EXTENSIONS__ 1
| #define _ALL_SOURCE 1
| #define _GNU_SOURCE 1
| #define _POSIX_PTHREAD_SEMANTICS 1
| #define _TANDEM_SOURCE 1
| #define STDC_HEADERS 1
| #define HAVE_DIRENT_H 1
| #define HAVE_ALLOCA_H 1
| #define HAVE_ALLOCA 1
| #define HAVE_SGTTY_H 1
| #define HAVE_TERMIO_H 1
| #define HAVE_TERMIOS_H 1
| #define HAVE_STRING_H 1
| #define HAVE_PROC_SERVICE_H 1
| #define HAVE_SYS_PROCFS_H 1
| #define HAVE_THREAD_DB_H 1
| #define HAVE_LINUX_ELF_H 1
| #define HAVE_STDLIB_H 1
| #define HAVE_UNISTD_H 1
| #define HAVE_ERRNO_H 1
| #define HAVE_FCNTL_H 1
| #define HAVE_SIGNAL_H 1
| #define HAVE_SYS_FILE_H 1
| #define HAVE_MALLOC_H 1
| #define HAVE_SYS_IOCTL_H 1
| #define HAVE_NETINET_IN_H 1
| #define HAVE_SYS_SOCKET_H 1
| #define HAVE_NETDB_H 1
| #define HAVE_NETINET_TCP_H 1
| #define HAVE_ARPA_INET_H 1
| #define HAVE_SYS_WAIT_H 1
| #define HAVE_SYS_UN_H 1
| #define HAVE_PREAD 1
| #define HAVE_PWRITE 1
| #define HAVE_PREAD64 1
| #define HAVE_READLINK 1
| #define HAVE_VASPRINTF 1
| #define HAVE_VSNPRINTF 1
| /* end confdefs.h.  */
| 
| #define CONFIG_UST_GDB_INTEGRATION
| #include <ust/ust.h>
| 
| int
| main ()
| {
| 
|   ;
|   return 0;
| }
configure:4540: result: no
configure:4577: checking compiler warning flags
configure:4598: arm-linux-gnueabihf-gcc -c -O2 -Wno-error -Wno-format-overflow -Wno-format-truncation -Wall  conftest.c >&5
configure:4598: $? = 0
configure:4598: arm-linux-gnueabihf-gcc -c -O2 -Wno-error -Wno-format-overflow -Wno-format-truncation -Wdeclaration-after-statement  conftest.c >&5
configure:4598: $? = 0
configure:4598: arm-linux-gnueabihf-gcc -c -O2 -Wno-error -Wno-format-overflow -Wno-format-truncation -Wpointer-arith  conftest.c >&5
configure:4598: $? = 0
configure:4598: arm-linux-gnueabihf-gcc -c -O2 -Wno-error -Wno-format-overflow -Wno-format-truncation -Wformat-nonliteral  conftest.c >&5
cc1: warning: -Wformat-nonliteral ignored without -Wformat [-Wformat-nonliteral]
configure:4598: $? = 0
configure:4598: arm-linux-gnueabihf-gcc -c -O2 -Wno-error -Wno-format-overflow -Wno-format-truncation -Wno-char-subscripts  conftest.c >&5
configure:4598: $? = 0
configure:4605: result:  -Wall -Wdeclaration-after-statement -Wpointer-arith -Wformat-nonliteral -Wno-char-subscripts -Werror
configure:4615: checking for dladdr
configure:4615: arm-linux-gnueabihf-gcc -o conftest -O2 -Wno-error -Wno-format-overflow -Wno-format-truncation   -L/mnt/kai/code/termcap-1.3.1 conftest.c  -ldl >&5
configure:4615: $? = 0
configure:4615: result: yes
configure:4627: checking for errno
configure:4643: arm-linux-gnueabihf-gcc -o conftest -O2 -Wno-error -Wno-format-overflow -Wno-format-truncation   -L/mnt/kai/code/termcap-1.3.1 conftest.c  >&5
configure:4643: $? = 0
configure:4644: result: yes - in errno.h
configure:4681: checking whether strerror is declared
configure:4681: result: yes
configure:4691: checking whether perror is declared
configure:4691: arm-linux-gnueabihf-gcc -c -O2 -Wno-error -Wno-format-overflow -Wno-format-truncation  conftest.c >&5
configure:4691: $? = 0
configure:4691: result: yes
configure:4701: checking whether vasprintf is declared
configure:4701: arm-linux-gnueabihf-gcc -c -O2 -Wno-error -Wno-format-overflow -Wno-format-truncation  conftest.c >&5
configure:4701: $? = 0
configure:4701: result: yes
configure:4711: checking whether vsnprintf is declared
configure:4711: result: yes
configure:4723: checking for socklen_t
configure:4723: result: yes
configure:4737: checking for Elf32_auxv_t
configure:4737: arm-linux-gnueabihf-gcc -c -O2 -Wno-error -Wno-format-overflow -Wno-format-truncation  conftest.c >&5
configure:4737: $? = 0
configure:4737: arm-linux-gnueabihf-gcc -c -O2 -Wno-error -Wno-format-overflow -Wno-format-truncation  conftest.c >&5
conftest.c: In function 'main':
conftest.c:70:27: error: expected expression before ')' token
 if (sizeof ((Elf32_auxv_t)))
                           ^
configure:4737: $? = 1
configure: failed program was:
| /* confdefs.h */
| #define PACKAGE_NAME ""
| #define PACKAGE_TARNAME ""
| #define PACKAGE_VERSION ""
| #define PACKAGE_STRING ""
| #define PACKAGE_BUGREPORT ""
| #define PACKAGE_URL ""
| #define STDC_HEADERS 1
| #define HAVE_SYS_TYPES_H 1
| #define HAVE_SYS_STAT_H 1
| #define HAVE_STDLIB_H 1
| #define HAVE_STRING_H 1
| #define HAVE_MEMORY_H 1
| #define HAVE_STRINGS_H 1
| #define HAVE_INTTYPES_H 1
| #define HAVE_STDINT_H 1
| #define HAVE_UNISTD_H 1
| #define __EXTENSIONS__ 1
| #define _ALL_SOURCE 1
| #define _GNU_SOURCE 1
| #define _POSIX_PTHREAD_SEMANTICS 1
| #define _TANDEM_SOURCE 1
| #define STDC_HEADERS 1
| #define HAVE_DIRENT_H 1
| #define HAVE_ALLOCA_H 1
| #define HAVE_ALLOCA 1
| #define HAVE_SGTTY_H 1
| #define HAVE_TERMIO_H 1
| #define HAVE_TERMIOS_H 1
| #define HAVE_STRING_H 1
| #define HAVE_PROC_SERVICE_H 1
| #define HAVE_SYS_PROCFS_H 1
| #define HAVE_THREAD_DB_H 1
| #define HAVE_LINUX_ELF_H 1
| #define HAVE_STDLIB_H 1
| #define HAVE_UNISTD_H 1
| #define HAVE_ERRNO_H 1
| #define HAVE_FCNTL_H 1
| #define HAVE_SIGNAL_H 1
| #define HAVE_SYS_FILE_H 1
| #define HAVE_MALLOC_H 1
| #define HAVE_SYS_IOCTL_H 1
| #define HAVE_NETINET_IN_H 1
| #define HAVE_SYS_SOCKET_H 1
| #define HAVE_NETDB_H 1
| #define HAVE_NETINET_TCP_H 1
| #define HAVE_ARPA_INET_H 1
| #define HAVE_SYS_WAIT_H 1
| #define HAVE_SYS_UN_H 1
| #define HAVE_PREAD 1
| #define HAVE_PWRITE 1
| #define HAVE_PREAD64 1
| #define HAVE_READLINK 1
| #define HAVE_VASPRINTF 1
| #define HAVE_VSNPRINTF 1
| #define HAVE_DLADDR 1
| #define HAVE_ERRNO 1
| #define HAVE_DECL_STRERROR 1
| #define HAVE_DECL_PERROR 1
| #define HAVE_DECL_VASPRINTF 1
| #define HAVE_DECL_VSNPRINTF 1
| #define HAVE_SOCKLEN_T 1
| /* end confdefs.h.  */
| #include <elf.h>
| 
| 
| int
| main ()
| {
| if (sizeof ((Elf32_auxv_t)))
| 	    return 0;
|   ;
|   return 0;
| }
configure:4737: result: yes
configure:4748: checking for Elf64_auxv_t
configure:4748: arm-linux-gnueabihf-gcc -c -O2 -Wno-error -Wno-format-overflow -Wno-format-truncation  conftest.c >&5
configure:4748: $? = 0
configure:4748: arm-linux-gnueabihf-gcc -c -O2 -Wno-error -Wno-format-overflow -Wno-format-truncation  conftest.c >&5
conftest.c: In function 'main':
conftest.c:71:27: error: expected expression before ')' token
 if (sizeof ((Elf64_auxv_t)))
                           ^
configure:4748: $? = 1
configure: failed program was:
| /* confdefs.h */
| #define PACKAGE_NAME ""
| #define PACKAGE_TARNAME ""
| #define PACKAGE_VERSION ""
| #define PACKAGE_STRING ""
| #define PACKAGE_BUGREPORT ""
| #define PACKAGE_URL ""
| #define STDC_HEADERS 1
| #define HAVE_SYS_TYPES_H 1
| #define HAVE_SYS_STAT_H 1
| #define HAVE_STDLIB_H 1
| #define HAVE_STRING_H 1
| #define HAVE_MEMORY_H 1
| #define HAVE_STRINGS_H 1
| #define HAVE_INTTYPES_H 1
| #define HAVE_STDINT_H 1
| #define HAVE_UNISTD_H 1
| #define __EXTENSIONS__ 1
| #define _ALL_SOURCE 1
| #define _GNU_SOURCE 1
| #define _POSIX_PTHREAD_SEMANTICS 1
| #define _TANDEM_SOURCE 1
| #define STDC_HEADERS 1
| #define HAVE_DIRENT_H 1
| #define HAVE_ALLOCA_H 1
| #define HAVE_ALLOCA 1
| #define HAVE_SGTTY_H 1
| #define HAVE_TERMIO_H 1
| #define HAVE_TERMIOS_H 1
| #define HAVE_STRING_H 1
| #define HAVE_PROC_SERVICE_H 1
| #define HAVE_SYS_PROCFS_H 1
| #define HAVE_THREAD_DB_H 1
| #define HAVE_LINUX_ELF_H 1
| #define HAVE_STDLIB_H 1
| #define HAVE_UNISTD_H 1
| #define HAVE_ERRNO_H 1
| #define HAVE_FCNTL_H 1
| #define HAVE_SIGNAL_H 1
| #define HAVE_SYS_FILE_H 1
| #define HAVE_MALLOC_H 1
| #define HAVE_SYS_IOCTL_H 1
| #define HAVE_NETINET_IN_H 1
| #define HAVE_SYS_SOCKET_H 1
| #define HAVE_NETDB_H 1
| #define HAVE_NETINET_TCP_H 1
| #define HAVE_ARPA_INET_H 1
| #define HAVE_SYS_WAIT_H 1
| #define HAVE_SYS_UN_H 1
| #define HAVE_PREAD 1
| #define HAVE_PWRITE 1
| #define HAVE_PREAD64 1
| #define HAVE_READLINK 1
| #define HAVE_VASPRINTF 1
| #define HAVE_VSNPRINTF 1
| #define HAVE_DLADDR 1
| #define HAVE_ERRNO 1
| #define HAVE_DECL_STRERROR 1
| #define HAVE_DECL_PERROR 1
| #define HAVE_DECL_VASPRINTF 1
| #define HAVE_DECL_VSNPRINTF 1
| #define HAVE_SOCKLEN_T 1
| #define HAVE_ELF32_AUXV_T 1
| /* end confdefs.h.  */
| #include <elf.h>
| 
| 
| int
| main ()
| {
| if (sizeof ((Elf64_auxv_t)))
| 	    return 0;
|   ;
|   return 0;
| }
configure:4748: result: yes
configure:4909: checking for PTRACE_GETREGS
configure:4925: arm-linux-gnueabihf-gcc -c -O2 -Wno-error -Wno-format-overflow -Wno-format-truncation  conftest.c >&5
configure:4925: $? = 0
configure:4933: result: yes
configure:4941: checking for PTRACE_GETFPXREGS
configure:4957: arm-linux-gnueabihf-gcc -c -O2 -Wno-error -Wno-format-overflow -Wno-format-truncation  conftest.c >&5
configure:4957: $? = 0
configure:4965: result: yes
configure:4975: checking for lwpid_t in sys/procfs.h
configure:5009: result: yes
configure:5012: checking for psaddr_t in sys/procfs.h
configure:5046: result: yes
configure:5049: checking for prgregset_t in sys/procfs.h
configure:5083: result: yes
configure:5086: checking for elf_fpregset_t in sys/procfs.h
configure:5106: arm-linux-gnueabihf-gcc -c -O2 -Wno-error -Wno-format-overflow -Wno-format-truncation  conftest.c >&5
configure:5106: $? = 0
configure:5120: result: yes
configure:5200: checking for dlopen in -ldl
configure:5225: arm-linux-gnueabihf-gcc -o conftest -O2 -Wno-error -Wno-format-overflow -Wno-format-truncation   -L/mnt/kai/code/termcap-1.3.1 conftest.c -ldl   >&5
configure:5225: $? = 0
configure:5234: result: yes
configure:5254: checking for the dynamic export flag
configure:5272: arm-linux-gnueabihf-gcc -o conftest -O2 -Wno-error -Wno-format-overflow -Wno-format-truncation   -L/mnt/kai/code/termcap-1.3.1 -Wl,--dynamic-list=./proc-service.list conftest.c  >&5
configure:5272: $? = 0
configure:5302: result: -Wl,--dynamic-list
configure:5310: checking for TD_VERSION
configure:5326: arm-linux-gnueabihf-gcc -c -O2 -Wno-error -Wno-format-overflow -Wno-format-truncation  conftest.c >&5
configure:5326: $? = 0
configure:5333: result: yes
configure:5373: checking whether the target supports __sync_*_compare_and_swap
configure:5390: arm-linux-gnueabihf-gcc -o conftest -O2 -Wno-error -Wno-format-overflow -Wno-format-truncation   -L/mnt/kai/code/termcap-1.3.1 conftest.c  >&5
configure:5390: $? = 0
configure:5398: result: yes
configure:5419: arm-linux-gnueabihf-gcc -c -O2 -Wno-error -Wno-format-overflow -Wno-format-truncation -fvisibility=hidden  conftest.c >&5
configure:5419: $? = 0
configure:5427: checking whether ADDR_NO_RANDOMIZE is declared
configure:5427: result: yes
configure:5459: arm-linux-gnueabihf-gcc -o conftest -O2 -Wno-error -Wno-format-overflow -Wno-format-truncation   -L/mnt/kai/code/termcap-1.3.1 conftest.c  >&5
configure:5459: $? = 0
configure:5620: updating cache .././config.cache
configure:5661: creating ./config.status

## ---------------------- ##
## Running config.status. ##
## ---------------------- ##

This file was extended by config.status, which was
generated by GNU Autoconf 2.64.  Invocation command line was

  CONFIG_FILES    = 
  CONFIG_HEADERS  = 
  CONFIG_LINKS    = 
  CONFIG_COMMANDS = 
  $ ./config.status 

on 994a0913a80d

config.status:905: creating Makefile
config.status:905: creating config.h
config.status:1071: config.h is unchanged
config.status:1085: executing default commands

## ---------------- ##
## Cache variables. ##
## ---------------- ##

ac_cv_build=x86_64-unknown-linux-gnu
ac_cv_c_bigendian=no
ac_cv_c_compiler_gnu=yes
ac_cv_c_const=yes
ac_cv_c_inline=inline
ac_cv_env_CC_set=set
ac_cv_env_CC_value=arm-linux-gnueabihf-gcc
ac_cv_env_CFLAGS_set=set
ac_cv_env_CFLAGS_value='-O2 -Wno-error -Wno-format-overflow -Wno-format-truncation'
ac_cv_env_CPPFLAGS_set=
ac_cv_env_CPPFLAGS_value=
ac_cv_env_CPP_set=
ac_cv_env_CPP_value=
ac_cv_env_LDFLAGS_set=set
ac_cv_env_LDFLAGS_value=' -L/mnt/kai/code/termcap-1.3.1'
ac_cv_env_LIBS_set=
ac_cv_env_LIBS_value=
ac_cv_env_MAKEINFOFLAGS_set=
ac_cv_env_MAKEINFOFLAGS_value=
ac_cv_env_MAKEINFO_set=set
ac_cv_env_MAKEINFO_value='/mnt/kai/code/gdb-7.5-v1/missing makeinfo --split-size=5000000'
ac_cv_env_XMKMF_set=
ac_cv_env_XMKMF_value=
ac_cv_env_YACC_set=set
ac_cv_env_YACC_value='/mnt/kai/code/gdb-7.5-v1/missing bison -y'
ac_cv_env_YFLAGS_set=
ac_cv_env_YFLAGS_value=
ac_cv_env_build_alias_set=set
ac_cv_env_build_alias_value=x86_64-unknown-linux-gnu
ac_cv_env_host_alias_set=set
ac_cv_env_host_alias_value=arm-linux
ac_cv_env_target_alias_set=set
ac_cv_env_target_alias_value=arm-linux
ac_cv_func__mcleanup=yes
ac_cv_func_alloca_works=yes
ac_cv_func_btowc=yes
ac_cv_func_canonicalize_file_name=yes
ac_cv_func_dladdr=yes
ac_cv_func_fork=yes
ac_cv_func_fork_works=yes
ac_cv_func_getgid=yes
ac_cv_func_getpagesize=yes
ac_cv_func_getrlimit=yes
ac_cv_func_getrusage=yes
ac_cv_func_getuid=yes
ac_cv_func_iconvlist=no
ac_cv_func_libiconvlist=no
ac_cv_func_lstat=yes
ac_cv_func_mmap_fixed_mapped=no
ac_cv_func_monstartup=yes
ac_cv_func_pipe=yes
ac_cv_func_poll=yes
ac_cv_func_posix_madvise=yes
ac_cv_func_pread64=yes
ac_cv_func_pread=yes
ac_cv_func_pwrite=yes
ac_cv_func_readlink=yes
ac_cv_func_realpath=yes
ac_cv_func_resize_term=no
ac_cv_func_sbrk=yes
ac_cv_func_setlocale=yes
ac_cv_func_setpgid=yes
ac_cv_func_setpgrp=yes
ac_cv_func_setpgrp_void=yes
ac_cv_func_setrlimit=yes
ac_cv_func_setsid=yes
ac_cv_func_sigaction=yes
ac_cv_func_sigprocmask=yes
ac_cv_func_sigsetmask=yes
ac_cv_func_socketpair=yes
ac_cv_func_syscall=yes
ac_cv_func_ttrace=no
ac_cv_func_vasprintf=yes
ac_cv_func_vfork=yes
ac_cv_func_vfork_works=yes
ac_cv_func_vsnprintf=yes
ac_cv_func_waitpid=yes
ac_cv_func_wborder=no
ac_cv_func_wctype=yes
ac_cv_func_wresize=no
ac_cv_have_decl_ADDR_NO_RANDOMIZE=yes
ac_cv_have_decl_free=yes
ac_cv_have_decl_getopt=yes
ac_cv_have_decl_malloc=yes
ac_cv_have_decl_perror=yes
ac_cv_have_decl_ptrace=yes
ac_cv_have_decl_realloc=yes
ac_cv_have_decl_snprintf=yes
ac_cv_have_decl_strerror=yes
ac_cv_have_decl_strstr=yes
ac_cv_have_decl_vasprintf=yes
ac_cv_have_decl_vsnprintf=yes
ac_cv_have_x=have_x=no
ac_cv_header_arpa_inet_h=yes
ac_cv_header_ctype_h=yes
ac_cv_header_cursesX_h=no
ac_cv_header_curses_h=no
ac_cv_header_dirent_dirent_h=yes
ac_cv_header_dlfcn_h=yes
ac_cv_header_elf_hp_h=no
ac_cv_header_errno_h=yes
ac_cv_header_fcntl_h=yes
ac_cv_header_inttypes_h=yes
ac_cv_header_libunwind_ia64_h=no
ac_cv_header_link_h=yes
ac_cv_header_linux_elf_h=yes
ac_cv_header_locale_h=yes
ac_cv_header_machine_reg_h=no
ac_cv_header_malloc_h=yes
ac_cv_header_memory_h=yes
ac_cv_header_minix_config_h=no
ac_cv_header_ncurses_h=no
ac_cv_header_ncurses_ncurses_h=no
ac_cv_header_ncurses_term_h=no
ac_cv_header_netdb_h=yes
ac_cv_header_netinet_in_h=yes
ac_cv_header_netinet_tcp_h=yes
ac_cv_header_nlist_h=no
ac_cv_header_poll_h=yes
ac_cv_header_proc_service_h=yes
ac_cv_header_pthread_h=yes
ac_cv_header_ptrace_h=no
ac_cv_header_sgtty_h=yes
ac_cv_header_signal_h=yes
ac_cv_header_stat_broken=no
ac_cv_header_stdc=yes
ac_cv_header_stddef_h=yes
ac_cv_header_stdint_h=yes
ac_cv_header_stdlib_h=yes
ac_cv_header_string_h=yes
ac_cv_header_strings_h=yes
ac_cv_header_sys_debugreg_h=no
ac_cv_header_sys_fault_h=no
ac_cv_header_sys_file_h=yes
ac_cv_header_sys_filio_h=no
ac_cv_header_sys_ioctl_h=yes
ac_cv_header_sys_param_h=yes
ac_cv_header_sys_poll_h=yes
ac_cv_header_sys_proc_h=no
ac_cv_header_sys_procfs_h=yes
ac_cv_header_sys_ptrace_h=yes
ac_cv_header_sys_reg_h=no
ac_cv_header_sys_resource_h=yes
ac_cv_header_sys_select_h=yes
ac_cv_header_sys_socket_h=yes
ac_cv_header_sys_stat_h=yes
ac_cv_header_sys_syscall_h=yes
ac_cv_header_sys_types_h=yes
ac_cv_header_sys_un_h=yes
ac_cv_header_sys_user_h=yes
ac_cv_header_sys_wait_h=yes
ac_cv_header_term_h=no
ac_cv_header_termio_h=yes
ac_cv_header_termios_h=yes
ac_cv_header_thread_db_h=yes
ac_cv_header_time_h=yes
ac_cv_header_unistd_h=yes
ac_cv_header_vfork_h=no
ac_cv_header_wait_h=yes
ac_cv_host=arm-unknown-linux-gnu
ac_cv_lib_dl_dlopen=yes
ac_cv_lib_m_main=yes
ac_cv_libexpat=no
ac_cv_member_struct_reg_r_fs=no
ac_cv_member_struct_reg_r_gs=no
ac_cv_member_struct_stat_st_blksize=yes
ac_cv_member_struct_stat_st_blocks=yes
ac_cv_member_struct_thread_td_pcb=no
ac_cv_member_struct_user_regs_struct_fs_base=no
ac_cv_member_struct_user_regs_struct_gs_base=no
ac_cv_objext=o
ac_cv_path_EGREP='/bin/grep -E'
ac_cv_path_GREP=/bin/grep
ac_cv_prog_AR=arm-linux-gnueabihf-ar
ac_cv_prog_AWK=mawk
ac_cv_prog_CC=arm-linux-gnueabihf-gcc
ac_cv_prog_CPP='arm-linux-gnueabihf-gcc -E'
ac_cv_prog_DLLTOOL=arm-linux-dlltool
ac_cv_prog_MAKE=make
ac_cv_prog_RANLIB=true
ac_cv_prog_WINDRES=arm-linux-windres
ac_cv_prog_YACC='/mnt/kai/code/gdb-7.5-v1/missing bison -y'
ac_cv_prog_cc_c89=
ac_cv_prog_cc_g=yes
ac_cv_prog_make_make_set=yes
ac_cv_safe_to_define___extensions__=yes
ac_cv_search_dlgetmodinfo=no
ac_cv_search_dlopen=-ldl
ac_cv_search_gethostbyname='none required'
ac_cv_search_opendir='none required'
ac_cv_search_socketpair='none required'
ac_cv_search_tgetent=-ltermcap
ac_cv_search_waddstr=no
ac_cv_search_zlibVersion=no
ac_cv_sizeof_unsigned___int128=0
ac_cv_sizeof_unsigned_long=4
ac_cv_sizeof_unsigned_long_long=8
ac_cv_sys_file_offset_bits=64
ac_cv_sys_largefile_CC=no
ac_cv_target=arm-unknown-linux-gnu
ac_cv_type_Elf32_auxv_t=yes
ac_cv_type_Elf64_auxv_t=yes
ac_cv_type_pid_t=yes
ac_cv_type_signal=void
ac_cv_type_socklen_t=yes
ac_cv_var__etext=yes
ac_cv_var_etext=yes
ac_cv_working_alloca_h=yes
acl_cv_hardcode_direct=no
acl_cv_hardcode_libdir_flag_spec='${wl}-rpath ${wl}$libdir'
acl_cv_hardcode_libdir_separator=
acl_cv_hardcode_minus_L=no
acl_cv_libext=a
acl_cv_path_LD=arm-linux-gnueabihf-ld
acl_cv_prog_gnu_ld=yes
acl_cv_rpath=done
acl_cv_shlibext=so
acl_cv_wl=-Wl,
am_cv_CC_dependencies_compiler_type=gcc3
am_cv_build_libiconv_path=
am_cv_func_iconv=yes
am_cv_langinfo_codeset=yes
am_cv_lib_iconv=no
am_cv_prog_cc_stdc=
am_cv_proto_iconv='extern size_t iconv (iconv_t cd, char * *inbuf, size_t *inbytesleft, char * *outbuf, size_t *outbytesleft);'
am_cv_proto_iconv_arg1=
am_cv_use_build_libiconv=no
am_cv_val_LC_MESSAGES=yes
bfd_cv_have_sys_procfs_type_elf_fpregset_t=yes
bfd_cv_have_sys_procfs_type_fpregset_t=no
bfd_cv_have_sys_procfs_type_gregset_t=no
bfd_cv_have_sys_procfs_type_lwpid_t=yes
bfd_cv_have_sys_procfs_type_pr_sigaction64_t=no
bfd_cv_have_sys_procfs_type_pr_siginfo64_t=no
bfd_cv_have_sys_procfs_type_pr_sigset_t=no
bfd_cv_have_sys_procfs_type_prfpregset32_t=no
bfd_cv_have_sys_procfs_type_prfpregset_t=yes
bfd_cv_have_sys_procfs_type_prgregset32_t=no
bfd_cv_have_sys_procfs_type_prgregset_t=yes
bfd_cv_have_sys_procfs_type_prrun_t=no
bfd_cv_have_sys_procfs_type_prsysent_t=no
bfd_cv_have_sys_procfs_type_psaddr_t=yes
bfd_cv_have_sys_procfs_type_pstatus_t=no
gdb_cv_c_long_double=yes
gdb_cv_c_long_long=yes
gdb_cv_func_ptrace_args=int,int,long,long
gdb_cv_func_ptrace_ret=long
gdb_cv_func_sigsetjmp=yes
gdb_cv_have_gnu_regex=yes
gdb_cv_have_makeinfo_click=no
gdb_cv_have_procfs_piocset=no
gdb_cv_have_pt_getdbregs=no
gdb_cv_have_pt_getxmmregs=no
gdb_cv_have_ptrace_getfpxregs=yes
gdb_cv_have_ptrace_getregs=yes
gdb_cv_have_struct_link_map32=no
gdb_cv_have_struct_link_map_with_l_members=yes
gdb_cv_have_struct_link_map_with_lm_members=no
gdb_cv_have_struct_so_map_with_som_members=no
gdb_cv_os_cygwin=no
gdb_cv_prfpregset_t_broken=yes
gdb_cv_printf_has_decfloat=no
gdb_cv_printf_has_long_double=no
gdb_cv_printf_has_long_long=no
gdb_cv_scanf_has_long_double=no
gdb_cv_struct_lwp=no
gdb_cv_struct_reg=no
gdb_cv_sys_syscall_h_has_tkill=yes
gdb_cv_thread_db_h_has_td_notalloc=yes
gdb_cv_thread_db_h_has_td_notls=yes
gdb_cv_thread_db_h_has_td_version=yes
gdb_cv_var_elf=yes
gdbsrv_cv_have_personality=true
gdbsrv_cv_have_ptrace_getfpxregs=yes
gdbsrv_cv_have_ptrace_getregs=yes
gdbsrv_cv_have_sync_builtins=yes
gdbsrv_cv_have_td_version=yes
gdbsrv_cv_have_visibility_hidden=yes

## ----------------- ##
## Output variables. ##
## ----------------- ##

ALLOCA=''
CC='arm-linux-gnueabihf-gcc'
CFLAGS='-O2 -Wno-error -Wno-format-overflow -Wno-format-truncation'
CPP='arm-linux-gnueabihf-gcc -E'
CPPFLAGS=''
DEFS='-DHAVE_CONFIG_H'
ECHO_C=''
ECHO_N='-n'
ECHO_T=''
EGREP='/bin/grep -E'
EXEEXT=''
GDBSERVER_DEPFILES='reg-arm.o arm-with-iwmmxt.o arm-with-vfpv2.o arm-with-vfpv3.o arm-with-neon.o linux-low.o linux-osdata.o linux-arm-low.o linux-procfs.o linux-ptrace.o hostio-errno.o thread-db.o proc-service.o'
GDBSERVER_LIBS='-ldl'
GNULIB_STDINT_H=''
GREP='/bin/grep'
INSTALL_DATA='/usr/bin/install -c -m 644'
INSTALL_PROGRAM='/usr/bin/install -c'
INSTALL_SCRIPT='/usr/bin/install -c'
IPA_DEPFILES=''
LDFLAGS=' -L/mnt/kai/code/termcap-1.3.1'
LIBOBJS=''
LIBS=''
LTLIBOBJS=''
MAINT='#'
MAINTAINER_MODE_FALSE=''
MAINTAINER_MODE_TRUE='#'
MAKE='make'
OBJEXT='o'
PACKAGE_BUGREPORT=''
PACKAGE_NAME=''
PACKAGE_STRING=''
PACKAGE_TARNAME=''
PACKAGE_URL=''
PACKAGE_VERSION=''
PATH_SEPARATOR=':'
PKGVERSION='(GDB) '
RANLIB='true'
RDYNAMIC='-Wl,--dynamic-list=$(srcdir)/proc-service.list'
REPORT_BUGS_TEXI='@uref{http://www.gnu.org/software/gdb/bugs/}'
REPORT_BUGS_TO='<http://www.gnu.org/software/gdb/bugs/>'
SHELL='/bin/bash'
USE_THREAD_DB='-DUSE_THREAD_DB'
WARN_CFLAGS=' -Wall -Wdeclaration-after-statement -Wpointer-arith -Wformat-nonliteral -Wno-char-subscripts'
WERROR_CFLAGS='-Werror'
ac_ct_CC=''
bindir='${exec_prefix}/bin'
build='x86_64-unknown-linux-gnu'
build_alias='x86_64-unknown-linux-gnu'
build_cpu='x86_64'
build_os='linux-gnu'
build_vendor='unknown'
datadir='${datarootdir}'
datarootdir='${prefix}/share'
docdir='${datarootdir}/doc/${PACKAGE}'
dvidir='${docdir}'
exec_prefix='${prefix}'
extra_libraries=''
host='arm-unknown-linux-gnu'
host_alias='arm-linux'
host_cpu='arm'
host_os='linux-gnu'
host_vendor='unknown'
htmldir='${docdir}'
includedir='${prefix}/include'
infodir='${datarootdir}/info'
libdir='${exec_prefix}/lib'
libexecdir='${exec_prefix}/libexec'
localedir='${datarootdir}/locale'
localstatedir='${prefix}/var'
mandir='${datarootdir}/man'
oldincludedir='/usr/include'
pdfdir='${docdir}'
prefix='/mnt/kai/code/gdb-7.5-v1/build'
program_transform_name='s,y,y,'
psdir='${docdir}'
sbindir='${exec_prefix}/sbin'
sharedstatedir='${prefix}/com'
srv_xmlbuiltin='xml-builtin.o'
srv_xmlfiles=' $(XML_DIR)/arm-with-iwmmxt.xml $(XML_DIR)/arm-with-vfpv2.xml $(XML_DIR)/arm-with-vfpv3.xml $(XML_DIR)/arm-with-neon.xml $(XML_DIR)/arm-core.xml $(XML_DIR)/xscale-iwmmxt.xml $(XML_DIR)/arm-vfpv2.xml $(XML_DIR)/arm-vfpv3.xml'
sysconfdir='${prefix}/etc'
target='arm-unknown-linux-gnu'
target_alias='arm-linux'
target_cpu='arm'
target_os='linux-gnu'
target_vendor='unknown'
ustinc=''
ustlibs=''

## ----------- ##
## confdefs.h. ##
## ----------- ##

/* confdefs.h */
#define PACKAGE_NAME ""
#define PACKAGE_TARNAME ""
#define PACKAGE_VERSION ""
#define PACKAGE_STRING ""
#define PACKAGE_BUGREPORT ""
#define PACKAGE_URL ""
#define STDC_HEADERS 1
#define HAVE_SYS_TYPES_H 1
#define HAVE_SYS_STAT_H 1
#define HAVE_STDLIB_H 1
#define HAVE_STRING_H 1
#define HAVE_MEMORY_H 1
#define HAVE_STRINGS_H 1
#define HAVE_INTTYPES_H 1
#define HAVE_STDINT_H 1
#define HAVE_UNISTD_H 1
#define __EXTENSIONS__ 1
#define _ALL_SOURCE 1
#define _GNU_SOURCE 1
#define _POSIX_PTHREAD_SEMANTICS 1
#define _TANDEM_SOURCE 1
#define STDC_HEADERS 1
#define HAVE_DIRENT_H 1
#define HAVE_ALLOCA_H 1
#define HAVE_ALLOCA 1
#define HAVE_SGTTY_H 1
#define HAVE_TERMIO_H 1
#define HAVE_TERMIOS_H 1
#define HAVE_STRING_H 1
#define HAVE_PROC_SERVICE_H 1
#define HAVE_SYS_PROCFS_H 1
#define HAVE_THREAD_DB_H 1
#define HAVE_LINUX_ELF_H 1
#define HAVE_STDLIB_H 1
#define HAVE_UNISTD_H 1
#define HAVE_ERRNO_H 1
#define HAVE_FCNTL_H 1
#define HAVE_SIGNAL_H 1
#define HAVE_SYS_FILE_H 1
#define HAVE_MALLOC_H 1
#define HAVE_SYS_IOCTL_H 1
#define HAVE_NETINET_IN_H 1
#define HAVE_SYS_SOCKET_H 1
#define HAVE_NETDB_H 1
#define HAVE_NETINET_TCP_H 1
#define HAVE_ARPA_INET_H 1
#define HAVE_SYS_WAIT_H 1
#define HAVE_SYS_UN_H 1
#define HAVE_PREAD 1
#define HAVE_PWRITE 1
#define HAVE_PREAD64 1
#define HAVE_READLINK 1
#define HAVE_VASPRINTF 1
#define HAVE_VSNPRINTF 1
#define HAVE_DLADDR 1
#define HAVE_ERRNO 1
#define HAVE_DECL_STRERROR 1
#define HAVE_DECL_PERROR 1
#define HAVE_DECL_VASPRINTF 1
#define HAVE_DECL_VSNPRINTF 1
#define HAVE_SOCKLEN_T 1
#define HAVE_ELF32_AUXV_T 1
#define HAVE_ELF64_AUXV_T 1
#define PKGVERSION "(GDB) "
#define REPORT_BUGS_TO "<http://www.gnu.org/software/gdb/bugs/>"
#define HAVE_LINUX_USRREGS 1
#define HAVE_LINUX_REGSETS 1
#define HAVE_PTRACE_GETREGS 1
#define HAVE_PTRACE_GETFPXREGS 1
#define HAVE_LWPID_T 1
#define HAVE_PSADDR_T 1
#define HAVE_PRGREGSET_T 1
#define HAVE_ELF_FPREGSET_T 1
#define HAVE_LIBDL 1
#define HAVE_TD_VERSION 1
#define USE_XML 1
#define HAVE_SYNC_BUILTINS 1
#define HAVE_DECL_ADDR_NO_RANDOMIZE 1
#define HAVE_PERSONALITY 1

configure: exit 0

## ---------------------- ##
## Running config.status. ##
## ---------------------- ##

This file was extended by config.status, which was
generated by GNU Autoconf 2.64.  Invocation command line was

  CONFIG_FILES    = 
  CONFIG_HEADERS  = config.h:config.in
  CONFIG_LINKS    = 
  CONFIG_COMMANDS = 
  $ ./config.status 

on 994a0913a80d

config.status:: creating config.h
config.status:: config.h is unchanged
config.status:: executing default commands
