This file contains any messages produced by compilers while
running configure, to aid debugging if configure makes a mistake.

It was created by configure, which was
generated by GNU Autoconf 2.64.  Invocation command line was

  $ /mnt/kai/code/gdb-7.5-v1/opcodes/configure --cache-file=./config.cache --with-system-zlib --prefix=/mnt/kai/code/gdb-7.5-v1/build --program-transform-name=s,y,y, --disable-option-checking --build=x86_64-unknown-linux-gnu --host=arm-linux --target=arm-linux --srcdir=.././opcodes

## --------- ##
## Platform. ##
## --------- ##

hostname = 994a0913a80d
uname -m = x86_64
uname -r = 6.6.16-linuxkit
uname -s = Linux
uname -v = #1 SMP PREEMPT_DYNAMIC Fri Feb 16 11:55:08 UTC 2024

/usr/bin/uname -p = unknown
/bin/uname -X     = unknown

/bin/arch              = unknown
/usr/bin/arch -k       = unknown
/usr/convex/getsysinfo = unknown
/usr/bin/hostinfo      = unknown
/bin/machine           = unknown
/usr/bin/oslevel       = unknown
/bin/universe          = unknown

PATH: /usr/local/sbin
PATH: /usr/local/bin
PATH: /usr/sbin
PATH: /usr/bin
PATH: /sbin
PATH: /bin
PATH: /mnt/kai/code/toolchain/gcc-linaro-7.5.0-2019.12-x86_64_arm-linux-gnueabihf/bin


## ----------- ##
## Core tests. ##
## ----------- ##

configure:2181: creating cache ./config.cache
configure:2286: checking build system type
configure:2300: result: x86_64-unknown-linux-gnu
configure:2320: checking host system type
configure:2333: result: arm-unknown-linux-gnu
configure:2353: checking target system type
configure:2366: result: arm-unknown-linux-gnu
configure:2400: checking for arm-linux-gcc
configure:2427: result: arm-linux-gnueabihf-gcc
configure:2696: checking for C compiler version
configure:2705: arm-linux-gnueabihf-gcc --version >&5
arm-linux-gnueabihf-gcc (Linaro GCC 7.5-2019.12) 7.5.0
Copyright (C) 2017 Free Software Foundation, Inc.
This is free software; see the source for copying conditions.  There is NO
warranty; not even for MERCHANTABILITY or FITNESS FOR A PARTICULAR PURPOSE.

configure:2716: $? = 0
configure:2705: arm-linux-gnueabihf-gcc -v >&5
Using built-in specs.
COLLECT_GCC=arm-linux-gnueabihf-gcc
COLLECT_LTO_WRAPPER=/mnt/kai/code/toolchain/gcc-linaro-7.5.0-2019.12-x86_64_arm-linux-gnueabihf/bin/../libexec/gcc/arm-linux-gnueabihf/7.5.0/lto-wrapper
Target: arm-linux-gnueabihf
Configured with: '/home/tcwg-buildslave/workspace/tcwg-make-release_1/snapshots/gcc.git~linaro-7.5-2019.12/configure' SHELL=/bin/bash --with-mpc=/home/tcwg-buildslave/workspace/tcwg-make-release_1/_build/builds/destdir/x86_64-unknown-linux-gnu --with-mpfr=/home/tcwg-buildslave/workspace/tcwg-make-release_1/_build/builds/destdir/x86_64-unknown-linux-gnu --with-gmp=/home/tcwg-buildslave/workspace/tcwg-make-release_1/_build/builds/destdir/x86_64-unknown-linux-gnu --with-gnu-as --with-gnu-ld --disable-libmudflap --enable-lto --enable-shared --without-included-gettext --enable-nls --with-system-zlib --disable-sjlj-exceptions --enable-gnu-unique-object --enable-linker-build-id --disable-libstdcxx-pch --enable-c99 --enable-clocale=gnu --enable-libstdcxx-debug --enable-long-long --with-cloog=no --with-ppl=no --with-isl=no --disable-multilib --with-float=hard --with-fpu=vfpv3-d16 --with-mode=thumb --with-tune=cortex-a9 --with-arch=armv7-a --enable-threads=posix --enable-multiarch --enable-libstdcxx-time=yes --enable-gnu-indirect-function --with-build-sysroot=/home/tcwg-buildslave/workspace/tcwg-make-release_1/_build/sysroots/arm-linux-gnueabihf --with-sysroot=/home/tcwg-buildslave/workspace/tcwg-make-release_1/_build/builds/destdir/x86_64-unknown-linux-gnu/arm-linux-gnueabihf/libc --enable-checking=release --disable-bootstrap --enable-languages=c,c++,fortran,lto --build=x86_64-unknown-linux-gnu --host=x86_64-unknown-linux-gnu --target=arm-linux-gnueabihf --prefix=/home/tcwg-buildslave/workspace/tcwg-make-release_1/_build/builds/destdir/x86_64-unknown-linux-gnu
Thread model: posix
gcc version 7.5.0 (Linaro GCC 7.5-2019.12) 
configure:2716: $? = 0
configure:2705: arm-linux-gnueabihf-gcc -V >&5
arm-linux-gnueabihf-gcc: error: unrecognized command line option '-V'
arm-linux-gnueabihf-gcc: fatal error: no input files
compilation terminated.
configure:2716: $? = 1
configure:2705: arm-linux-gnueabihf-gcc -qversion >&5
arm-linux-gnueabihf-gcc: error: unrecognized command line option '-qversion'; did you mean '--version'?
arm-linux-gnueabihf-gcc: fatal error: no input files
compilation terminated.
configure:2716: $? = 1
configure:2736: checking for C compiler default output file name
configure:2758: arm-linux-gnueabihf-gcc -O2 -Wno-error -Wno-format-overflow -Wno-format-truncation   -L/mnt/kai/code/termcap-1.3.1 conftest.c  >&5
configure:2762: $? = 0
configure:2799: result: a.out
configure:2815: checking whether the C compiler works
configure:2843: result: yes
configure:2850: checking whether we are cross compiling
configure:2852: result: yes
configure:2855: checking for suffix of executables
configure:2862: arm-linux-gnueabihf-gcc -o conftest -O2 -Wno-error -Wno-format-overflow -Wno-format-truncation   -L/mnt/kai/code/termcap-1.3.1 conftest.c  >&5
configure:2866: $? = 0
configure:2888: result: 
configure:2894: checking for suffix of object files
configure:2916: arm-linux-gnueabihf-gcc -c -O2 -Wno-error -Wno-format-overflow -Wno-format-truncation  conftest.c >&5
configure:2920: $? = 0
configure:2941: result: o
configure:2945: checking whether we are using the GNU C compiler
configure:2964: arm-linux-gnueabihf-gcc -c -O2 -Wno-error -Wno-format-overflow -Wno-format-truncation  conftest.c >&5
configure:2964: $? = 0
configure:2973: result: yes
configure:2982: checking whether arm-linux-gnueabihf-gcc accepts -g
configure:3002: arm-linux-gnueabihf-gcc -c -g  conftest.c >&5
configure:3002: $? = 0
configure:3043: result: yes
configure:3060: checking for arm-linux-gnueabihf-gcc option to accept ISO C89
configure:3124: arm-linux-gnueabihf-gcc  -c -O2 -Wno-error -Wno-format-overflow -Wno-format-truncation  conftest.c >&5
configure:3124: $? = 0
configure:3137: result: none needed
configure:3158: checking for library containing strerror
configure:3189: arm-linux-gnueabihf-gcc -o conftest -O2 -Wno-error -Wno-format-overflow -Wno-format-truncation   -L/mnt/kai/code/termcap-1.3.1 conftest.c  >&5
configure:3189: $? = 0
configure:3206: result: none required
configure:3236: checking for a BSD-compatible install
configure:3304: result: /usr/bin/install -c
configure:3315: checking whether build environment is sane
configure:3365: result: yes
configure:3414: checking for arm-linux-strip
configure:3444: result: no
configure:3454: checking for strip
configure:3470: found /usr/bin/strip
configure:3481: result: strip
configure:3493: WARNING: using cross tools not prefixed with host triplet
configure:3506: checking for a thread-safe mkdir -p
configure:3545: result: /bin/mkdir -p
configure:3558: checking for gawk
configure:3585: result: mawk
configure:3596: checking whether make sets $(MAKE)
configure:3618: result: yes
configure:3648: checking for style of include used by make
configure:3676: result: GNU
configure:3761: checking dependency style of arm-linux-gnueabihf-gcc
configure:3871: result: gcc3
configure:3896: checking for arm-linux-gcc
configure:3923: result: arm-linux-gnueabihf-gcc
configure:4192: checking for C compiler version
configure:4201: arm-linux-gnueabihf-gcc --version >&5
arm-linux-gnueabihf-gcc (Linaro GCC 7.5-2019.12) 7.5.0
Copyright (C) 2017 Free Software Foundation, Inc.
This is free software; see the source for copying conditions.  There is NO
warranty; not even for MERCHANTABILITY or FITNESS FOR A PARTICULAR PURPOSE.

configure:4212: $? = 0
configure:4201: arm-linux-gnueabihf-gcc -v >&5
Using built-in specs.
COLLECT_GCC=arm-linux-gnueabihf-gcc
COLLECT_LTO_WRAPPER=/mnt/kai/code/toolchain/gcc-linaro-7.5.0-2019.12-x86_64_arm-linux-gnueabihf/bin/../libexec/gcc/arm-linux-gnueabihf/7.5.0/lto-wrapper
Target: arm-linux-gnueabihf
Configured with: '/home/tcwg-buildslave/workspace/tcwg-make-release_1/snapshots/gcc.git~linaro-7.5-2019.12/configure' SHELL=/bin/bash --with-mpc=/home/tcwg-buildslave/workspace/tcwg-make-release_1/_build/builds/destdir/x86_64-unknown-linux-gnu --with-mpfr=/home/tcwg-buildslave/workspace/tcwg-make-release_1/_build/builds/destdir/x86_64-unknown-linux-gnu --with-gmp=/home/tcwg-buildslave/workspace/tcwg-make-release_1/_build/builds/destdir/x86_64-unknown-linux-gnu --with-gnu-as --with-gnu-ld --disable-libmudflap --enable-lto --enable-shared --without-included-gettext --enable-nls --with-system-zlib --disable-sjlj-exceptions --enable-gnu-unique-object --enable-linker-build-id --disable-libstdcxx-pch --enable-c99 --enable-clocale=gnu --enable-libstdcxx-debug --enable-long-long --with-cloog=no --with-ppl=no --with-isl=no --disable-multilib --with-float=hard --with-fpu=vfpv3-d16 --with-mode=thumb --with-tune=cortex-a9 --with-arch=armv7-a --enable-threads=posix --enable-multiarch --enable-libstdcxx-time=yes --enable-gnu-indirect-function --with-build-sysroot=/home/tcwg-buildslave/workspace/tcwg-make-release_1/_build/sysroots/arm-linux-gnueabihf --with-sysroot=/home/tcwg-buildslave/workspace/tcwg-make-release_1/_build/builds/destdir/x86_64-unknown-linux-gnu/arm-linux-gnueabihf/libc --enable-checking=release --disable-bootstrap --enable-languages=c,c++,fortran,lto --build=x86_64-unknown-linux-gnu --host=x86_64-unknown-linux-gnu --target=arm-linux-gnueabihf --prefix=/home/tcwg-buildslave/workspace/tcwg-make-release_1/_build/builds/destdir/x86_64-unknown-linux-gnu
Thread model: posix
gcc version 7.5.0 (Linaro GCC 7.5-2019.12) 
configure:4212: $? = 0
configure:4201: arm-linux-gnueabihf-gcc -V >&5
arm-linux-gnueabihf-gcc: error: unrecognized command line option '-V'
arm-linux-gnueabihf-gcc: fatal error: no input files
compilation terminated.
configure:4212: $? = 1
configure:4201: arm-linux-gnueabihf-gcc -qversion >&5
arm-linux-gnueabihf-gcc: error: unrecognized command line option '-qversion'; did you mean '--version'?
arm-linux-gnueabihf-gcc: fatal error: no input files
compilation terminated.
configure:4212: $? = 1
configure:4216: checking whether we are using the GNU C compiler
configure:4244: result: yes
configure:4253: checking whether arm-linux-gnueabihf-gcc accepts -g
configure:4314: result: yes
configure:4331: checking for arm-linux-gnueabihf-gcc option to accept ISO C89
configure:4408: result: none needed
configure:4433: checking how to run the C preprocessor
configure:4464: arm-linux-gnueabihf-gcc -E  conftest.c
configure:4464: $? = 0
configure:4478: arm-linux-gnueabihf-gcc -E  conftest.c
conftest.c:11:10: fatal error: ac_nonexistent.h: No such file or directory
 #include <ac_nonexistent.h>
          ^~~~~~~~~~~~~~~~~~
compilation terminated.
configure:4478: $? = 1
configure: failed program was:
| /* confdefs.h */
| #define PACKAGE_NAME ""
| #define PACKAGE_TARNAME ""
| #define PACKAGE_VERSION ""
| #define PACKAGE_STRING ""
| #define PACKAGE_BUGREPORT ""
| #define PACKAGE_URL ""
| #define PACKAGE "opcodes"
| #define VERSION "2.22.52"
| /* end confdefs.h.  */
| #include <ac_nonexistent.h>
configure:4503: result: arm-linux-gnueabihf-gcc -E
configure:4523: arm-linux-gnueabihf-gcc -E  conftest.c
configure:4523: $? = 0
configure:4537: arm-linux-gnueabihf-gcc -E  conftest.c
conftest.c:11:10: fatal error: ac_nonexistent.h: No such file or directory
 #include <ac_nonexistent.h>
          ^~~~~~~~~~~~~~~~~~
compilation terminated.
configure:4537: $? = 1
configure: failed program was:
| /* confdefs.h */
| #define PACKAGE_NAME ""
| #define PACKAGE_TARNAME ""
| #define PACKAGE_VERSION ""
| #define PACKAGE_STRING ""
| #define PACKAGE_BUGREPORT ""
| #define PACKAGE_URL ""
| #define PACKAGE "opcodes"
| #define VERSION "2.22.52"
| /* end confdefs.h.  */
| #include <ac_nonexistent.h>
configure:4566: checking for grep that handles long lines and -e
configure:4624: result: /bin/grep
configure:4629: checking for egrep
configure:4691: result: /bin/grep -E
configure:4696: checking for ANSI C header files
configure:4716: arm-linux-gnueabihf-gcc -c -O2 -Wno-error -Wno-format-overflow -Wno-format-truncation  conftest.c >&5
configure:4716: $? = 0
configure:4800: result: yes
configure:4813: checking for sys/types.h
configure:4813: arm-linux-gnueabihf-gcc -c -O2 -Wno-error -Wno-format-overflow -Wno-format-truncation  conftest.c >&5
configure:4813: $? = 0
configure:4813: result: yes
configure:4813: checking for sys/stat.h
configure:4813: arm-linux-gnueabihf-gcc -c -O2 -Wno-error -Wno-format-overflow -Wno-format-truncation  conftest.c >&5
configure:4813: $? = 0
configure:4813: result: yes
configure:4813: checking for stdlib.h
configure:4813: arm-linux-gnueabihf-gcc -c -O2 -Wno-error -Wno-format-overflow -Wno-format-truncation  conftest.c >&5
configure:4813: $? = 0
configure:4813: result: yes
configure:4813: checking for string.h
configure:4813: arm-linux-gnueabihf-gcc -c -O2 -Wno-error -Wno-format-overflow -Wno-format-truncation  conftest.c >&5
configure:4813: $? = 0
configure:4813: result: yes
configure:4813: checking for memory.h
configure:4813: arm-linux-gnueabihf-gcc -c -O2 -Wno-error -Wno-format-overflow -Wno-format-truncation  conftest.c >&5
configure:4813: $? = 0
configure:4813: result: yes
configure:4813: checking for strings.h
configure:4813: arm-linux-gnueabihf-gcc -c -O2 -Wno-error -Wno-format-overflow -Wno-format-truncation  conftest.c >&5
configure:4813: $? = 0
configure:4813: result: yes
configure:4813: checking for inttypes.h
configure:4813: arm-linux-gnueabihf-gcc -c -O2 -Wno-error -Wno-format-overflow -Wno-format-truncation  conftest.c >&5
configure:4813: $? = 0
configure:4813: result: yes
configure:4813: checking for stdint.h
configure:4813: arm-linux-gnueabihf-gcc -c -O2 -Wno-error -Wno-format-overflow -Wno-format-truncation  conftest.c >&5
configure:4813: $? = 0
configure:4813: result: yes
configure:4813: checking for unistd.h
configure:4813: arm-linux-gnueabihf-gcc -c -O2 -Wno-error -Wno-format-overflow -Wno-format-truncation  conftest.c >&5
configure:4813: $? = 0
configure:4813: result: yes
configure:4827: checking minix/config.h usability
configure:4827: arm-linux-gnueabihf-gcc -c -O2 -Wno-error -Wno-format-overflow -Wno-format-truncation  conftest.c >&5
conftest.c:54:10: fatal error: minix/config.h: No such file or directory
 #include <minix/config.h>
          ^~~~~~~~~~~~~~~~
compilation terminated.
configure:4827: $? = 1
configure: failed program was:
| /* confdefs.h */
| #define PACKAGE_NAME ""
| #define PACKAGE_TARNAME ""
| #define PACKAGE_VERSION ""
| #define PACKAGE_STRING ""
| #define PACKAGE_BUGREPORT ""
| #define PACKAGE_URL ""
| #define PACKAGE "opcodes"
| #define VERSION "2.22.52"
| #define STDC_HEADERS 1
| #define HAVE_SYS_TYPES_H 1
| #define HAVE_SYS_STAT_H 1
| #define HAVE_STDLIB_H 1
| #define HAVE_STRING_H 1
| #define HAVE_MEMORY_H 1
| #define HAVE_STRINGS_H 1
| #define HAVE_INTTYPES_H 1
| #define HAVE_STDINT_H 1
| #define HAVE_UNISTD_H 1
| /* end confdefs.h.  */
| #include <stdio.h>
| #ifdef HAVE_SYS_TYPES_H
| # include <sys/types.h>
| #endif
| #ifdef HAVE_SYS_STAT_H
| # include <sys/stat.h>
| #endif
| #ifdef STDC_HEADERS
| # include <stdlib.h>
| # include <stddef.h>
| #else
| # ifdef HAVE_STDLIB_H
| #  include <stdlib.h>
| # endif
| #endif
| #ifdef HAVE_STRING_H
| # if !defined STDC_HEADERS && defined HAVE_MEMORY_H
| #  include <memory.h>
| # endif
| # include <string.h>
| #endif
| #ifdef HAVE_STRINGS_H
| # include <strings.h>
| #endif
| #ifdef HAVE_INTTYPES_H
| # include <inttypes.h>
| #endif
| #ifdef HAVE_STDINT_H
| # include <stdint.h>
| #endif
| #ifdef HAVE_UNISTD_H
| # include <unistd.h>
| #endif
| #include <minix/config.h>
configure:4827: result: no
configure:4827: checking minix/config.h presence
configure:4827: arm-linux-gnueabihf-gcc -E  conftest.c
conftest.c:21:10: fatal error: minix/config.h: No such file or directory
 #include <minix/config.h>
          ^~~~~~~~~~~~~~~~
compilation terminated.
configure:4827: $? = 1
configure: failed program was:
| /* confdefs.h */
| #define PACKAGE_NAME ""
| #define PACKAGE_TARNAME ""
| #define PACKAGE_VERSION ""
| #define PACKAGE_STRING ""
| #define PACKAGE_BUGREPORT ""
| #define PACKAGE_URL ""
| #define PACKAGE "opcodes"
| #define VERSION "2.22.52"
| #define STDC_HEADERS 1
| #define HAVE_SYS_TYPES_H 1
| #define HAVE_SYS_STAT_H 1
| #define HAVE_STDLIB_H 1
| #define HAVE_STRING_H 1
| #define HAVE_MEMORY_H 1
| #define HAVE_STRINGS_H 1
| #define HAVE_INTTYPES_H 1
| #define HAVE_STDINT_H 1
| #define HAVE_UNISTD_H 1
| /* end confdefs.h.  */
| #include <minix/config.h>
configure:4827: result: no
configure:4827: checking for minix/config.h
configure:4827: result: no
configure:4848: checking whether it is safe to define __EXTENSIONS__
configure:4866: arm-linux-gnueabihf-gcc -c -O2 -Wno-error -Wno-format-overflow -Wno-format-truncation  conftest.c >&5
configure:4866: $? = 0
configure:4873: result: yes
configure:4893: checking for arm-linux-ar
configure:4920: result: arm-linux-gnueabihf-ar
configure:4985: checking for arm-linux-ranlib
configure:5012: result: true
configure:5153: checking how to print strings
configure:5180: result: printf
configure:5201: checking for a sed that does not truncate output
configure:5265: result: /bin/sed
configure:5283: checking for fgrep
configure:5345: result: /bin/grep -F
configure:5380: checking for ld used by arm-linux-gnueabihf-gcc
configure:5447: result: arm-linux-gnueabihf-ld
configure:5454: checking if the linker (arm-linux-gnueabihf-ld) is GNU ld
configure:5469: result: yes
configure:5481: checking for BSD- or MS-compatible name lister (nm)
configure:5530: result: arm-linux-nm
configure:5660: checking the name lister (arm-linux-nm) interface
configure:5667: arm-linux-gnueabihf-gcc -c -O2 -Wno-error -Wno-format-overflow -Wno-format-truncation  conftest.c >&5
configure:5670: arm-linux-nm "conftest.o"
/mnt/kai/code/gdb-7.5-v1/opcodes/configure: line 5671: arm-linux-nm: command not found
configure:5673: output
configure:5680: result: BSD nm
configure:5683: checking whether ln -s works
configure:5687: result: yes
configure:5695: checking the maximum length of command line arguments
configure:5820: result: 1572864
configure:5837: checking whether the shell understands some XSI constructs
configure:5847: result: yes
configure:5851: checking whether the shell understands "+="
configure:5857: result: yes
configure:5892: checking for arm-linux-gnueabihf-ld option to reload object files
configure:5899: result: -r
configure:5928: checking for arm-linux-objdump
configure:5955: result: arm-linux-objdump
configure:6027: checking how to recognize dependent libraries
configure:6228: result: pass_all
configure:6248: checking for arm-linux-ar
configure:6275: result: arm-linux-gnueabihf-ar
configure:6353: checking for arm-linux-strip
configure:6380: result: strip
configure:6452: checking for arm-linux-ranlib
configure:6479: result: true
configure:6621: checking command to parse arm-linux-nm output from arm-linux-gnueabihf-gcc object
configure:6739: arm-linux-gnueabihf-gcc -c -O2 -Wno-error -Wno-format-overflow -Wno-format-truncation  conftest.c >&5
configure:6742: $? = 0
configure:6746: arm-linux-nm conftest.o \| sed -n -e 's/^.*[ ]\([BCDEGRST][BCDEGRST]*\)[ ][ ]*\([_A-Za-z][_A-Za-z0-9]*\)$/\1 \2 \2/p' \> conftest.nm
/mnt/kai/code/gdb-7.5-v1/opcodes/configure: line 6747: arm-linux-nm: command not found
configure:6749: $? = 0
cannot run sed -n -e 's/^.*[	 ]\([BCDEGRST][BCDEGRST]*\)[	 ][	 ]*\([_A-Za-z][_A-Za-z0-9]*\)$/\1 \2 \2/p'
configure:6739: arm-linux-gnueabihf-gcc -c -O2 -Wno-error -Wno-format-overflow -Wno-format-truncation  conftest.c >&5
configure:6742: $? = 0
configure:6746: arm-linux-nm conftest.o \| sed -n -e 's/^.*[ ]\([BCDEGRST][BCDEGRST]*\)[ ][ ]*_\([_A-Za-z][_A-Za-z0-9]*\)$/\1 _\2 \2/p' \> conftest.nm
/mnt/kai/code/gdb-7.5-v1/opcodes/configure: line 6747: arm-linux-nm: command not found
configure:6749: $? = 0
cannot run sed -n -e 's/^.*[	 ]\([BCDEGRST][BCDEGRST]*\)[	 ][	 ]*_\([_A-Za-z][_A-Za-z0-9]*\)$/\1 _\2 \2/p'
configure:6841: result: failed
configure:7679: checking for dlfcn.h
configure:7679: arm-linux-gnueabihf-gcc -c -O2 -Wno-error -Wno-format-overflow -Wno-format-truncation  conftest.c >&5
configure:7679: $? = 0
configure:7679: result: yes
configure:7836: checking for objdir
configure:7851: result: .libs
configure:8122: checking if arm-linux-gnueabihf-gcc supports -fno-rtti -fno-exceptions
configure:8140: arm-linux-gnueabihf-gcc -c -O2 -Wno-error -Wno-format-overflow -Wno-format-truncation  -fno-rtti -fno-exceptions conftest.c >&5
cc1: warning: command line option '-fno-rtti' is valid for C++/ObjC++ but not for C
configure:8144: $? = 0
configure:8157: result: no
configure:8177: checking for arm-linux-gnueabihf-gcc option to produce PIC
configure:8462: result: -fPIC -DPIC
configure:8474: checking if arm-linux-gnueabihf-gcc PIC flag -fPIC -DPIC works
configure:8492: arm-linux-gnueabihf-gcc -c -O2 -Wno-error -Wno-format-overflow -Wno-format-truncation  -fPIC -DPIC -DPIC conftest.c >&5
configure:8496: $? = 0
configure:8509: result: yes
configure:8533: checking if arm-linux-gnueabihf-gcc static flag -static works
configure:8561: result: yes
configure:8576: checking if arm-linux-gnueabihf-gcc supports -c -o file.o
configure:8597: arm-linux-gnueabihf-gcc -c -O2 -Wno-error -Wno-format-overflow -Wno-format-truncation  -o out/conftest2.o conftest.c >&5
configure:8601: $? = 0
configure:8623: result: yes
configure:8631: checking if arm-linux-gnueabihf-gcc supports -c -o file.o
configure:8678: result: yes
configure:8711: checking whether the arm-linux-gnueabihf-gcc linker (arm-linux-gnueabihf-ld) supports shared libraries
configure:9782: result: yes
configure:10027: checking dynamic linker characteristics
configure:10478: arm-linux-gnueabihf-gcc -o conftest -O2 -Wno-error -Wno-format-overflow -Wno-format-truncation   -L/mnt/kai/code/termcap-1.3.1 -Wl,-rpath -Wl,/foo conftest.c  >&5
configure:10478: $? = 0
configure:10700: result: GNU/Linux ld.so
configure:10807: checking how to hardcode library paths into programs
configure:10832: result: immediate
configure:11372: checking whether stripping libraries is possible
configure:11377: result: yes
configure:11412: checking if libtool supports shared libraries
configure:11414: result: yes
configure:11417: checking whether to build shared libraries
configure:11438: result: no
configure:11441: checking whether to build static libraries
configure:11445: result: yes
configure:11576: checking whether to enable maintainer-specific portions of Makefiles
configure:11585: result: no
configure:11613: checking whether to install libbfd
configure:11626: result: yes
configure:11672: checking whether NLS is requested
configure:11678: result: yes
configure:11684: checking for catalogs to be installed
configure:11716: result:  da de es fi fr ga id it nl pt_BR ro sv tr vi zh_CN da de es fi fr ga id it nl pt_BR ro sv tr vi zh_CN
configure:11743: checking whether NLS is requested
configure:11752: result: yes
configure:11790: checking for msgfmt
configure:11824: result: no
configure:11830: checking for gmsgfmt
configure:11861: result: :
configure:11901: checking for xgettext
configure:11935: result: no
configure:11972: checking for msgmerge
configure:12005: result: no
configure:12053: checking for build system executable suffix
configure:12071: result: no
configure:12084: checking for string.h
configure:12084: result: yes
configure:12084: checking for strings.h
configure:12084: result: yes
configure:12084: checking for stdlib.h
configure:12084: result: yes
configure:12084: checking limits.h usability
configure:12084: arm-linux-gnueabihf-gcc -c -O2 -Wno-error -Wno-format-overflow -Wno-format-truncation  conftest.c >&5
configure:12084: $? = 0
configure:12084: result: yes
configure:12084: checking limits.h presence
configure:12084: arm-linux-gnueabihf-gcc -E  conftest.c
configure:12084: $? = 0
configure:12084: result: yes
configure:12084: checking for limits.h
configure:12084: result: yes
configure:12095: checking whether string.h and strings.h may both be included
configure:12112: arm-linux-gnueabihf-gcc -c -O2 -Wno-error -Wno-format-overflow -Wno-format-truncation  conftest.c >&5
configure:12112: $? = 0
configure:12119: result: yes
configure:12128: checking whether basename is declared
configure:12128: arm-linux-gnueabihf-gcc -c -O2 -Wno-error -Wno-format-overflow -Wno-format-truncation  conftest.c >&5
configure:12128: $? = 0
configure:12128: result: yes
configure:12138: checking whether stpcpy is declared
configure:12138: arm-linux-gnueabihf-gcc -c -O2 -Wno-error -Wno-format-overflow -Wno-format-truncation  conftest.c >&5
configure:12138: $? = 0
configure:12138: result: yes
configure:12180: checking linker --as-needed support
configure:12191: result: yes
configure:12282: checking for cos in -lm
configure:12307: arm-linux-gnueabihf-gcc -o conftest -O2 -Wno-error -Wno-format-overflow -Wno-format-truncation   -L/mnt/kai/code/termcap-1.3.1 conftest.c -lm   >&5
conftest.c:43:6: warning: conflicting types for built-in function 'cos' [-Wbuiltin-declaration-mismatch]
 char cos ();
      ^~~
configure:12307: $? = 0
configure:12316: result: yes
configure:12645: updating cache ./config.cache
configure:12710: creating ./config.status

## ---------------------- ##
## Running config.status. ##
## ---------------------- ##

This file was extended by config.status, which was
generated by GNU Autoconf 2.64.  Invocation command line was

  CONFIG_FILES    = 
  CONFIG_HEADERS  = 
  CONFIG_LINKS    = 
  CONFIG_COMMANDS = 
  $ ./config.status 

on 994a0913a80d

config.status:1128: creating Makefile
config.status:1128: creating po/Makefile.in
config.status:1128: creating config.h
config.status:1300: config.h is unchanged
config.status:1348: executing depfiles commands
config.status:1348: executing libtool commands
config.status:1348: executing default-1 commands

## ---------------- ##
## Cache variables. ##
## ---------------- ##

ac_cv_build=x86_64-unknown-linux-gnu
ac_cv_c_compiler_gnu=yes
ac_cv_env_CC_set=set
ac_cv_env_CC_value=arm-linux-gnueabihf-gcc
ac_cv_env_CFLAGS_set=set
ac_cv_env_CFLAGS_value='-O2 -Wno-error -Wno-format-overflow -Wno-format-truncation'
ac_cv_env_CPPFLAGS_set=
ac_cv_env_CPPFLAGS_value=
ac_cv_env_CPP_set=
ac_cv_env_CPP_value=
ac_cv_env_LDFLAGS_set=set
ac_cv_env_LDFLAGS_value=' -L/mnt/kai/code/termcap-1.3.1'
ac_cv_env_LIBS_set=
ac_cv_env_LIBS_value=
ac_cv_env_build_alias_set=set
ac_cv_env_build_alias_value=x86_64-unknown-linux-gnu
ac_cv_env_host_alias_set=set
ac_cv_env_host_alias_value=arm-linux
ac_cv_env_target_alias_set=set
ac_cv_env_target_alias_value=arm-linux
ac_cv_have_decl_basename=yes
ac_cv_have_decl_stpcpy=yes
ac_cv_header_dlfcn_h=yes
ac_cv_header_inttypes_h=yes
ac_cv_header_limits_h=yes
ac_cv_header_memory_h=yes
ac_cv_header_minix_config_h=no
ac_cv_header_stdc=yes
ac_cv_header_stdint_h=yes
ac_cv_header_stdlib_h=yes
ac_cv_header_string_h=yes
ac_cv_header_strings_h=yes
ac_cv_header_sys_stat_h=yes
ac_cv_header_sys_types_h=yes
ac_cv_header_unistd_h=yes
ac_cv_host=arm-unknown-linux-gnu
ac_cv_lib_m_cos=yes
ac_cv_objext=o
ac_cv_path_EGREP='/bin/grep -E'
ac_cv_path_FGREP='/bin/grep -F'
ac_cv_path_GMSGFMT=:
ac_cv_path_GREP=/bin/grep
ac_cv_path_MSGFMT=:
ac_cv_path_MSGMERGE=:
ac_cv_path_SED=/bin/sed
ac_cv_path_XGETTEXT=:
ac_cv_path_mkdir=/bin/mkdir
ac_cv_prog_AR=arm-linux-gnueabihf-ar
ac_cv_prog_AWK=mawk
ac_cv_prog_CC=arm-linux-gnueabihf-gcc
ac_cv_prog_CPP='arm-linux-gnueabihf-gcc -E'
ac_cv_prog_OBJDUMP=arm-linux-objdump
ac_cv_prog_RANLIB=true
ac_cv_prog_STRIP=strip
ac_cv_prog_ac_ct_STRIP=strip
ac_cv_prog_cc_c89=
ac_cv_prog_cc_g=yes
ac_cv_prog_make_make_set=yes
ac_cv_safe_to_define___extensions__=yes
ac_cv_search_strerror='none required'
ac_cv_target=arm-unknown-linux-gnu
am_cv_CC_dependencies_compiler_type=gcc3
bfd_cv_build_exeext=no
bfd_cv_ld_as_needed=yes
gcc_cv_header_string=yes
lt_cv_deplibs_check_method=pass_all
lt_cv_file_magic_cmd='$MAGIC_CMD'
lt_cv_file_magic_test_file=
lt_cv_ld_reload_flag=-r
lt_cv_nm_interface='BSD nm'
lt_cv_objdir=.libs
lt_cv_path_LD=arm-linux-gnueabihf-ld
lt_cv_path_NM=arm-linux-nm
lt_cv_prog_compiler_c_o=yes
lt_cv_prog_compiler_pic_works=yes
lt_cv_prog_compiler_rtti_exceptions=no
lt_cv_prog_compiler_static_works=yes
lt_cv_prog_gnu_ld=yes
lt_cv_shlibpath_overrides_runpath=no
lt_cv_sys_global_symbol_pipe=
lt_cv_sys_global_symbol_to_c_name_address='sed -n -e '\''s/^: \([^ ]*\) $/  {\"\1\", (void *) 0},/p'\'' -e '\''s/^[BCDEGRST]* \([^ ]*\) \([^ ]*\)$/  {"\2", (void *) \&\2},/p'\'''
lt_cv_sys_global_symbol_to_c_name_address_lib_prefix='sed -n -e '\''s/^: \([^ ]*\) $/  {\"\1\", (void *) 0},/p'\'' -e '\''s/^[BCDEGRST]* \([^ ]*\) \(lib[^ ]*\)$/  {"\2", (void *) \&\2},/p'\'' -e '\''s/^[BCDEGRST]* \([^ ]*\) \([^ ]*\)$/  {"lib\2", (void *) \&\2},/p'\'''
lt_cv_sys_global_symbol_to_cdecl=
lt_cv_sys_max_cmd_len=1572864

## ----------------- ##
## Output variables. ##
## ----------------- ##

ACLOCAL='${SHELL} /mnt/kai/code/gdb-7.5-v1/missing --run aclocal-1.11'
AMDEPBACKSLASH='\'
AMDEP_FALSE='#'
AMDEP_TRUE=''
AMTAR='${SHELL} /mnt/kai/code/gdb-7.5-v1/missing --run tar'
AR='arm-linux-gnueabihf-ar'
AUTOCONF='${SHELL} /mnt/kai/code/gdb-7.5-v1/missing --run autoconf'
AUTOHEADER='${SHELL} /mnt/kai/code/gdb-7.5-v1/missing --run autoheader'
AUTOMAKE='${SHELL} /mnt/kai/code/gdb-7.5-v1/missing --run automake-1.11'
AWK='mawk'
BFD_MACHINES=' arm-dis.lo'
BUILD_LIBS='-liberty '
BUILD_LIB_DEPS=' '
CATALOGS=' da.gmo de.gmo es.gmo fi.gmo fr.gmo ga.gmo id.gmo it.gmo nl.gmo pt_BR.gmo ro.gmo sv.gmo tr.gmo vi.gmo zh_CN.gmo da.gmo de.gmo es.gmo fi.gmo fr.gmo ga.gmo id.gmo it.gmo nl.gmo pt_BR.gmo ro.gmo sv.gmo tr.gmo vi.gmo zh_CN.gmo'
CATOBJEXT='.gmo'
CC='arm-linux-gnueabihf-gcc'
CCDEPMODE='depmode=gcc3'
CC_FOR_BUILD='gcc'
CFLAGS='-O2 -Wno-error -Wno-format-overflow -Wno-format-truncation'
CGEN_MAINT_FALSE=''
CGEN_MAINT_TRUE='#'
CPP='arm-linux-gnueabihf-gcc -E'
CPPFLAGS=''
CYGPATH_W='echo'
DATADIRNAME='share'
DEFS='-DHAVE_CONFIG_H'
DEPDIR='.deps'
DSYMUTIL=''
DUMPBIN=''
ECHO_C=''
ECHO_N='-n'
ECHO_T=''
EGREP='/bin/grep -E'
EXEEXT=''
EXEEXT_FOR_BUILD=''
FGREP='/bin/grep -F'
GENCAT='gencat'
GMSGFMT=':'
GREP='/bin/grep'
HDEFINES=''
INCINTL=''
INSTALL_DATA='/usr/bin/install -c -m 644'
INSTALL_LIBBFD_FALSE='#'
INSTALL_LIBBFD_TRUE=''
INSTALL_PROGRAM='/usr/bin/install -c'
INSTALL_SCRIPT='/usr/bin/install -c'
INSTALL_STRIP_PROGRAM='$(install_sh) -c -s'
INSTOBJEXT='.mo'
LD='arm-linux-gnueabihf-ld'
LDFLAGS=' -L/mnt/kai/code/termcap-1.3.1'
LIBINTL=''
LIBINTL_DEP=''
LIBM='-lm'
LIBOBJS=''
LIBS=''
LIBTOOL='$(SHELL) $(top_builddir)/libtool'
LIPO=''
LN_S='ln -s'
LTLIBOBJS=''
MAINT='#'
MAINTAINER_MODE_FALSE=''
MAINTAINER_MODE_TRUE='#'
MAKEINFO='/mnt/kai/code/gdb-7.5-v1/missing makeinfo --split-size=5000000'
MKDIR_P='/bin/mkdir -p'
MKINSTALLDIRS='$(top_builddir)/./../mkinstalldirs'
MSGFMT=':'
MSGMERGE=':'
NM='arm-linux-nm'
NMEDIT=''
NO_WERROR='-Wno-error'
OBJDUMP='arm-linux-objdump'
OBJEXT='o'
OTOOL64=''
OTOOL=''
PACKAGE='opcodes'
PACKAGE_BUGREPORT=''
PACKAGE_NAME=''
PACKAGE_STRING=''
PACKAGE_TARNAME=''
PACKAGE_URL=''
PACKAGE_VERSION=''
PATH_SEPARATOR=':'
POSUB='po'
RANLIB='true'
SED='/bin/sed'
SET_MAKE=''
SHARED_DEPENDENCIES=''
SHARED_LDFLAGS=''
SHARED_LIBADD=''
SHELL='/bin/bash'
STRIP='strip'
USE_NLS='yes'
VERSION='2.22.52'
WARN_CFLAGS='-W -Wall -Wstrict-prototypes -Wmissing-prototypes -Wshadow -Werror'
XGETTEXT=':'
ac_ct_CC=''
ac_ct_DUMPBIN=''
am__EXEEXT_FALSE=''
am__EXEEXT_TRUE='#'
am__fastdepCC_FALSE='#'
am__fastdepCC_TRUE=''
am__include='include'
am__isrc=''
am__leading_dot='.'
am__quote=''
am__tar='${AMTAR} chof - "$$tardir"'
am__untar='${AMTAR} xf -'
archdefs=' -DARCH_arm'
bfdincludedir='$(includedir)'
bfdlibdir='$(libdir)'
bindir='${exec_prefix}/bin'
build='x86_64-unknown-linux-gnu'
build_alias='x86_64-unknown-linux-gnu'
build_cpu='x86_64'
build_os='linux-gnu'
build_vendor='unknown'
cgendir='$(srcdir)/../cgen'
datadir='${datarootdir}'
datarootdir='${prefix}/share'
docdir='${datarootdir}/doc/${PACKAGE}'
dvidir='${docdir}'
exec_prefix='${prefix}'
host='arm-unknown-linux-gnu'
host_alias='arm-linux'
host_cpu='arm'
host_noncanonical='arm-linux'
host_os='linux-gnu'
host_vendor='unknown'
htmldir='${docdir}'
includedir='${prefix}/include'
infodir='${datarootdir}/info'
install_sh='${SHELL} /mnt/kai/code/gdb-7.5-v1/install-sh'
libdir='${exec_prefix}/lib'
libexecdir='${exec_prefix}/libexec'
localedir='${datarootdir}/locale'
localstatedir='${prefix}/var'
mandir='${datarootdir}/man'
mkdir_p='/bin/mkdir -p'
oldincludedir='/usr/include'
pdfdir='${docdir}'
prefix='/mnt/kai/code/gdb-7.5-v1/build'
program_transform_name='s,y,y,'
psdir='${docdir}'
sbindir='${exec_prefix}/sbin'
sharedstatedir='${prefix}/com'
sysconfdir='${prefix}/etc'
target='arm-unknown-linux-gnu'
target_alias='arm-linux'
target_cpu='arm'
target_noncanonical='arm-linux'
target_os='linux-gnu'
target_vendor='unknown'

## ----------- ##
## confdefs.h. ##
## ----------- ##

/* confdefs.h */
#define PACKAGE_NAME ""
#define PACKAGE_TARNAME ""
#define PACKAGE_VERSION ""
#define PACKAGE_STRING ""
#define PACKAGE_BUGREPORT ""
#define PACKAGE_URL ""
#define PACKAGE "opcodes"
#define VERSION "2.22.52"
#define STDC_HEADERS 1
#define HAVE_SYS_TYPES_H 1
#define HAVE_SYS_STAT_H 1
#define HAVE_STDLIB_H 1
#define HAVE_STRING_H 1
#define HAVE_MEMORY_H 1
#define HAVE_STRINGS_H 1
#define HAVE_INTTYPES_H 1
#define HAVE_STDINT_H 1
#define HAVE_UNISTD_H 1
#define __EXTENSIONS__ 1
#define _ALL_SOURCE 1
#define _GNU_SOURCE 1
#define _POSIX_PTHREAD_SEMANTICS 1
#define _TANDEM_SOURCE 1
#define HAVE_DLFCN_H 1
#define LT_OBJDIR ".libs/"
#define ENABLE_NLS 1
#define HAVE_STRING_H 1
#define HAVE_STRINGS_H 1
#define HAVE_STDLIB_H 1
#define HAVE_LIMITS_H 1
#define STRING_WITH_STRINGS 1
#define HAVE_DECL_BASENAME 1
#define HAVE_DECL_STPCPY 1

configure: exit 0
